<?xml version="1.0" encoding="UTF-8"?><testng-results ignored="0" total="258" passed="29" failed="20" skipped="209">
  <reporter-output>
    <line>
      Part 2 SWE Common JSON condition classes are declared for Datastream, ControlStream, and CRD.
    </line>
    <line>
      Part 2 SWE Common Text condition classes are declared for Datastream, ControlStream, and CRD.
    </line>
    <line>
      Part 2 SWE Common Binary condition classes are declared for Datastream, ControlStream, and CRD.
    </line>
    <line>
      IUT declares /conf/json; runtime binding checks still require parent schema and child JSON body evidence.
    </line>
    <line>
      REQ-ETS-PART2-013 first increment is read-only: it uses GET-only live evidence and does not seed DataStream, Observation, ControlStream, or Command fixtures.
    </line>
    <line>
      [WARNING] http://www.opengis.net/spec/ogcapi-connectedsystems-1/1.0/rec/api-common/resource-uids-types - systems/040g UID 'urn:ets:local-osh:system:alpha' is valid but is not a UUID URN or a URN in the bundled IANA registered-namespace snapshot.
    </line>
    <line>
      [WARNING] http://www.opengis.net/spec/ogcapi-connectedsystems-1/1.0/rec/api-common/resource-uids-types - deployments/040g UID 'urn:ets:local-osh:deployment:alpha' is valid but is not a UUID URN or a URN in the bundled IANA registered-namespace snapshot.
    </line>
    <line>
      [WARNING] http://www.opengis.net/spec/ogcapi-connectedsystems-1/1.0/rec/api-common/resource-uids-types - procedures/040g UID 'urn:ets:local-osh:procedure:alpha' is valid but is not a UUID URN or a URN in the bundled IANA registered-namespace snapshot.
    </line>
    <line>
      [WARNING] http://www.opengis.net/spec/ogcapi-connectedsystems-1/1.0/rec/api-common/resource-uids-types - samplingFeatures/040g UID 'urn:ets:local-osh:sampling-feature:alpha' is valid but is not a UUID URN or a URN in the bundled IANA registered-namespace snapshot.
    </line>
    <line>
      http://www.opengis.net/spec/ogcapi-connectedsystems-1/1.0/req/api-common/datetime - no advertised collection exposes both a usable temporal extent and a supported JSON items media type; no positive datetime-filter evidence is available. Procedure direct procedures will execute, but inherited conformance remains incomplete.
    </line>
    <line>
      http://www.opengis.net/spec/ogcapi-connectedsystems-1/1.0/req/procedure/canonical-endpoint - http://field-hub-osh-1:8081/sensorhub/api/procedures returned unsupported media type 'application/json'; representation parsing skipped.
    </line>
    <line>
      http://www.opengis.net/spec/ogcapi-connectedsystems-1/1.0/req/procedure/location - http://field-hub-osh-1:8081/sensorhub/api/procedures returned unsupported media type 'application/json'; representation parsing skipped.
    </line>
    <line>
      http://www.opengis.net/spec/ogcapi-connectedsystems-1/1.0/req/procedure/resources-endpoint - http://field-hub-osh-1:8081/sensorhub/api/procedures returned unsupported media type 'application/json'; representation parsing skipped.
    </line>
    <line>
      http://www.opengis.net/spec/ogcapi-connectedsystems-1/1.0/req/api-common/datetime - no advertised collection exposes both a usable temporal extent and a supported JSON items media type; no positive datetime-filter evidence is available. Deployment direct procedures will execute, but inherited conformance remains incomplete.
    </line>
    <line>
      http://www.opengis.net/spec/ogcapi-connectedsystems-1/1.0/req/deployment/canonical-endpoint - http://field-hub-osh-1:8081/sensorhub/api/deployments returned unsupported media type 'application/json'; representation parsing skipped.
    </line>
    <line>
      http://www.opengis.net/spec/ogcapi-connectedsystems-1/1.0/req/deployment/resources-endpoint - http://field-hub-osh-1:8081/sensorhub/api/deployments returned unsupported media type 'application/json'; representation parsing skipped.
    </line>
    <line>
      http://www.opengis.net/spec/ogcapi-connectedsystems-1/1.0/req/api-common/datetime - no advertised collection exposes both a usable temporal extent and a supported JSON items media type; no positive datetime-filter evidence is available. Property Definitions direct procedures will execute, but inherited conformance remains incomplete.
    </line>
    <line>
      http://www.opengis.net/spec/ogcapi-connectedsystems-1/1.0/req/property/canonical-endpoint - http://field-hub-osh-1:8081/sensorhub/api/properties returned unsupported media type 'application/json'; representation parsing skipped.
    </line>
    <line>
      http://www.opengis.net/spec/ogcapi-connectedsystems-1/1.0/req/property/resources-endpoint - http://field-hub-osh-1:8081/sensorhub/api/properties returned unsupported media type 'application/json'; representation parsing skipped.
    </line>
    <line>
      http://www.opengis.net/spec/ogcapi-connectedsystems-1/1.0/req/api-common/datetime - no advertised collection exposes both a usable temporal extent and a supported JSON items media type; no positive datetime-filter evidence is available. GeoJSON direct procedures will execute, but inherited conformance remains incomplete.
    </line>
    <line>
      http://www.opengis.net/spec/ogcapi-connectedsystems-1/1.0/req/geojson/feature-attribute-mapping - http://field-hub-osh-1:8081/sensorhub/api/systems returned unsupported media type 'application/json'; representation parsing skipped.
    </line>
    <line>
      http://www.opengis.net/spec/ogcapi-connectedsystems-1/1.0/req/geojson/feature-attribute-mapping - http://field-hub-osh-1:8081/sensorhub/api/deployments returned unsupported media type 'application/json'; representation parsing skipped.
    </line>
    <line>
      http://www.opengis.net/spec/ogcapi-connectedsystems-1/1.0/req/geojson/feature-attribute-mapping - http://field-hub-osh-1:8081/sensorhub/api/procedures returned unsupported media type 'application/json'; representation parsing skipped.
    </line>
    <line>
      http://www.opengis.net/spec/ogcapi-connectedsystems-1/1.0/req/geojson/feature-attribute-mapping - http://field-hub-osh-1:8081/sensorhub/api/samplingFeatures returned unsupported media type 'application/json'; representation parsing skipped.
    </line>
    <line>
      http://www.opengis.net/spec/ogcapi-connectedsystems-1/1.0/req/geojson/deployment-mappings - http://field-hub-osh-1:8081/sensorhub/api/deployments returned unsupported media type 'application/json'; representation parsing skipped.
    </line>
    <line>
      http://www.opengis.net/spec/ogcapi-connectedsystems-1/1.0/req/geojson/deployment-schema - http://field-hub-osh-1:8081/sensorhub/api/deployments returned unsupported media type 'application/json'; representation parsing skipped.
    </line>
    <line>
      http://www.opengis.net/spec/ogcapi-connectedsystems-1/1.0/req/geojson/relation-types - http://field-hub-osh-1:8081/sensorhub/api/systems returned unsupported media type 'application/json'; representation parsing skipped.
    </line>
    <line>
      http://www.opengis.net/spec/ogcapi-connectedsystems-1/1.0/req/geojson/relation-types - http://field-hub-osh-1:8081/sensorhub/api/deployments returned unsupported media type 'application/json'; representation parsing skipped.
    </line>
    <line>
      http://www.opengis.net/spec/ogcapi-connectedsystems-1/1.0/req/geojson/relation-types - http://field-hub-osh-1:8081/sensorhub/api/procedures returned unsupported media type 'application/json'; representation parsing skipped.
    </line>
    <line>
      http://www.opengis.net/spec/ogcapi-connectedsystems-1/1.0/req/geojson/relation-types - http://field-hub-osh-1:8081/sensorhub/api/samplingFeatures returned unsupported media type 'application/json'; representation parsing skipped.
    </line>
    <line>
      http://www.opengis.net/spec/ogcapi-connectedsystems-1/1.0/req/geojson/procedure-mappings - http://field-hub-osh-1:8081/sensorhub/api/procedures returned unsupported media type 'application/json'; representation parsing skipped.
    </line>
    <line>
      http://www.opengis.net/spec/ogcapi-connectedsystems-1/1.0/req/geojson/procedure-schema - http://field-hub-osh-1:8081/sensorhub/api/procedures returned unsupported media type 'application/json'; representation parsing skipped.
    </line>
    <line>
      http://www.opengis.net/spec/ogcapi-connectedsystems-1/1.0/req/geojson/sf-mappings - http://field-hub-osh-1:8081/sensorhub/api/samplingFeatures returned unsupported media type 'application/json'; representation parsing skipped.
    </line>
    <line>
      http://www.opengis.net/spec/ogcapi-connectedsystems-1/1.0/req/geojson/sf-schema - http://field-hub-osh-1:8081/sensorhub/api/samplingFeatures returned unsupported media type 'application/json'; representation parsing skipped.
    </line>
    <line>
      http://www.opengis.net/spec/ogcapi-connectedsystems-1/1.0/req/geojson/system-mappings - http://field-hub-osh-1:8081/sensorhub/api/systems returned unsupported media type 'application/json'; representation parsing skipped.
    </line>
    <line>
      http://www.opengis.net/spec/ogcapi-connectedsystems-1/1.0/req/geojson/system-schema - http://field-hub-osh-1:8081/sensorhub/api/systems returned unsupported media type 'application/json'; representation parsing skipped.
    </line>
    <line>
      http://www.opengis.net/spec/ogcapi-connectedsystems-1/1.0/req/api-common/datetime - no advertised collection exposes both a usable temporal extent and a supported JSON items media type; no positive datetime-filter evidence is available. SensorML direct procedures will execute, but inherited conformance remains incomplete.
    </line>
    <line>
      http://www.opengis.net/spec/ogcapi-connectedsystems-1/1.0/req/sensorml/deployment-mappings - http://field-hub-osh-1:8081/sensorhub/api/deployments returned unsupported media type 'application/json'; representation parsing skipped.
    </line>
    <line>
      http://www.opengis.net/spec/ogcapi-connectedsystems-1/1.0/req/sensorml/deployment-schema - http://field-hub-osh-1:8081/sensorhub/api/deployments returned unsupported media type 'application/json'; representation parsing skipped.
    </line>
    <line>
      http://www.opengis.net/spec/ogcapi-connectedsystems-1/1.0/req/sensorml/procedure-sml-class - http://field-hub-osh-1:8081/sensorhub/api/procedures returned unsupported media type 'application/json'; representation parsing skipped.
    </line>
    <line>
      http://www.opengis.net/spec/ogcapi-connectedsystems-1/1.0/req/sensorml/procedure-mappings - http://field-hub-osh-1:8081/sensorhub/api/procedures returned unsupported media type 'application/json'; representation parsing skipped.
    </line>
    <line>
      http://www.opengis.net/spec/ogcapi-connectedsystems-1/1.0/req/sensorml/procedure-schema - http://field-hub-osh-1:8081/sensorhub/api/procedures returned unsupported media type 'application/json'; representation parsing skipped.
    </line>
    <line>
      http://www.opengis.net/spec/ogcapi-connectedsystems-1/1.0/req/sensorml/property-mappings - http://field-hub-osh-1:8081/sensorhub/api/properties returned unsupported media type 'application/json'; representation parsing skipped.
    </line>
    <line>
      http://www.opengis.net/spec/ogcapi-connectedsystems-1/1.0/req/sensorml/property-schema - http://field-hub-osh-1:8081/sensorhub/api/properties returned unsupported media type 'application/json'; representation parsing skipped.
    </line>
    <line>
      http://www.opengis.net/spec/ogcapi-connectedsystems-1/1.0/req/sensorml/relation-types - http://field-hub-osh-1:8081/sensorhub/api/systems returned unsupported media type 'application/json'; representation parsing skipped.
    </line>
    <line>
      http://www.opengis.net/spec/ogcapi-connectedsystems-1/1.0/req/sensorml/feature-attribute-mapping - http://field-hub-osh-1:8081/sensorhub/api/systems returned unsupported media type 'application/json'; representation parsing skipped.
    </line>
    <line>
      http://www.opengis.net/spec/ogcapi-connectedsystems-1/1.0/req/sensorml/resource-id - http://field-hub-osh-1:8081/sensorhub/api/systems returned unsupported media type 'application/json'; representation parsing skipped.
    </line>
    <line>
      http://www.opengis.net/spec/ogcapi-connectedsystems-1/1.0/req/sensorml/system-sml-class - http://field-hub-osh-1:8081/sensorhub/api/systems returned unsupported media type 'application/json'; representation parsing skipped.
    </line>
    <line>
      http://www.opengis.net/spec/ogcapi-connectedsystems-1/1.0/req/sensorml/system-mappings - http://field-hub-osh-1:8081/sensorhub/api/systems returned unsupported media type 'application/json'; representation parsing skipped.
    </line>
    <line>
      http://www.opengis.net/spec/ogcapi-connectedsystems-1/1.0/req/sensorml/system-schema - http://field-hub-osh-1:8081/sensorhub/api/systems returned unsupported media type 'application/json'; representation parsing skipped.
    </line>
    <line>
      http://www.opengis.net/spec/ogcapi-connectedsystems-1/1.0/req/api-common/datetime - no advertised collection exposes both a usable temporal extent and a supported JSON items media type; no positive datetime-filter evidence is available. Advanced Filtering direct procedures will execute, but inherited conformance remains incomplete.
    </line>
    <line>
      http://www.opengis.net/spec/ogcapi-connectedsystems-1/1.0/req/api-common/datetime - no advertised collection exposes both a usable temporal extent and a supported JSON items media type; no positive datetime-filter evidence is available. Part 2 API Common direct procedures will execute, but inherited conformance remains incomplete.
    </line>
  </reporter-output>
  <suite started-at="2026-08-01T10:02:33 UTC" name="ogcapi-connectedsystems10-0.1-SNAPSHOT" finished-at="2026-08-01T10:03:31 UTC" duration-ms="57967">
    <groups>
      <group name="part2swecommonbinary">
        <method signature="Part2SweCommonBinaryTests.commandSchemaSweBinaryValidWhenControlStreamCandidateAvailable()[pri:0, instance:org.opengis.cite.ogcapiconnectedsystems10.conformance.part2.swecommonbinary.Part2SweCommonBinaryTests@36811780]" name="commandSchemaSweBinaryValidWhenControlStreamCandidateAvailable" class="org.opengis.cite.ogcapiconnectedsystems10.conformance.part2.swecommonbinary.Part2SweCommonBinaryTests"/>
        <method signature="Part2SweCommonBinaryTests.commandSchemaSweMappingRequiresIssueTimeEvidenceWhenPresent()[pri:0, instance:org.opengis.cite.ogcapiconnectedsystems10.conformance.part2.swecommonbinary.Part2SweCommonBinaryTests@36811780]" name="commandSchemaSweMappingRequiresIssueTimeEvidenceWhenPresent" class="org.opengis.cite.ogcapiconnectedsystems10.conformance.part2.swecommonbinary.Part2SweCommonBinaryTests"/>
        <method signature="Part2SweCommonBinaryTests.commandSweBinaryEncodingRequiresParentSchemaAndCandidateEvidence()[pri:0, instance:org.opengis.cite.ogcapiconnectedsystems10.conformance.part2.swecommonbinary.Part2SweCommonBinaryTests@36811780]" name="commandSweBinaryEncodingRequiresParentSchemaAndCandidateEvidence" class="org.opengis.cite.ogcapiconnectedsystems10.conformance.part2.swecommonbinary.Part2SweCommonBinaryTests"/>
        <method signature="Part2SweCommonBinaryTests.observationSchemaSweBinaryValidWhenDatastreamCandidateAvailable()[pri:0, instance:org.opengis.cite.ogcapiconnectedsystems10.conformance.part2.swecommonbinary.Part2SweCommonBinaryTests@36811780]" name="observationSchemaSweBinaryValidWhenDatastreamCandidateAvailable" class="org.opengis.cite.ogcapiconnectedsystems10.conformance.part2.swecommonbinary.Part2SweCommonBinaryTests"/>
        <method signature="Part2SweCommonBinaryTests.observationSchemaSweMappingRequiresTimeComponentEvidence()[pri:0, instance:org.opengis.cite.ogcapiconnectedsystems10.conformance.part2.swecommonbinary.Part2SweCommonBinaryTests@36811780]" name="observationSchemaSweMappingRequiresTimeComponentEvidence" class="org.opengis.cite.ogcapiconnectedsystems10.conformance.part2.swecommonbinary.Part2SweCommonBinaryTests"/>
        <method signature="Part2SweCommonBinaryTests.observationSweBinaryEncodingRequiresParentSchemaAndCandidateEvidence()[pri:0, instance:org.opengis.cite.ogcapiconnectedsystems10.conformance.part2.swecommonbinary.Part2SweCommonBinaryTests@36811780]" name="observationSweBinaryEncodingRequiresParentSchemaAndCandidateEvidence" class="org.opengis.cite.ogcapiconnectedsystems10.conformance.part2.swecommonbinary.Part2SweCommonBinaryTests"/>
        <method signature="Part2SweCommonBinaryTests.part2SweCommonBinaryConformanceDeclared()[pri:0, instance:org.opengis.cite.ogcapiconnectedsystems10.conformance.part2.swecommonbinary.Part2SweCommonBinaryTests@36811780]" name="part2SweCommonBinaryConformanceDeclared" class="org.opengis.cite.ogcapiconnectedsystems10.conformance.part2.swecommonbinary.Part2SweCommonBinaryTests"/>
        <method signature="Part2SweCommonBinaryTests.sweBinaryEncodingRulesPrerequisiteVisibleForFullClosure()[pri:0, instance:org.opengis.cite.ogcapiconnectedsystems10.conformance.part2.swecommonbinary.Part2SweCommonBinaryTests@36811780]" name="sweBinaryEncodingRulesPrerequisiteVisibleForFullClosure" class="org.opengis.cite.ogcapiconnectedsystems10.conformance.part2.swecommonbinary.Part2SweCommonBinaryTests"/>
        <method signature="Part2SweCommonBinaryTests.sweCommonBinaryMediatypeWriteAdvertisedByApiDefinitionOnly()[pri:0, instance:org.opengis.cite.ogcapiconnectedsystems10.conformance.part2.swecommonbinary.Part2SweCommonBinaryTests@36811780]" name="sweCommonBinaryMediatypeWriteAdvertisedByApiDefinitionOnly" class="org.opengis.cite.ogcapiconnectedsystems10.conformance.part2.swecommonbinary.Part2SweCommonBinaryTests"/>
        <method signature="Part2SweCommonBinaryTests.sweCommonBinaryResourceConditionGatesAreVisible()[pri:0, instance:org.opengis.cite.ogcapiconnectedsystems10.conformance.part2.swecommonbinary.Part2SweCommonBinaryTests@36811780]" name="sweCommonBinaryResourceConditionGatesAreVisible" class="org.opengis.cite.ogcapiconnectedsystems10.conformance.part2.swecommonbinary.Part2SweCommonBinaryTests"/>
      </group> <!-- part2swecommonbinary -->
      <group name="update">
        <method signature="UpdateTests.deploymentsUpdate()[pri:0, instance:org.opengis.cite.ogcapiconnectedsystems10.conformance.update.UpdateTests@2aa4fb83]" name="deploymentsUpdate" class="org.opengis.cite.ogcapiconnectedsystems10.conformance.update.UpdateTests"/>
        <method signature="UpdateTests.proceduresUpdate()[pri:0, instance:org.opengis.cite.ogcapiconnectedsystems10.conformance.update.UpdateTests@2aa4fb83]" name="proceduresUpdate" class="org.opengis.cite.ogcapiconnectedsystems10.conformance.update.UpdateTests"/>
        <method signature="UpdateTests.propertiesUpdate()[pri:0, instance:org.opengis.cite.ogcapiconnectedsystems10.conformance.update.UpdateTests@2aa4fb83]" name="propertiesUpdate" class="org.opengis.cite.ogcapiconnectedsystems10.conformance.update.UpdateTests"/>
        <method signature="UpdateTests.samplingFeaturesUpdate()[pri:0, instance:org.opengis.cite.ogcapiconnectedsystems10.conformance.update.UpdateTests@2aa4fb83]" name="samplingFeaturesUpdate" class="org.opengis.cite.ogcapiconnectedsystems10.conformance.update.UpdateTests"/>
        <method signature="UpdateTests.systemsUpdate()[pri:0, instance:org.opengis.cite.ogcapiconnectedsystems10.conformance.update.UpdateTests@2aa4fb83]" name="systemsUpdate" class="org.opengis.cite.ogcapiconnectedsystems10.conformance.update.UpdateTests"/>
      </group> <!-- update -->
      <group name="propertydefinitions">
        <method signature="PropertyDefinitionsTests.canonicalPropertiesEndpointIsValid()[pri:0, instance:org.opengis.cite.ogcapiconnectedsystems10.conformance.propertydefinitions.PropertyDefinitionsTests@3d9f73c0]" name="canonicalPropertiesEndpointIsValid" class="org.opengis.cite.ogcapiconnectedsystems10.conformance.propertydefinitions.PropertyDefinitionsTests"/>
        <method signature="PropertyDefinitionsTests.everyPropertyHasCanonicalUrl()[pri:0, instance:org.opengis.cite.ogcapiconnectedsystems10.conformance.propertydefinitions.PropertyDefinitionsTests@3d9f73c0]" name="everyPropertyHasCanonicalUrl" class="org.opengis.cite.ogcapiconnectedsystems10.conformance.propertydefinitions.PropertyDefinitionsTests"/>
        <method signature="PropertyDefinitionsTests.propertyCollectionsAreValid()[pri:0, instance:org.opengis.cite.ogcapiconnectedsystems10.conformance.propertydefinitions.PropertyDefinitionsTests@3d9f73c0]" name="propertyCollectionsAreValid" class="org.opengis.cite.ogcapiconnectedsystems10.conformance.propertydefinitions.PropertyDefinitionsTests"/>
        <method signature="PropertyDefinitionsTests.propertyResourcesEndpointIsValid()[pri:0, instance:org.opengis.cite.ogcapiconnectedsystems10.conformance.propertydefinitions.PropertyDefinitionsTests@3d9f73c0]" name="propertyResourcesEndpointIsValid" class="org.opengis.cite.ogcapiconnectedsystems10.conformance.propertydefinitions.PropertyDefinitionsTests"/>
      </group> <!-- propertydefinitions -->
      <group name="samplingfeatures">
        <method signature="SamplingFeaturesTests.canonicalSamplingFeaturesEndpointIsValid()[pri:0, instance:org.opengis.cite.ogcapiconnectedsystems10.conformance.samplingfeatures.SamplingFeaturesTests@412ab0b8]" name="canonicalSamplingFeaturesEndpointIsValid" class="org.opengis.cite.ogcapiconnectedsystems10.conformance.samplingfeatures.SamplingFeaturesTests"/>
        <method signature="SamplingFeaturesTests.everySamplingFeatureHasCanonicalUrl()[pri:0, instance:org.opengis.cite.ogcapiconnectedsystems10.conformance.samplingfeatures.SamplingFeaturesTests@412ab0b8]" name="everySamplingFeatureHasCanonicalUrl" class="org.opengis.cite.ogcapiconnectedsystems10.conformance.samplingfeatures.SamplingFeaturesTests"/>
        <method signature="SamplingFeaturesTests.samplingFeatureCollectionsAreValid()[pri:0, instance:org.opengis.cite.ogcapiconnectedsystems10.conformance.samplingfeatures.SamplingFeaturesTests@412ab0b8]" name="samplingFeatureCollectionsAreValid" class="org.opengis.cite.ogcapiconnectedsystems10.conformance.samplingfeatures.SamplingFeaturesTests"/>
        <method signature="SamplingFeaturesTests.samplingFeaturesAreAvailableFromEverySystem()[pri:0, instance:org.opengis.cite.ogcapiconnectedsystems10.conformance.samplingfeatures.SamplingFeaturesTests@412ab0b8]" name="samplingFeaturesAreAvailableFromEverySystem" class="org.opengis.cite.ogcapiconnectedsystems10.conformance.samplingfeatures.SamplingFeaturesTests"/>
        <method signature="SamplingFeaturesTests.samplingFeaturesResourcesEndpointIsValid()[pri:0, instance:org.opengis.cite.ogcapiconnectedsystems10.conformance.samplingfeatures.SamplingFeaturesTests@412ab0b8]" name="samplingFeaturesResourcesEndpointIsValid" class="org.opengis.cite.ogcapiconnectedsystems10.conformance.samplingfeatures.SamplingFeaturesTests"/>
      </group> <!-- samplingfeatures -->
      <group name="part2datastream">
        <method signature="Part2DatastreamTests.datastreamCanonicalResourceReadable()[pri:0, instance:org.opengis.cite.ogcapiconnectedsystems10.conformance.part2.datastream.Part2DatastreamTests@53ff6f1d]" name="datastreamCanonicalResourceReadable" class="org.opengis.cite.ogcapiconnectedsystems10.conformance.part2.datastream.Part2DatastreamTests"/>
        <method signature="Part2DatastreamTests.datastreamCollectionsAreTaggedWithItemType()[pri:0, instance:org.opengis.cite.ogcapiconnectedsystems10.conformance.part2.datastream.Part2DatastreamTests@53ff6f1d]" name="datastreamCollectionsAreTaggedWithItemType" class="org.opengis.cite.ogcapiconnectedsystems10.conformance.part2.datastream.Part2DatastreamTests"/>
        <method signature="Part2DatastreamTests.datastreamFeaturesOfInterestAreAvailableFromDatastream()[pri:0, instance:org.opengis.cite.ogcapiconnectedsystems10.conformance.part2.datastream.Part2DatastreamTests@53ff6f1d]" name="datastreamFeaturesOfInterestAreAvailableFromDatastream" class="org.opengis.cite.ogcapiconnectedsystems10.conformance.part2.datastream.Part2DatastreamTests"/>
        <method signature="Part2DatastreamTests.datastreamSamplingFeaturesAreAvailableFromDatastream()[pri:0, instance:org.opengis.cite.ogcapiconnectedsystems10.conformance.part2.datastream.Part2DatastreamTests@53ff6f1d]" name="datastreamSamplingFeaturesAreAvailableFromDatastream" class="org.opengis.cite.ogcapiconnectedsystems10.conformance.part2.datastream.Part2DatastreamTests"/>
        <method signature="Part2DatastreamTests.datastreamSchemaReadable()[pri:0, instance:org.opengis.cite.ogcapiconnectedsystems10.conformance.part2.datastream.Part2DatastreamTests@53ff6f1d]" name="datastreamSchemaReadable" class="org.opengis.cite.ogcapiconnectedsystems10.conformance.part2.datastream.Part2DatastreamTests"/>
        <method signature="Part2DatastreamTests.datastreamsCanonicalEndpointExposesDatastreamItems()[pri:0, instance:org.opengis.cite.ogcapiconnectedsystems10.conformance.part2.datastream.Part2DatastreamTests@53ff6f1d]" name="datastreamsCanonicalEndpointExposesDatastreamItems" class="org.opengis.cite.ogcapiconnectedsystems10.conformance.part2.datastream.Part2DatastreamTests"/>
        <method signature="Part2DatastreamTests.datastreamsCollectionReadable()[pri:0, instance:org.opengis.cite.ogcapiconnectedsystems10.conformance.part2.datastream.Part2DatastreamTests@53ff6f1d]" name="datastreamsCollectionReadable" class="org.opengis.cite.ogcapiconnectedsystems10.conformance.part2.datastream.Part2DatastreamTests"/>
        <method signature="Part2DatastreamTests.deploymentScopedDatastreamsReadableWhenDeploymentReferencePresent()[pri:0, instance:org.opengis.cite.ogcapiconnectedsystems10.conformance.part2.datastream.Part2DatastreamTests@53ff6f1d]" name="deploymentScopedDatastreamsReadableWhenDeploymentReferencePresent" class="org.opengis.cite.ogcapiconnectedsystems10.conformance.part2.datastream.Part2DatastreamTests"/>
        <method signature="Part2DatastreamTests.observationCanonicalResourceReadableWhenCollectionPopulated()[pri:0, instance:org.opengis.cite.ogcapiconnectedsystems10.conformance.part2.datastream.Part2DatastreamTests@53ff6f1d]" name="observationCanonicalResourceReadableWhenCollectionPopulated" class="org.opengis.cite.ogcapiconnectedsystems10.conformance.part2.datastream.Part2DatastreamTests"/>
        <method signature="Part2DatastreamTests.observationCollectionsAreTaggedWithItemType()[pri:0, instance:org.opengis.cite.ogcapiconnectedsystems10.conformance.part2.datastream.Part2DatastreamTests@53ff6f1d]" name="observationCollectionsAreTaggedWithItemType" class="org.opengis.cite.ogcapiconnectedsystems10.conformance.part2.datastream.Part2DatastreamTests"/>
        <method signature="Part2DatastreamTests.observationResourcesEndpointReadable()[pri:0, instance:org.opengis.cite.ogcapiconnectedsystems10.conformance.part2.datastream.Part2DatastreamTests@53ff6f1d]" name="observationResourcesEndpointReadable" class="org.opengis.cite.ogcapiconnectedsystems10.conformance.part2.datastream.Part2DatastreamTests"/>
        <method signature="Part2DatastreamTests.observationsCanonicalEndpointReadable()[pri:0, instance:org.opengis.cite.ogcapiconnectedsystems10.conformance.part2.datastream.Part2DatastreamTests@53ff6f1d]" name="observationsCanonicalEndpointReadable" class="org.opengis.cite.ogcapiconnectedsystems10.conformance.part2.datastream.Part2DatastreamTests"/>
        <method signature="Part2DatastreamTests.observationsReferenceSelectedDatastreamWhenNestedCollectionPopulated()[pri:0, instance:org.opengis.cite.ogcapiconnectedsystems10.conformance.part2.datastream.Part2DatastreamTests@53ff6f1d]" name="observationsReferenceSelectedDatastreamWhenNestedCollectionPopulated" class="org.opengis.cite.ogcapiconnectedsystems10.conformance.part2.datastream.Part2DatastreamTests"/>
        <method signature="Part2DatastreamTests.systemScopedDatastreamsReadableWhenSystemReferencePresent()[pri:0, instance:org.opengis.cite.ogcapiconnectedsystems10.conformance.part2.datastream.Part2DatastreamTests@53ff6f1d]" name="systemScopedDatastreamsReadableWhenSystemReferencePresent" class="org.opengis.cite.ogcapiconnectedsystems10.conformance.part2.datastream.Part2DatastreamTests"/>
      </group> <!-- part2datastream -->
      <group name="subsystems">
        <method signature="SubsystemsTests.nestedAssociationsAreIncluded()[pri:0, instance:org.opengis.cite.ogcapiconnectedsystems10.conformance.subsystems.SubsystemsTests@279b6a4f]" name="nestedAssociationsAreIncluded" class="org.opengis.cite.ogcapiconnectedsystems10.conformance.subsystems.SubsystemsTests"/>
        <method signature="SubsystemsTests.recursiveParameterUsesBooleanValues()[pri:0, instance:org.opengis.cite.ogcapiconnectedsystems10.conformance.subsystems.SubsystemsTests@279b6a4f]" name="recursiveParameterUsesBooleanValues" class="org.opengis.cite.ogcapiconnectedsystems10.conformance.subsystems.SubsystemsTests"/>
        <method signature="SubsystemsTests.subsystemCollectionIsValid()[pri:0, instance:org.opengis.cite.ogcapiconnectedsystems10.conformance.subsystems.SubsystemsTests@279b6a4f]" name="subsystemCollectionIsValid" class="org.opengis.cite.ogcapiconnectedsystems10.conformance.subsystems.SubsystemsTests"/>
        <method signature="SubsystemsTests.subsystemsRecursiveSearchIsComplete()[pri:0, instance:org.opengis.cite.ogcapiconnectedsystems10.conformance.subsystems.SubsystemsTests@279b6a4f]" name="subsystemsRecursiveSearchIsComplete" class="org.opengis.cite.ogcapiconnectedsystems10.conformance.subsystems.SubsystemsTests"/>
        <method signature="SubsystemsTests.systemsRecursiveSearchIsComplete()[pri:0, instance:org.opengis.cite.ogcapiconnectedsystems10.conformance.subsystems.SubsystemsTests@279b6a4f]" name="systemsRecursiveSearchIsComplete" class="org.opengis.cite.ogcapiconnectedsystems10.conformance.subsystems.SubsystemsTests"/>
      </group> <!-- subsystems -->
      <group name="subdeployments">
        <method signature="SubdeploymentsTests.deploymentsRecursiveSearchIsComplete()[pri:0, instance:org.opengis.cite.ogcapiconnectedsystems10.conformance.subdeployments.SubdeploymentsTests@5385d7ad]" name="deploymentsRecursiveSearchIsComplete" class="org.opengis.cite.ogcapiconnectedsystems10.conformance.subdeployments.SubdeploymentsTests"/>
        <method signature="SubdeploymentsTests.recursiveAssociationsIncludeDescendants()[pri:0, instance:org.opengis.cite.ogcapiconnectedsystems10.conformance.subdeployments.SubdeploymentsTests@5385d7ad]" name="recursiveAssociationsIncludeDescendants" class="org.opengis.cite.ogcapiconnectedsystems10.conformance.subdeployments.SubdeploymentsTests"/>
        <method signature="SubdeploymentsTests.recursiveParameterUsesBooleanValues()[pri:0, instance:org.opengis.cite.ogcapiconnectedsystems10.conformance.subdeployments.SubdeploymentsTests@5385d7ad]" name="recursiveParameterUsesBooleanValues" class="org.opengis.cite.ogcapiconnectedsystems10.conformance.subdeployments.SubdeploymentsTests"/>
        <method signature="SubdeploymentsTests.subdeploymentCollectionIsValid()[pri:0, instance:org.opengis.cite.ogcapiconnectedsystems10.conformance.subdeployments.SubdeploymentsTests@5385d7ad]" name="subdeploymentCollectionIsValid" class="org.opengis.cite.ogcapiconnectedsystems10.conformance.subdeployments.SubdeploymentsTests"/>
        <method signature="SubdeploymentsTests.subdeploymentsRecursiveSearchIsComplete()[pri:0, instance:org.opengis.cite.ogcapiconnectedsystems10.conformance.subdeployments.SubdeploymentsTests@5385d7ad]" name="subdeploymentsRecursiveSearchIsComplete" class="org.opengis.cite.ogcapiconnectedsystems10.conformance.subdeployments.SubdeploymentsTests"/>
      </group> <!-- subdeployments -->
      <group name="part2systemevent">
        <method signature="Part2SystemEventTests.systemEventCanonicalUrlFromControlStreamCollections()[pri:0, instance:org.opengis.cite.ogcapiconnectedsystems10.conformance.part2.systemevent.Part2SystemEventTests@7d50944d]" name="systemEventCanonicalUrlFromControlStreamCollections" class="org.opengis.cite.ogcapiconnectedsystems10.conformance.part2.systemevent.Part2SystemEventTests"/>
        <method signature="Part2SystemEventTests.systemEventCollectionsValidateSystemEventSchema()[pri:0, instance:org.opengis.cite.ogcapiconnectedsystems10.conformance.part2.systemevent.Part2SystemEventTests@7d50944d]" name="systemEventCollectionsValidateSystemEventSchema" class="org.opengis.cite.ogcapiconnectedsystems10.conformance.part2.systemevent.Part2SystemEventTests"/>
        <method signature="Part2SystemEventTests.systemEventResourcesEndpointReadable()[pri:0, instance:org.opengis.cite.ogcapiconnectedsystems10.conformance.part2.systemevent.Part2SystemEventTests@7d50944d]" name="systemEventResourcesEndpointReadable" class="org.opengis.cite.ogcapiconnectedsystems10.conformance.part2.systemevent.Part2SystemEventTests"/>
        <method signature="Part2SystemEventTests.systemEventsCanonicalEndpointReadable()[pri:0, instance:org.opengis.cite.ogcapiconnectedsystems10.conformance.part2.systemevent.Part2SystemEventTests@7d50944d]" name="systemEventsCanonicalEndpointReadable" class="org.opengis.cite.ogcapiconnectedsystems10.conformance.part2.systemevent.Part2SystemEventTests"/>
        <method signature="Part2SystemEventTests.systemEventsReferenceFromSystemsUsesReleasedPath()[pri:0, instance:org.opengis.cite.ogcapiconnectedsystems10.conformance.part2.systemevent.Part2SystemEventTests@7d50944d]" name="systemEventsReferenceFromSystemsUsesReleasedPath" class="org.opengis.cite.ogcapiconnectedsystems10.conformance.part2.systemevent.Part2SystemEventTests"/>
      </group> <!-- part2systemevent -->
      <group name="common">
        <method signature="CommonTests.commonCollectionsEndpointReturnsCollectionsArray()[pri:0, instance:org.opengis.cite.ogcapiconnectedsystems10.conformance.common.CommonTests@5d4b191a]" name="commonCollectionsEndpointReturnsCollectionsArray" class="org.opengis.cite.ogcapiconnectedsystems10.conformance.common.CommonTests"/>
        <method signature="CommonTests.commonConformanceDeclaresCommonCore()[pri:0, instance:org.opengis.cite.ogcapiconnectedsystems10.conformance.common.CommonTests@5d4b191a]" name="commonConformanceDeclaresCommonCore" class="org.opengis.cite.ogcapiconnectedsystems10.conformance.common.CommonTests"/>
        <method signature="CommonTests.commonContentNegotiationHonoursFJsonParameter()[pri:0, instance:org.opengis.cite.ogcapiconnectedsystems10.conformance.common.CommonTests@5d4b191a]" name="commonContentNegotiationHonoursFJsonParameter" class="org.opengis.cite.ogcapiconnectedsystems10.conformance.common.CommonTests"/>
        <method signature="CommonTests.commonLandingPageConformanceLinkHasJsonType()[pri:0, instance:org.opengis.cite.ogcapiconnectedsystems10.conformance.common.CommonTests@5d4b191a]" name="commonLandingPageConformanceLinkHasJsonType" class="org.opengis.cite.ogcapiconnectedsystems10.conformance.common.CommonTests"/>
      </group> <!-- common -->
      <group name="procedures">
        <method signature="ProceduresTests.canonicalProceduresEndpointIsValid()[pri:0, instance:org.opengis.cite.ogcapiconnectedsystems10.conformance.procedures.ProceduresTests@15edcb59]" name="canonicalProceduresEndpointIsValid" class="org.opengis.cite.ogcapiconnectedsystems10.conformance.procedures.ProceduresTests"/>
        <method signature="ProceduresTests.everyProcedureHasCanonicalUrl()[pri:0, instance:org.opengis.cite.ogcapiconnectedsystems10.conformance.procedures.ProceduresTests@15edcb59]" name="everyProcedureHasCanonicalUrl" class="org.opengis.cite.ogcapiconnectedsystems10.conformance.procedures.ProceduresTests"/>
        <method signature="ProceduresTests.procedureCollectionsAreValid()[pri:0, instance:org.opengis.cite.ogcapiconnectedsystems10.conformance.procedures.ProceduresTests@15edcb59]" name="procedureCollectionsAreValid" class="org.opengis.cite.ogcapiconnectedsystems10.conformance.procedures.ProceduresTests"/>
        <method signature="ProceduresTests.procedureLocationIsAbsent()[pri:0, instance:org.opengis.cite.ogcapiconnectedsystems10.conformance.procedures.ProceduresTests@15edcb59]" name="procedureLocationIsAbsent" class="org.opengis.cite.ogcapiconnectedsystems10.conformance.procedures.ProceduresTests"/>
        <method signature="ProceduresTests.procedureResourcesEndpointIsValid()[pri:0, instance:org.opengis.cite.ogcapiconnectedsystems10.conformance.procedures.ProceduresTests@15edcb59]" name="procedureResourcesEndpointIsValid" class="org.opengis.cite.ogcapiconnectedsystems10.conformance.procedures.ProceduresTests"/>
      </group> <!-- procedures -->
      <group name="part2binding">
        <method signature="Part2ObservationCommandBindingTests.bindingClosureRequiresInspectableJsonEvidenceForFirstIncrement()[pri:0, instance:org.opengis.cite.ogcapiconnectedsystems10.conformance.part2.binding.Part2ObservationCommandBindingTests@850172c]" name="bindingClosureRequiresInspectableJsonEvidenceForFirstIncrement" class="org.opengis.cite.ogcapiconnectedsystems10.conformance.part2.binding.Part2ObservationCommandBindingTests"/>
        <method signature="Part2ObservationCommandBindingTests.commandBindingRequiresParentSchemaAndChildBodyEvidence()[pri:0, instance:org.opengis.cite.ogcapiconnectedsystems10.conformance.part2.binding.Part2ObservationCommandBindingTests@850172c]" name="commandBindingRequiresParentSchemaAndChildBodyEvidence" class="org.opengis.cite.ogcapiconnectedsystems10.conformance.part2.binding.Part2ObservationCommandBindingTests"/>
        <method signature="Part2ObservationCommandBindingTests.observationBindingRequiresParentSchemaAndChildBodyEvidence()[pri:0, instance:org.opengis.cite.ogcapiconnectedsystems10.conformance.part2.binding.Part2ObservationCommandBindingTests@850172c]" name="observationBindingRequiresParentSchemaAndChildBodyEvidence" class="org.opengis.cite.ogcapiconnectedsystems10.conformance.part2.binding.Part2ObservationCommandBindingTests"/>
        <method signature="Part2ObservationCommandBindingTests.readOnlyBindingSuiteDoesNotSeedFixturesWithoutDedicatedMutationWork()[pri:0, instance:org.opengis.cite.ogcapiconnectedsystems10.conformance.part2.binding.Part2ObservationCommandBindingTests@850172c]" name="readOnlyBindingSuiteDoesNotSeedFixturesWithoutDedicatedMutationWork" class="org.opengis.cite.ogcapiconnectedsystems10.conformance.part2.binding.Part2ObservationCommandBindingTests"/>
        <method signature="Part2ObservationCommandBindingTests.standaloneObservationBindingConformanceClassIsIgnored()[pri:0, instance:org.opengis.cite.ogcapiconnectedsystems10.conformance.part2.binding.Part2ObservationCommandBindingTests@850172c]" name="standaloneObservationBindingConformanceClassIsIgnored" class="org.opengis.cite.ogcapiconnectedsystems10.conformance.part2.binding.Part2ObservationCommandBindingTests"/>
      </group> <!-- part2binding -->
      <group name="part2createreplacedelete">
        <method signature="Part2CreateReplaceDeleteTests.controlStreamAndNestedCommandOptionsReadinessIsReadOnly()[pri:0, instance:org.opengis.cite.ogcapiconnectedsystems10.conformance.part2.createreplacedelete.Part2CreateReplaceDeleteTests@2502bc6f]" name="controlStreamAndNestedCommandOptionsReadinessIsReadOnly" class="org.opengis.cite.ogcapiconnectedsystems10.conformance.part2.createreplacedelete.Part2CreateReplaceDeleteTests"/>
        <method signature="Part2CreateReplaceDeleteTests.controlStreamCommandLifecycleRequiresDedicatedMutableIut()[pri:0, instance:org.opengis.cite.ogcapiconnectedsystems10.conformance.part2.createreplacedelete.Part2CreateReplaceDeleteTests@2502bc6f]" name="controlStreamCommandLifecycleRequiresDedicatedMutableIut" class="org.opengis.cite.ogcapiconnectedsystems10.conformance.part2.createreplacedelete.Part2CreateReplaceDeleteTests"/>
        <method signature="Part2CreateReplaceDeleteTests.datastreamAndObservationOptionsReadinessIsReadOnly()[pri:0, instance:org.opengis.cite.ogcapiconnectedsystems10.conformance.part2.createreplacedelete.Part2CreateReplaceDeleteTests@2502bc6f]" name="datastreamAndObservationOptionsReadinessIsReadOnly" class="org.opengis.cite.ogcapiconnectedsystems10.conformance.part2.createreplacedelete.Part2CreateReplaceDeleteTests"/>
        <method signature="Part2CreateReplaceDeleteTests.datastreamObservationLifecycleRequiresDedicatedMutableIut()[pri:0, instance:org.opengis.cite.ogcapiconnectedsystems10.conformance.part2.createreplacedelete.Part2CreateReplaceDeleteTests@2502bc6f]" name="datastreamObservationLifecycleRequiresDedicatedMutableIut" class="org.opengis.cite.ogcapiconnectedsystems10.conformance.part2.createreplacedelete.Part2CreateReplaceDeleteTests"/>
        <method signature="Part2CreateReplaceDeleteTests.feasibilitySystemEventLifecycleRequiresDedicatedMutableIut()[pri:0, instance:org.opengis.cite.ogcapiconnectedsystems10.conformance.part2.createreplacedelete.Part2CreateReplaceDeleteTests@2502bc6f]" name="feasibilitySystemEventLifecycleRequiresDedicatedMutableIut" class="org.opengis.cite.ogcapiconnectedsystems10.conformance.part2.createreplacedelete.Part2CreateReplaceDeleteTests"/>
        <method signature="Part2CreateReplaceDeleteTests.featuresPart4CreateReplaceDeletePrerequisiteVisibleForFullClosure()[pri:0, instance:org.opengis.cite.ogcapiconnectedsystems10.conformance.part2.createreplacedelete.Part2CreateReplaceDeleteTests@2502bc6f]" name="featuresPart4CreateReplaceDeletePrerequisiteVisibleForFullClosure" class="org.opengis.cite.ogcapiconnectedsystems10.conformance.part2.createreplacedelete.Part2CreateReplaceDeleteTests"/>
        <method signature="Part2CreateReplaceDeleteTests.part2CreateReplaceDeleteConformanceDeclared()[pri:0, instance:org.opengis.cite.ogcapiconnectedsystems10.conformance.part2.createreplacedelete.Part2CreateReplaceDeleteTests@2502bc6f]" name="part2CreateReplaceDeleteConformanceDeclared" class="org.opengis.cite.ogcapiconnectedsystems10.conformance.part2.createreplacedelete.Part2CreateReplaceDeleteTests"/>
        <method signature="Part2CreateReplaceDeleteTests.part2CreateReplaceDeleteMutationSafetyGate()[pri:0, instance:org.opengis.cite.ogcapiconnectedsystems10.conformance.part2.createreplacedelete.Part2CreateReplaceDeleteTests@2502bc6f]" name="part2CreateReplaceDeleteMutationSafetyGate" class="org.opengis.cite.ogcapiconnectedsystems10.conformance.part2.createreplacedelete.Part2CreateReplaceDeleteTests"/>
        <method signature="Part2CreateReplaceDeleteTests.unavailableCommandFeasibilityAndEventEndpointsDoNotBecomeLifecycleEvidence()[pri:0, instance:org.opengis.cite.ogcapiconnectedsystems10.conformance.part2.createreplacedelete.Part2CreateReplaceDeleteTests@2502bc6f]" name="unavailableCommandFeasibilityAndEventEndpointsDoNotBecomeLifecycleEvidence" class="org.opengis.cite.ogcapiconnectedsystems10.conformance.part2.createreplacedelete.Part2CreateReplaceDeleteTests"/>
      </group> <!-- part2createreplacedelete -->
      <group name="sensorml">
        <method signature="SensorMlTests.deploymentSensorMlMappingsAreValid()[pri:0, instance:org.opengis.cite.ogcapiconnectedsystems10.conformance.sensorml.SensorMlTests@d1d0b12]" name="deploymentSensorMlMappingsAreValid" class="org.opengis.cite.ogcapiconnectedsystems10.conformance.sensorml.SensorMlTests"/>
        <method signature="SensorMlTests.deploymentSensorMlSchemasAreValid()[pri:0, instance:org.opengis.cite.ogcapiconnectedsystems10.conformance.sensorml.SensorMlTests@d1d0b12]" name="deploymentSensorMlSchemasAreValid" class="org.opengis.cite.ogcapiconnectedsystems10.conformance.sensorml.SensorMlTests"/>
        <method signature="SensorMlTests.procedureSensorMlClassesAreCompatible()[pri:0, instance:org.opengis.cite.ogcapiconnectedsystems10.conformance.sensorml.SensorMlTests@d1d0b12]" name="procedureSensorMlClassesAreCompatible" class="org.opengis.cite.ogcapiconnectedsystems10.conformance.sensorml.SensorMlTests"/>
        <method signature="SensorMlTests.procedureSensorMlMappingsAreValid()[pri:0, instance:org.opengis.cite.ogcapiconnectedsystems10.conformance.sensorml.SensorMlTests@d1d0b12]" name="procedureSensorMlMappingsAreValid" class="org.opengis.cite.ogcapiconnectedsystems10.conformance.sensorml.SensorMlTests"/>
        <method signature="SensorMlTests.procedureSensorMlSchemasAreValid()[pri:0, instance:org.opengis.cite.ogcapiconnectedsystems10.conformance.sensorml.SensorMlTests@d1d0b12]" name="procedureSensorMlSchemasAreValid" class="org.opengis.cite.ogcapiconnectedsystems10.conformance.sensorml.SensorMlTests"/>
        <method signature="SensorMlTests.propertySensorMlMappingsAreValid()[pri:0, instance:org.opengis.cite.ogcapiconnectedsystems10.conformance.sensorml.SensorMlTests@d1d0b12]" name="propertySensorMlMappingsAreValid" class="org.opengis.cite.ogcapiconnectedsystems10.conformance.sensorml.SensorMlTests"/>
        <method signature="SensorMlTests.propertySensorMlSchemasAreValid()[pri:0, instance:org.opengis.cite.ogcapiconnectedsystems10.conformance.sensorml.SensorMlTests@d1d0b12]" name="propertySensorMlSchemasAreValid" class="org.opengis.cite.ogcapiconnectedsystems10.conformance.sensorml.SensorMlTests"/>
        <method signature="SensorMlTests.sensorMlAssociationRelationTypesAreValid()[pri:0, instance:org.opengis.cite.ogcapiconnectedsystems10.conformance.sensorml.SensorMlTests@d1d0b12]" name="sensorMlAssociationRelationTypesAreValid" class="org.opengis.cite.ogcapiconnectedsystems10.conformance.sensorml.SensorMlTests"/>
        <method signature="SensorMlTests.sensorMlCommonFeatureAttributesAreMapped()[pri:0, instance:org.opengis.cite.ogcapiconnectedsystems10.conformance.sensorml.SensorMlTests@d1d0b12]" name="sensorMlCommonFeatureAttributesAreMapped" class="org.opengis.cite.ogcapiconnectedsystems10.conformance.sensorml.SensorMlTests"/>
        <method signature="SensorMlTests.sensorMlMediaTypeReadIsAdvertised()[pri:0, instance:org.opengis.cite.ogcapiconnectedsystems10.conformance.sensorml.SensorMlTests@d1d0b12]" name="sensorMlMediaTypeReadIsAdvertised" class="org.opengis.cite.ogcapiconnectedsystems10.conformance.sensorml.SensorMlTests"/>
        <method signature="SensorMlTests.sensorMlMediaTypeWriteIsAdvertised()[pri:0, instance:org.opengis.cite.ogcapiconnectedsystems10.conformance.sensorml.SensorMlTests@d1d0b12]" name="sensorMlMediaTypeWriteIsAdvertised" class="org.opengis.cite.ogcapiconnectedsystems10.conformance.sensorml.SensorMlTests"/>
        <method signature="SensorMlTests.sensorMlResourceIdsMatchCanonicalUrls()[pri:0, instance:org.opengis.cite.ogcapiconnectedsystems10.conformance.sensorml.SensorMlTests@d1d0b12]" name="sensorMlResourceIdsMatchCanonicalUrls" class="org.opengis.cite.ogcapiconnectedsystems10.conformance.sensorml.SensorMlTests"/>
        <method signature="SensorMlTests.systemSensorMlClassesAreCompatible()[pri:0, instance:org.opengis.cite.ogcapiconnectedsystems10.conformance.sensorml.SensorMlTests@d1d0b12]" name="systemSensorMlClassesAreCompatible" class="org.opengis.cite.ogcapiconnectedsystems10.conformance.sensorml.SensorMlTests"/>
        <method signature="SensorMlTests.systemSensorMlMappingsAreValid()[pri:0, instance:org.opengis.cite.ogcapiconnectedsystems10.conformance.sensorml.SensorMlTests@d1d0b12]" name="systemSensorMlMappingsAreValid" class="org.opengis.cite.ogcapiconnectedsystems10.conformance.sensorml.SensorMlTests"/>
        <method signature="SensorMlTests.systemSensorMlSchemasAreValid()[pri:0, instance:org.opengis.cite.ogcapiconnectedsystems10.conformance.sensorml.SensorMlTests@d1d0b12]" name="systemSensorMlSchemasAreValid" class="org.opengis.cite.ogcapiconnectedsystems10.conformance.sensorml.SensorMlTests"/>
      </group> <!-- sensorml -->
      <group name="part2swecommonjson">
        <method signature="Part2SweCommonJsonTests.commandSchemaSweJsonValidWhenControlStreamCandidateAvailable()[pri:0, instance:org.opengis.cite.ogcapiconnectedsystems10.conformance.part2.swecommonjson.Part2SweCommonJsonTests@61f0ef0]" name="commandSchemaSweJsonValidWhenControlStreamCandidateAvailable" class="org.opengis.cite.ogcapiconnectedsystems10.conformance.part2.swecommonjson.Part2SweCommonJsonTests"/>
        <method signature="Part2SweCommonJsonTests.commandSchemaSweMappingRequiresIssueTimeEvidenceWhenPresent()[pri:0, instance:org.opengis.cite.ogcapiconnectedsystems10.conformance.part2.swecommonjson.Part2SweCommonJsonTests@61f0ef0]" name="commandSchemaSweMappingRequiresIssueTimeEvidenceWhenPresent" class="org.opengis.cite.ogcapiconnectedsystems10.conformance.part2.swecommonjson.Part2SweCommonJsonTests"/>
        <method signature="Part2SweCommonJsonTests.commandSweJsonEncodingRequiresParentSchemaAndCandidateEvidence()[pri:0, instance:org.opengis.cite.ogcapiconnectedsystems10.conformance.part2.swecommonjson.Part2SweCommonJsonTests@61f0ef0]" name="commandSweJsonEncodingRequiresParentSchemaAndCandidateEvidence" class="org.opengis.cite.ogcapiconnectedsystems10.conformance.part2.swecommonjson.Part2SweCommonJsonTests"/>
        <method signature="Part2SweCommonJsonTests.observationSchemaSweJsonValidWhenDatastreamCandidateAvailable()[pri:0, instance:org.opengis.cite.ogcapiconnectedsystems10.conformance.part2.swecommonjson.Part2SweCommonJsonTests@61f0ef0]" name="observationSchemaSweJsonValidWhenDatastreamCandidateAvailable" class="org.opengis.cite.ogcapiconnectedsystems10.conformance.part2.swecommonjson.Part2SweCommonJsonTests"/>
        <method signature="Part2SweCommonJsonTests.observationSchemaSweMappingRequiresTimeComponentEvidence()[pri:0, instance:org.opengis.cite.ogcapiconnectedsystems10.conformance.part2.swecommonjson.Part2SweCommonJsonTests@61f0ef0]" name="observationSchemaSweMappingRequiresTimeComponentEvidence" class="org.opengis.cite.ogcapiconnectedsystems10.conformance.part2.swecommonjson.Part2SweCommonJsonTests"/>
        <method signature="Part2SweCommonJsonTests.observationSweJsonEncodingRequiresParentSchemaAndCandidateEvidence()[pri:0, instance:org.opengis.cite.ogcapiconnectedsystems10.conformance.part2.swecommonjson.Part2SweCommonJsonTests@61f0ef0]" name="observationSweJsonEncodingRequiresParentSchemaAndCandidateEvidence" class="org.opengis.cite.ogcapiconnectedsystems10.conformance.part2.swecommonjson.Part2SweCommonJsonTests"/>
        <method signature="Part2SweCommonJsonTests.part2SweCommonJsonConformanceDeclared()[pri:0, instance:org.opengis.cite.ogcapiconnectedsystems10.conformance.part2.swecommonjson.Part2SweCommonJsonTests@61f0ef0]" name="part2SweCommonJsonConformanceDeclared" class="org.opengis.cite.ogcapiconnectedsystems10.conformance.part2.swecommonjson.Part2SweCommonJsonTests"/>
        <method signature="Part2SweCommonJsonTests.sweCommonJsonMediatypeWriteAdvertisedByApiDefinitionOnly()[pri:0, instance:org.opengis.cite.ogcapiconnectedsystems10.conformance.part2.swecommonjson.Part2SweCommonJsonTests@61f0ef0]" name="sweCommonJsonMediatypeWriteAdvertisedByApiDefinitionOnly" class="org.opengis.cite.ogcapiconnectedsystems10.conformance.part2.swecommonjson.Part2SweCommonJsonTests"/>
        <method signature="Part2SweCommonJsonTests.sweCommonJsonResourceConditionGatesAreVisible()[pri:0, instance:org.opengis.cite.ogcapiconnectedsystems10.conformance.part2.swecommonjson.Part2SweCommonJsonTests@61f0ef0]" name="sweCommonJsonResourceConditionGatesAreVisible" class="org.opengis.cite.ogcapiconnectedsystems10.conformance.part2.swecommonjson.Part2SweCommonJsonTests"/>
        <method signature="Part2SweCommonJsonTests.sweJsonEncodingRulesPrerequisiteVisibleForFullClosure()[pri:0, instance:org.opengis.cite.ogcapiconnectedsystems10.conformance.part2.swecommonjson.Part2SweCommonJsonTests@61f0ef0]" name="sweJsonEncodingRulesPrerequisiteVisibleForFullClosure" class="org.opengis.cite.ogcapiconnectedsystems10.conformance.part2.swecommonjson.Part2SweCommonJsonTests"/>
      </group> <!-- part2swecommonjson -->
      <group name="part2apicommon">
        <method signature="Part2ApiCommonTests.part2ApiCommonResourceCollectionsAreReadable()[pri:0, instance:org.opengis.cite.ogcapiconnectedsystems10.conformance.part2.apicommon.Part2ApiCommonTests@4f84305e]" name="part2ApiCommonResourceCollectionsAreReadable" class="org.opengis.cite.ogcapiconnectedsystems10.conformance.part2.apicommon.Part2ApiCommonTests"/>
        <method signature="Part2ApiCommonTests.part2ApiCommonResourcesAreDiscoverable()[pri:0, instance:org.opengis.cite.ogcapiconnectedsystems10.conformance.part2.apicommon.Part2ApiCommonTests@4f84305e]" name="part2ApiCommonResourcesAreDiscoverable" class="org.opengis.cite.ogcapiconnectedsystems10.conformance.part2.apicommon.Part2ApiCommonTests"/>
      </group> <!-- part2apicommon -->
      <group name="part2advancedfiltering">
        <method signature="Part2AdvancedFilteringTests.commandStatusFilterByStatusCode()[pri:0, instance:org.opengis.cite.ogcapiconnectedsystems10.conformance.part2.advancedfiltering.Part2AdvancedFilteringTests@557f8b7d]" name="commandStatusFilterByStatusCode" class="org.opengis.cite.ogcapiconnectedsystems10.conformance.part2.advancedfiltering.Part2AdvancedFilteringTests"/>
        <method signature="Part2AdvancedFilteringTests.commandsFilterByExecutionTime()[pri:0, instance:org.opengis.cite.ogcapiconnectedsystems10.conformance.part2.advancedfiltering.Part2AdvancedFilteringTests@557f8b7d]" name="commandsFilterByExecutionTime" class="org.opengis.cite.ogcapiconnectedsystems10.conformance.part2.advancedfiltering.Part2AdvancedFilteringTests"/>
        <method signature="Part2AdvancedFilteringTests.commandsFilterByFeatureOfInterest()[pri:0, instance:org.opengis.cite.ogcapiconnectedsystems10.conformance.part2.advancedfiltering.Part2AdvancedFilteringTests@557f8b7d]" name="commandsFilterByFeatureOfInterest" class="org.opengis.cite.ogcapiconnectedsystems10.conformance.part2.advancedfiltering.Part2AdvancedFilteringTests"/>
        <method signature="Part2AdvancedFilteringTests.commandsFilterByIssueTime()[pri:0, instance:org.opengis.cite.ogcapiconnectedsystems10.conformance.part2.advancedfiltering.Part2AdvancedFilteringTests@557f8b7d]" name="commandsFilterByIssueTime" class="org.opengis.cite.ogcapiconnectedsystems10.conformance.part2.advancedfiltering.Part2AdvancedFilteringTests"/>
        <method signature="Part2AdvancedFilteringTests.commandsFilterBySender()[pri:0, instance:org.opengis.cite.ogcapiconnectedsystems10.conformance.part2.advancedfiltering.Part2AdvancedFilteringTests@557f8b7d]" name="commandsFilterBySender" class="org.opengis.cite.ogcapiconnectedsystems10.conformance.part2.advancedfiltering.Part2AdvancedFilteringTests"/>
        <method signature="Part2AdvancedFilteringTests.commandsFilterByStatusCode()[pri:0, instance:org.opengis.cite.ogcapiconnectedsystems10.conformance.part2.advancedfiltering.Part2AdvancedFilteringTests@557f8b7d]" name="commandsFilterByStatusCode" class="org.opengis.cite.ogcapiconnectedsystems10.conformance.part2.advancedfiltering.Part2AdvancedFilteringTests"/>
        <method signature="Part2AdvancedFilteringTests.controlstreamsFilterByControlledProperty()[pri:0, instance:org.opengis.cite.ogcapiconnectedsystems10.conformance.part2.advancedfiltering.Part2AdvancedFilteringTests@557f8b7d]" name="controlstreamsFilterByControlledProperty" class="org.opengis.cite.ogcapiconnectedsystems10.conformance.part2.advancedfiltering.Part2AdvancedFilteringTests"/>
        <method signature="Part2AdvancedFilteringTests.controlstreamsFilterByExecutionTime()[pri:0, instance:org.opengis.cite.ogcapiconnectedsystems10.conformance.part2.advancedfiltering.Part2AdvancedFilteringTests@557f8b7d]" name="controlstreamsFilterByExecutionTime" class="org.opengis.cite.ogcapiconnectedsystems10.conformance.part2.advancedfiltering.Part2AdvancedFilteringTests"/>
        <method signature="Part2AdvancedFilteringTests.controlstreamsFilterByFeatureOfInterest()[pri:0, instance:org.opengis.cite.ogcapiconnectedsystems10.conformance.part2.advancedfiltering.Part2AdvancedFilteringTests@557f8b7d]" name="controlstreamsFilterByFeatureOfInterest" class="org.opengis.cite.ogcapiconnectedsystems10.conformance.part2.advancedfiltering.Part2AdvancedFilteringTests"/>
        <method signature="Part2AdvancedFilteringTests.controlstreamsFilterByIssueTime()[pri:0, instance:org.opengis.cite.ogcapiconnectedsystems10.conformance.part2.advancedfiltering.Part2AdvancedFilteringTests@557f8b7d]" name="controlstreamsFilterByIssueTime" class="org.opengis.cite.ogcapiconnectedsystems10.conformance.part2.advancedfiltering.Part2AdvancedFilteringTests"/>
        <method signature="Part2AdvancedFilteringTests.datastreamsFilterByFeatureOfInterest()[pri:0, instance:org.opengis.cite.ogcapiconnectedsystems10.conformance.part2.advancedfiltering.Part2AdvancedFilteringTests@557f8b7d]" name="datastreamsFilterByFeatureOfInterest" class="org.opengis.cite.ogcapiconnectedsystems10.conformance.part2.advancedfiltering.Part2AdvancedFilteringTests"/>
        <method signature="Part2AdvancedFilteringTests.datastreamsFilterByObservedProperty()[pri:0, instance:org.opengis.cite.ogcapiconnectedsystems10.conformance.part2.advancedfiltering.Part2AdvancedFilteringTests@557f8b7d]" name="datastreamsFilterByObservedProperty" class="org.opengis.cite.ogcapiconnectedsystems10.conformance.part2.advancedfiltering.Part2AdvancedFilteringTests"/>
        <method signature="Part2AdvancedFilteringTests.datastreamsFilterByPhenomenonTime()[pri:0, instance:org.opengis.cite.ogcapiconnectedsystems10.conformance.part2.advancedfiltering.Part2AdvancedFilteringTests@557f8b7d]" name="datastreamsFilterByPhenomenonTime" class="org.opengis.cite.ogcapiconnectedsystems10.conformance.part2.advancedfiltering.Part2AdvancedFilteringTests"/>
        <method signature="Part2AdvancedFilteringTests.datastreamsFilterByResultTime()[pri:0, instance:org.opengis.cite.ogcapiconnectedsystems10.conformance.part2.advancedfiltering.Part2AdvancedFilteringTests@557f8b7d]" name="datastreamsFilterByResultTime" class="org.opengis.cite.ogcapiconnectedsystems10.conformance.part2.advancedfiltering.Part2AdvancedFilteringTests"/>
        <method signature="Part2AdvancedFilteringTests.observationsFilterByFeatureOfInterest()[pri:0, instance:org.opengis.cite.ogcapiconnectedsystems10.conformance.part2.advancedfiltering.Part2AdvancedFilteringTests@557f8b7d]" name="observationsFilterByFeatureOfInterest" class="org.opengis.cite.ogcapiconnectedsystems10.conformance.part2.advancedfiltering.Part2AdvancedFilteringTests"/>
        <method signature="Part2AdvancedFilteringTests.observationsFilterByPhenomenonTime()[pri:0, instance:org.opengis.cite.ogcapiconnectedsystems10.conformance.part2.advancedfiltering.Part2AdvancedFilteringTests@557f8b7d]" name="observationsFilterByPhenomenonTime" class="org.opengis.cite.ogcapiconnectedsystems10.conformance.part2.advancedfiltering.Part2AdvancedFilteringTests"/>
        <method signature="Part2AdvancedFilteringTests.observationsFilterByResultTime()[pri:0, instance:org.opengis.cite.ogcapiconnectedsystems10.conformance.part2.advancedfiltering.Part2AdvancedFilteringTests@557f8b7d]" name="observationsFilterByResultTime" class="org.opengis.cite.ogcapiconnectedsystems10.conformance.part2.advancedfiltering.Part2AdvancedFilteringTests"/>
        <method signature="Part2AdvancedFilteringTests.systemEventsFilterByEventType()[pri:0, instance:org.opengis.cite.ogcapiconnectedsystems10.conformance.part2.advancedfiltering.Part2AdvancedFilteringTests@557f8b7d]" name="systemEventsFilterByEventType" class="org.opengis.cite.ogcapiconnectedsystems10.conformance.part2.advancedfiltering.Part2AdvancedFilteringTests"/>
      </group> <!-- part2advancedfiltering -->
      <group name="part2json">
        <method signature="Part2JsonTests.commandConstraintsValidateAgainstParentSchemaEvidence()[pri:0, instance:org.opengis.cite.ogcapiconnectedsystems10.conformance.part2.json.Part2JsonTests@d65e537]" name="commandConstraintsValidateAgainstParentSchemaEvidence" class="org.opengis.cite.ogcapiconnectedsystems10.conformance.part2.json.Part2JsonTests"/>
        <method signature="Part2JsonTests.commandJsonSchemasValidateAgainstAnnexA9()[pri:0, instance:org.opengis.cite.ogcapiconnectedsystems10.conformance.part2.json.Part2JsonTests@d65e537]" name="commandJsonSchemasValidateAgainstAnnexA9" class="org.opengis.cite.ogcapiconnectedsystems10.conformance.part2.json.Part2JsonTests"/>
        <method signature="Part2JsonTests.commandResultConstraintsValidateAgainstParentSchemaEvidence()[pri:0, instance:org.opengis.cite.ogcapiconnectedsystems10.conformance.part2.json.Part2JsonTests@d65e537]" name="commandResultConstraintsValidateAgainstParentSchemaEvidence" class="org.opengis.cite.ogcapiconnectedsystems10.conformance.part2.json.Part2JsonTests"/>
        <method signature="Part2JsonTests.commandResultJsonSchemasValidateAgainstAnnexA9()[pri:0, instance:org.opengis.cite.ogcapiconnectedsystems10.conformance.part2.json.Part2JsonTests@d65e537]" name="commandResultJsonSchemasValidateAgainstAnnexA9" class="org.opengis.cite.ogcapiconnectedsystems10.conformance.part2.json.Part2JsonTests"/>
        <method signature="Part2JsonTests.commandSchemaJsonValidForEveryInspectedControlStream()[pri:0, instance:org.opengis.cite.ogcapiconnectedsystems10.conformance.part2.json.Part2JsonTests@d65e537]" name="commandSchemaJsonValidForEveryInspectedControlStream" class="org.opengis.cite.ogcapiconnectedsystems10.conformance.part2.json.Part2JsonTests"/>
        <method signature="Part2JsonTests.commandStatusJsonSchemasValidateAgainstAnnexA9()[pri:0, instance:org.opengis.cite.ogcapiconnectedsystems10.conformance.part2.json.Part2JsonTests@d65e537]" name="commandStatusJsonSchemasValidateAgainstAnnexA9" class="org.opengis.cite.ogcapiconnectedsystems10.conformance.part2.json.Part2JsonTests"/>
        <method signature="Part2JsonTests.controlStreamJsonSchemasValidateAgainstAnnexA9()[pri:0, instance:org.opengis.cite.ogcapiconnectedsystems10.conformance.part2.json.Part2JsonTests@d65e537]" name="controlStreamJsonSchemasValidateAgainstAnnexA9" class="org.opengis.cite.ogcapiconnectedsystems10.conformance.part2.json.Part2JsonTests"/>
        <method signature="Part2JsonTests.datastreamJsonSchemasValidateAgainstAnnexA9()[pri:0, instance:org.opengis.cite.ogcapiconnectedsystems10.conformance.part2.json.Part2JsonTests@d65e537]" name="datastreamJsonSchemasValidateAgainstAnnexA9" class="org.opengis.cite.ogcapiconnectedsystems10.conformance.part2.json.Part2JsonTests"/>
        <method signature="Part2JsonTests.jsonMediatypeReadSupportedOnRetrievalOperations()[pri:0, instance:org.opengis.cite.ogcapiconnectedsystems10.conformance.part2.json.Part2JsonTests@d65e537]" name="jsonMediatypeReadSupportedOnRetrievalOperations" class="org.opengis.cite.ogcapiconnectedsystems10.conformance.part2.json.Part2JsonTests"/>
        <method signature="Part2JsonTests.jsonMediatypeWriteAdvertisedByApiDefinitionOnly()[pri:0, instance:org.opengis.cite.ogcapiconnectedsystems10.conformance.part2.json.Part2JsonTests@d65e537]" name="jsonMediatypeWriteAdvertisedByApiDefinitionOnly" class="org.opengis.cite.ogcapiconnectedsystems10.conformance.part2.json.Part2JsonTests"/>
        <method signature="Part2JsonTests.observationConstraintsValidateAgainstParentSchemaEvidence()[pri:0, instance:org.opengis.cite.ogcapiconnectedsystems10.conformance.part2.json.Part2JsonTests@d65e537]" name="observationConstraintsValidateAgainstParentSchemaEvidence" class="org.opengis.cite.ogcapiconnectedsystems10.conformance.part2.json.Part2JsonTests"/>
        <method signature="Part2JsonTests.observationJsonSchemasValidateAgainstAnnexA9()[pri:0, instance:org.opengis.cite.ogcapiconnectedsystems10.conformance.part2.json.Part2JsonTests@d65e537]" name="observationJsonSchemasValidateAgainstAnnexA9" class="org.opengis.cite.ogcapiconnectedsystems10.conformance.part2.json.Part2JsonTests"/>
        <method signature="Part2JsonTests.observationSchemaJsonValidForEveryInspectedDatastream()[pri:0, instance:org.opengis.cite.ogcapiconnectedsystems10.conformance.part2.json.Part2JsonTests@d65e537]" name="observationSchemaJsonValidForEveryInspectedDatastream" class="org.opengis.cite.ogcapiconnectedsystems10.conformance.part2.json.Part2JsonTests"/>
        <method signature="Part2JsonTests.systemEventJsonSchemasValidateAgainstAnnexA9()[pri:0, instance:org.opengis.cite.ogcapiconnectedsystems10.conformance.part2.json.Part2JsonTests@d65e537]" name="systemEventJsonSchemasValidateAgainstAnnexA9" class="org.opengis.cite.ogcapiconnectedsystems10.conformance.part2.json.Part2JsonTests"/>
      </group> <!-- part2json -->
      <group name="systemfeatures">
        <method signature="SystemFeaturesTests.canonicalSystemsEndpointIsValid()[pri:0, instance:org.opengis.cite.ogcapiconnectedsystems10.conformance.systemfeatures.SystemFeaturesTests@7448d194]" name="canonicalSystemsEndpointIsValid" class="org.opengis.cite.ogcapiconnectedsystems10.conformance.systemfeatures.SystemFeaturesTests"/>
        <method signature="SystemFeaturesTests.everySystemHasCanonicalUrl()[pri:0, instance:org.opengis.cite.ogcapiconnectedsystems10.conformance.systemfeatures.SystemFeaturesTests@7448d194]" name="everySystemHasCanonicalUrl" class="org.opengis.cite.ogcapiconnectedsystems10.conformance.systemfeatures.SystemFeaturesTests"/>
        <method signature="SystemFeaturesTests.mobileSystemLocationIsUpdated()[pri:0, instance:org.opengis.cite.ogcapiconnectedsystems10.conformance.systemfeatures.SystemFeaturesTests@7448d194]" name="mobileSystemLocationIsUpdated" class="org.opengis.cite.ogcapiconnectedsystems10.conformance.systemfeatures.SystemFeaturesTests"/>
        <method signature="SystemFeaturesTests.systemCollectionsAreValid()[pri:0, instance:org.opengis.cite.ogcapiconnectedsystems10.conformance.systemfeatures.SystemFeaturesTests@7448d194]" name="systemCollectionsAreValid" class="org.opengis.cite.ogcapiconnectedsystems10.conformance.systemfeatures.SystemFeaturesTests"/>
        <method signature="SystemFeaturesTests.systemLocationsFollowRecommendation()[pri:0, instance:org.opengis.cite.ogcapiconnectedsystems10.conformance.systemfeatures.SystemFeaturesTests@7448d194]" name="systemLocationsFollowRecommendation" class="org.opengis.cite.ogcapiconnectedsystems10.conformance.systemfeatures.SystemFeaturesTests"/>
        <method signature="SystemFeaturesTests.systemResourcesEndpointIsValid()[pri:0, instance:org.opengis.cite.ogcapiconnectedsystems10.conformance.systemfeatures.SystemFeaturesTests@7448d194]" name="systemResourcesEndpointIsValid" class="org.opengis.cite.ogcapiconnectedsystems10.conformance.systemfeatures.SystemFeaturesTests"/>
      </group> <!-- systemfeatures -->
      <group name="createreplacedelete">
        <method signature="CreateReplaceDeleteTests.deploymentsCreateReplaceDelete()[pri:0, instance:org.opengis.cite.ogcapiconnectedsystems10.conformance.createreplacedelete.CreateReplaceDeleteTests@182aaaad]" name="deploymentsCreateReplaceDelete" class="org.opengis.cite.ogcapiconnectedsystems10.conformance.createreplacedelete.CreateReplaceDeleteTests"/>
        <method signature="CreateReplaceDeleteTests.proceduresCreateReplaceDelete()[pri:0, instance:org.opengis.cite.ogcapiconnectedsystems10.conformance.createreplacedelete.CreateReplaceDeleteTests@182aaaad]" name="proceduresCreateReplaceDelete" class="org.opengis.cite.ogcapiconnectedsystems10.conformance.createreplacedelete.CreateReplaceDeleteTests"/>
        <method signature="CreateReplaceDeleteTests.propertiesCreateReplaceDelete()[pri:0, instance:org.opengis.cite.ogcapiconnectedsystems10.conformance.createreplacedelete.CreateReplaceDeleteTests@182aaaad]" name="propertiesCreateReplaceDelete" class="org.opengis.cite.ogcapiconnectedsystems10.conformance.createreplacedelete.CreateReplaceDeleteTests"/>
        <method signature="CreateReplaceDeleteTests.resourcesAddToCustomCollections()[pri:0, instance:org.opengis.cite.ogcapiconnectedsystems10.conformance.createreplacedelete.CreateReplaceDeleteTests@182aaaad]" name="resourcesAddToCustomCollections" class="org.opengis.cite.ogcapiconnectedsystems10.conformance.createreplacedelete.CreateReplaceDeleteTests"/>
        <method signature="CreateReplaceDeleteTests.resourcesCreateInCustomCollections()[pri:0, instance:org.opengis.cite.ogcapiconnectedsystems10.conformance.createreplacedelete.CreateReplaceDeleteTests@182aaaad]" name="resourcesCreateInCustomCollections" class="org.opengis.cite.ogcapiconnectedsystems10.conformance.createreplacedelete.CreateReplaceDeleteTests"/>
        <method signature="CreateReplaceDeleteTests.resourcesDeleteInCustomCollections()[pri:0, instance:org.opengis.cite.ogcapiconnectedsystems10.conformance.createreplacedelete.CreateReplaceDeleteTests@182aaaad]" name="resourcesDeleteInCustomCollections" class="org.opengis.cite.ogcapiconnectedsystems10.conformance.createreplacedelete.CreateReplaceDeleteTests"/>
        <method signature="CreateReplaceDeleteTests.resourcesReplaceInCustomCollections()[pri:0, instance:org.opengis.cite.ogcapiconnectedsystems10.conformance.createreplacedelete.CreateReplaceDeleteTests@182aaaad]" name="resourcesReplaceInCustomCollections" class="org.opengis.cite.ogcapiconnectedsystems10.conformance.createreplacedelete.CreateReplaceDeleteTests"/>
        <method signature="CreateReplaceDeleteTests.samplingFeaturesCreateReplaceDelete()[pri:0, instance:org.opengis.cite.ogcapiconnectedsystems10.conformance.createreplacedelete.CreateReplaceDeleteTests@182aaaad]" name="samplingFeaturesCreateReplaceDelete" class="org.opengis.cite.ogcapiconnectedsystems10.conformance.createreplacedelete.CreateReplaceDeleteTests"/>
        <method signature="CreateReplaceDeleteTests.subdeploymentsCreate()[pri:0, instance:org.opengis.cite.ogcapiconnectedsystems10.conformance.createreplacedelete.CreateReplaceDeleteTests@182aaaad]" name="subdeploymentsCreate" class="org.opengis.cite.ogcapiconnectedsystems10.conformance.createreplacedelete.CreateReplaceDeleteTests"/>
        <method signature="CreateReplaceDeleteTests.subsystemsCreate()[pri:0, instance:org.opengis.cite.ogcapiconnectedsystems10.conformance.createreplacedelete.CreateReplaceDeleteTests@182aaaad]" name="subsystemsCreate" class="org.opengis.cite.ogcapiconnectedsystems10.conformance.createreplacedelete.CreateReplaceDeleteTests"/>
        <method signature="CreateReplaceDeleteTests.systemDeleteCascade()[pri:0, instance:org.opengis.cite.ogcapiconnectedsystems10.conformance.createreplacedelete.CreateReplaceDeleteTests@182aaaad]" name="systemDeleteCascade" class="org.opengis.cite.ogcapiconnectedsystems10.conformance.createreplacedelete.CreateReplaceDeleteTests"/>
        <method signature="CreateReplaceDeleteTests.systemsCreateReplaceDelete()[pri:0, instance:org.opengis.cite.ogcapiconnectedsystems10.conformance.createreplacedelete.CreateReplaceDeleteTests@182aaaad]" name="systemsCreateReplaceDelete" class="org.opengis.cite.ogcapiconnectedsystems10.conformance.createreplacedelete.CreateReplaceDeleteTests"/>
      </group> <!-- createreplacedelete -->
      <group name="part2controlstream">
        <method signature="Part2ControlStreamTests.commandCanonicalResourceReadableWhenCollectionPopulated()[pri:0, instance:org.opengis.cite.ogcapiconnectedsystems10.conformance.part2.controlstream.Part2ControlStreamTests@1e4dd80d]" name="commandCanonicalResourceReadableWhenCollectionPopulated" class="org.opengis.cite.ogcapiconnectedsystems10.conformance.part2.controlstream.Part2ControlStreamTests"/>
        <method signature="Part2ControlStreamTests.commandCollectionsAreTaggedWithItemType()[pri:0, instance:org.opengis.cite.ogcapiconnectedsystems10.conformance.part2.controlstream.Part2ControlStreamTests@1e4dd80d]" name="commandCollectionsAreTaggedWithItemType" class="org.opengis.cite.ogcapiconnectedsystems10.conformance.part2.controlstream.Part2ControlStreamTests"/>
        <method signature="Part2ControlStreamTests.commandResultEndpointReadableForEveryCommand()[pri:0, instance:org.opengis.cite.ogcapiconnectedsystems10.conformance.part2.controlstream.Part2ControlStreamTests@1e4dd80d]" name="commandResultEndpointReadableForEveryCommand" class="org.opengis.cite.ogcapiconnectedsystems10.conformance.part2.controlstream.Part2ControlStreamTests"/>
        <method signature="Part2ControlStreamTests.commandResultResourcesEndpointReadable()[pri:0, instance:org.opengis.cite.ogcapiconnectedsystems10.conformance.part2.controlstream.Part2ControlStreamTests@1e4dd80d]" name="commandResultResourcesEndpointReadable" class="org.opengis.cite.ogcapiconnectedsystems10.conformance.part2.controlstream.Part2ControlStreamTests"/>
        <method signature="Part2ControlStreamTests.commandStatusEndpointReadableForEveryCommand()[pri:0, instance:org.opengis.cite.ogcapiconnectedsystems10.conformance.part2.controlstream.Part2ControlStreamTests@1e4dd80d]" name="commandStatusEndpointReadableForEveryCommand" class="org.opengis.cite.ogcapiconnectedsystems10.conformance.part2.controlstream.Part2ControlStreamTests"/>
        <method signature="Part2ControlStreamTests.commandStatusResourcesEndpointReadable()[pri:0, instance:org.opengis.cite.ogcapiconnectedsystems10.conformance.part2.controlstream.Part2ControlStreamTests@1e4dd80d]" name="commandStatusResourcesEndpointReadable" class="org.opengis.cite.ogcapiconnectedsystems10.conformance.part2.controlstream.Part2ControlStreamTests"/>
        <method signature="Part2ControlStreamTests.commandsCanonicalEndpointReadable()[pri:0, instance:org.opengis.cite.ogcapiconnectedsystems10.conformance.part2.controlstream.Part2ControlStreamTests@1e4dd80d]" name="commandsCanonicalEndpointReadable" class="org.opengis.cite.ogcapiconnectedsystems10.conformance.part2.controlstream.Part2ControlStreamTests"/>
        <method signature="Part2ControlStreamTests.commandsReferenceSelectedControlStreamWhenNestedCollectionPopulated()[pri:0, instance:org.opengis.cite.ogcapiconnectedsystems10.conformance.part2.controlstream.Part2ControlStreamTests@1e4dd80d]" name="commandsReferenceSelectedControlStreamWhenNestedCollectionPopulated" class="org.opengis.cite.ogcapiconnectedsystems10.conformance.part2.controlstream.Part2ControlStreamTests"/>
        <method signature="Part2ControlStreamTests.controlStreamCanonicalResourceReadable()[pri:0, instance:org.opengis.cite.ogcapiconnectedsystems10.conformance.part2.controlstream.Part2ControlStreamTests@1e4dd80d]" name="controlStreamCanonicalResourceReadable" class="org.opengis.cite.ogcapiconnectedsystems10.conformance.part2.controlstream.Part2ControlStreamTests"/>
        <method signature="Part2ControlStreamTests.controlStreamCollectionsAreTaggedWithItemType()[pri:0, instance:org.opengis.cite.ogcapiconnectedsystems10.conformance.part2.controlstream.Part2ControlStreamTests@1e4dd80d]" name="controlStreamCollectionsAreTaggedWithItemType" class="org.opengis.cite.ogcapiconnectedsystems10.conformance.part2.controlstream.Part2ControlStreamTests"/>
        <method signature="Part2ControlStreamTests.controlStreamFeaturesOfInterestAreAvailableFromControlStream()[pri:0, instance:org.opengis.cite.ogcapiconnectedsystems10.conformance.part2.controlstream.Part2ControlStreamTests@1e4dd80d]" name="controlStreamFeaturesOfInterestAreAvailableFromControlStream" class="org.opengis.cite.ogcapiconnectedsystems10.conformance.part2.controlstream.Part2ControlStreamTests"/>
        <method signature="Part2ControlStreamTests.controlStreamSamplingFeaturesAreAvailableFromControlStream()[pri:0, instance:org.opengis.cite.ogcapiconnectedsystems10.conformance.part2.controlstream.Part2ControlStreamTests@1e4dd80d]" name="controlStreamSamplingFeaturesAreAvailableFromControlStream" class="org.opengis.cite.ogcapiconnectedsystems10.conformance.part2.controlstream.Part2ControlStreamTests"/>
        <method signature="Part2ControlStreamTests.controlStreamSchemaReadable()[pri:0, instance:org.opengis.cite.ogcapiconnectedsystems10.conformance.part2.controlstream.Part2ControlStreamTests@1e4dd80d]" name="controlStreamSchemaReadable" class="org.opengis.cite.ogcapiconnectedsystems10.conformance.part2.controlstream.Part2ControlStreamTests"/>
        <method signature="Part2ControlStreamTests.controlStreamScopedCommandsReadable()[pri:0, instance:org.opengis.cite.ogcapiconnectedsystems10.conformance.part2.controlstream.Part2ControlStreamTests@1e4dd80d]" name="controlStreamScopedCommandsReadable" class="org.opengis.cite.ogcapiconnectedsystems10.conformance.part2.controlstream.Part2ControlStreamTests"/>
        <method signature="Part2ControlStreamTests.controlStreamsCanonicalEndpointExposesControlStreamItems()[pri:0, instance:org.opengis.cite.ogcapiconnectedsystems10.conformance.part2.controlstream.Part2ControlStreamTests@1e4dd80d]" name="controlStreamsCanonicalEndpointExposesControlStreamItems" class="org.opengis.cite.ogcapiconnectedsystems10.conformance.part2.controlstream.Part2ControlStreamTests"/>
        <method signature="Part2ControlStreamTests.controlStreamsCollectionReadable()[pri:0, instance:org.opengis.cite.ogcapiconnectedsystems10.conformance.part2.controlstream.Part2ControlStreamTests@1e4dd80d]" name="controlStreamsCollectionReadable" class="org.opengis.cite.ogcapiconnectedsystems10.conformance.part2.controlstream.Part2ControlStreamTests"/>
        <method signature="Part2ControlStreamTests.deploymentScopedControlStreamsReadableWhenDeploymentReferencePresent()[pri:0, instance:org.opengis.cite.ogcapiconnectedsystems10.conformance.part2.controlstream.Part2ControlStreamTests@1e4dd80d]" name="deploymentScopedControlStreamsReadableWhenDeploymentReferencePresent" class="org.opengis.cite.ogcapiconnectedsystems10.conformance.part2.controlstream.Part2ControlStreamTests"/>
        <method signature="Part2ControlStreamTests.systemScopedControlStreamsReadableWhenSystemReferencePresent()[pri:0, instance:org.opengis.cite.ogcapiconnectedsystems10.conformance.part2.controlstream.Part2ControlStreamTests@1e4dd80d]" name="systemScopedControlStreamsReadableWhenSystemReferencePresent" class="org.opengis.cite.ogcapiconnectedsystems10.conformance.part2.controlstream.Part2ControlStreamTests"/>
      </group> <!-- part2controlstream -->
      <group name="advancedfiltering">
        <method signature="AdvancedFilteringTests.canonicalResourcesCombineFilters()[pri:0, instance:org.opengis.cite.ogcapiconnectedsystems10.conformance.advancedfiltering.AdvancedFilteringTests@656f3112]" name="canonicalResourcesCombineFilters" class="org.opengis.cite.ogcapiconnectedsystems10.conformance.advancedfiltering.AdvancedFilteringTests"/>
        <method signature="AdvancedFilteringTests.canonicalResourcesFilterById()[pri:0, instance:org.opengis.cite.ogcapiconnectedsystems10.conformance.advancedfiltering.AdvancedFilteringTests@656f3112]" name="canonicalResourcesFilterById" class="org.opengis.cite.ogcapiconnectedsystems10.conformance.advancedfiltering.AdvancedFilteringTests"/>
        <method signature="AdvancedFilteringTests.canonicalResourcesFilterByKeyword()[pri:0, instance:org.opengis.cite.ogcapiconnectedsystems10.conformance.advancedfiltering.AdvancedFilteringTests@656f3112]" name="canonicalResourcesFilterByKeyword" class="org.opengis.cite.ogcapiconnectedsystems10.conformance.advancedfiltering.AdvancedFilteringTests"/>
        <method signature="AdvancedFilteringTests.canonicalResourcesFilterByProperty()[pri:0, instance:org.opengis.cite.ogcapiconnectedsystems10.conformance.advancedfiltering.AdvancedFilteringTests@656f3112]" name="canonicalResourcesFilterByProperty" class="org.opengis.cite.ogcapiconnectedsystems10.conformance.advancedfiltering.AdvancedFilteringTests"/>
        <method signature="AdvancedFilteringTests.deploymentsFilterByControlledProperty()[pri:0, instance:org.opengis.cite.ogcapiconnectedsystems10.conformance.advancedfiltering.AdvancedFilteringTests@656f3112]" name="deploymentsFilterByControlledProperty" class="org.opengis.cite.ogcapiconnectedsystems10.conformance.advancedfiltering.AdvancedFilteringTests"/>
        <method signature="AdvancedFilteringTests.deploymentsFilterByFeatureOfInterest()[pri:0, instance:org.opengis.cite.ogcapiconnectedsystems10.conformance.advancedfiltering.AdvancedFilteringTests@656f3112]" name="deploymentsFilterByFeatureOfInterest" class="org.opengis.cite.ogcapiconnectedsystems10.conformance.advancedfiltering.AdvancedFilteringTests"/>
[...]
        </test-method> <!-- datastreamsCollectionReadable -->
        <test-method signature="deploymentScopedDatastreamsReadableWhenDeploymentReferencePresent()[pri:0, instance:org.opengis.cite.ogcapiconnectedsystems10.conformance.part2.datastream.Part2DatastreamTests@53ff6f1d]" started-at="2026-08-01T10:03:30 UTC" name="deploymentScopedDatastreamsReadableWhenDeploymentReferencePresent" description="OGC-23-002 http://www.opengis.net/spec/ogcapi-connectedsystems-2/1.0/req/datastream/ref-from-deployment: every Deployment exposes a schema-valid Datastream sub-resource endpoint (REQ-ETS-PART2-002, SCENARIO-ETS-PART2-002-ASSOCIATION-SUBRESOURCES-001)" groups="part2datastream" depends-on-groups="part2apicommon" finished-at="2026-08-01T10:03:30 UTC" duration-ms="0" status="SKIP">
          <exception class="org.testng.SkipException">
            <message>
              Part 2 Datastream setup skipped before IUT access because prerequisite method part2ApiCommonResourcesAreDiscoverable skipped.
            </message>
          </exception> <!-- org.testng.SkipException -->
          <reporter-output>
          </reporter-output>
        </test-method> <!-- deploymentScopedDatastreamsReadableWhenDeploymentReferencePresent -->
        <test-method signature="observationCanonicalResourceReadableWhenCollectionPopulated()[pri:0, instance:org.opengis.cite.ogcapiconnectedsystems10.conformance.part2.datastream.Part2DatastreamTests@53ff6f1d]" started-at="2026-08-01T10:03:30 UTC" name="observationCanonicalResourceReadableWhenCollectionPopulated" description="OGC-23-002 http://www.opengis.net/spec/ogcapi-connectedsystems-2/1.0/req/datastream/obs-canonical-url: every Observation collection item dereferences its advertised canonical URL with equivalent content (REQ-ETS-PART2-002, SCENARIO-ETS-PART2-002-RELEASED-PROCEDURES-001)" groups="part2datastream" depends-on-groups="part2apicommon" finished-at="2026-08-01T10:03:30 UTC" duration-ms="0" status="SKIP">
          <exception class="org.testng.SkipException">
            <message>
              Part 2 Datastream setup skipped before IUT access because prerequisite method part2ApiCommonResourcesAreDiscoverable skipped.
            </message>
          </exception> <!-- org.testng.SkipException -->
          <reporter-output>
          </reporter-output>
        </test-method> <!-- observationCanonicalResourceReadableWhenCollectionPopulated -->
        <test-method signature="observationCollectionsAreTaggedWithItemType()[pri:0, instance:org.opengis.cite.ogcapiconnectedsystems10.conformance.part2.datastream.Part2DatastreamTests@53ff6f1d]" started-at="2026-08-01T10:03:30 UTC" name="observationCollectionsAreTaggedWithItemType" description="OGC-23-002 http://www.opengis.net/spec/ogcapi-connectedsystems-2/1.0/req/datastream/obs-collections: every advertised Observation collection retrieves schema-valid items (REQ-ETS-PART2-002, SCENARIO-ETS-PART2-002-COLLECTION-TAGGING-001)" groups="part2datastream" depends-on-groups="part2apicommon" finished-at="2026-08-01T10:03:30 UTC" duration-ms="0" status="SKIP">
          <exception class="org.testng.SkipException">
            <message>
              Part 2 Datastream setup skipped before IUT access because prerequisite method part2ApiCommonResourcesAreDiscoverable skipped.
            </message>
          </exception> <!-- org.testng.SkipException -->
          <reporter-output>
          </reporter-output>
        </test-method> <!-- observationCollectionsAreTaggedWithItemType -->
        <test-method signature="observationResourcesEndpointReadable()[pri:0, instance:org.opengis.cite.ogcapiconnectedsystems10.conformance.part2.datastream.Part2DatastreamTests@53ff6f1d]" started-at="2026-08-01T10:03:30 UTC" name="observationResourcesEndpointReadable" description="OGC-23-002 http://www.opengis.net/spec/ogcapi-connectedsystems-2/1.0/req/datastream/obs-resources-endpoint: Observation resource endpoint returns schema-valid content (REQ-ETS-PART2-002, SCENARIO-ETS-PART2-002-RELEASED-PROCEDURES-001)" groups="part2datastream" depends-on-groups="part2apicommon" finished-at="2026-08-01T10:03:30 UTC" duration-ms="0" status="SKIP">
          <exception class="org.testng.SkipException">
            <message>
              Part 2 Datastream setup skipped before IUT access because prerequisite method part2ApiCommonResourcesAreDiscoverable skipped.
            </message>
          </exception> <!-- org.testng.SkipException -->
          <reporter-output>
          </reporter-output>
        </test-method> <!-- observationResourcesEndpointReadable -->
        <test-method signature="observationsCanonicalEndpointReadable()[pri:0, instance:org.opengis.cite.ogcapiconnectedsystems10.conformance.part2.datastream.Part2DatastreamTests@53ff6f1d]" started-at="2026-08-01T10:03:30 UTC" name="observationsCanonicalEndpointReadable" description="OGC-23-002 http://www.opengis.net/spec/ogcapi-connectedsystems-2/1.0/req/datastream/obs-canonical-endpoint: canonical /observations endpoint satisfies the Observation resource endpoint procedure (REQ-ETS-PART2-002, SCENARIO-ETS-PART2-002-RELEASED-PROCEDURES-001)" groups="part2datastream" depends-on-groups="part2apicommon" finished-at="2026-08-01T10:03:30 UTC" duration-ms="0" status="SKIP">
          <exception class="org.testng.SkipException">
            <message>
              Part 2 Datastream setup skipped before IUT access because prerequisite method part2ApiCommonResourcesAreDiscoverable skipped.
            </message>
          </exception> <!-- org.testng.SkipException -->
          <reporter-output>
          </reporter-output>
        </test-method> <!-- observationsCanonicalEndpointReadable -->
        <test-method signature="observationsReferenceSelectedDatastreamWhenNestedCollectionPopulated()[pri:0, instance:org.opengis.cite.ogcapiconnectedsystems10.conformance.part2.datastream.Part2DatastreamTests@53ff6f1d]" started-at="2026-08-01T10:03:30 UTC" name="observationsReferenceSelectedDatastreamWhenNestedCollectionPopulated" description="OGC-23-002 http://www.opengis.net/spec/ogcapi-connectedsystems-2/1.0/req/datastream/obs-ref-from-datastream: every Datastream exposes a schema-valid Observation sub-resource endpoint (REQ-ETS-PART2-002, SCENARIO-ETS-PART2-002-ASSOCIATION-SUBRESOURCES-001)" groups="part2datastream" depends-on-groups="part2apicommon" finished-at="2026-08-01T10:03:30 UTC" duration-ms="0" status="SKIP">
          <exception class="org.testng.SkipException">
            <message>
              Part 2 Datastream setup skipped before IUT access because prerequisite method part2ApiCommonResourcesAreDiscoverable skipped.
            </message>
          </exception> <!-- org.testng.SkipException -->
          <reporter-output>
          </reporter-output>
        </test-method> <!-- observationsReferenceSelectedDatastreamWhenNestedCollectionPopulated -->
        <test-method signature="systemScopedDatastreamsReadableWhenSystemReferencePresent()[pri:0, instance:org.opengis.cite.ogcapiconnectedsystems10.conformance.part2.datastream.Part2DatastreamTests@53ff6f1d]" started-at="2026-08-01T10:03:30 UTC" name="systemScopedDatastreamsReadableWhenSystemReferencePresent" description="OGC-23-002 http://www.opengis.net/spec/ogcapi-connectedsystems-2/1.0/req/datastream/ref-from-system: every System exposes a schema-valid Datastream sub-resource endpoint (REQ-ETS-PART2-002, SCENARIO-ETS-PART2-002-ASSOCIATION-SUBRESOURCES-001)" groups="part2datastream" depends-on-groups="part2apicommon" finished-at="2026-08-01T10:03:30 UTC" duration-ms="0" status="SKIP">
          <exception class="org.testng.SkipException">
            <message>
              Part 2 Datastream setup skipped before IUT access because prerequisite method part2ApiCommonResourcesAreDiscoverable skipped.
            </message>
          </exception> <!-- org.testng.SkipException -->
          <reporter-output>
          </reporter-output>
        </test-method> <!-- systemScopedDatastreamsReadableWhenSystemReferencePresent -->
      </class> <!-- org.opengis.cite.ogcapiconnectedsystems10.conformance.part2.datastream.Part2DatastreamTests -->
      <class name="org.opengis.cite.ogcapiconnectedsystems10.conformance.common.CommonTests">
        <test-method is-config="true" signature="fetchCommonResources(org.testng.ITestContext)[pri:0, instance:org.opengis.cite.ogcapiconnectedsystems10.conformance.common.CommonTests@5d4b191a]" started-at="2026-08-01T10:02:49 UTC" name="fetchCommonResources" finished-at="2026-08-01T10:02:50 UTC" duration-ms="474" status="PASS">
          <params>
            <param index="0">
              <value>
                org.testng.TestRunner@51fb1cdd
              </value>
            </param>
          </params>
          <reporter-output>
          </reporter-output>
        </test-method> <!-- fetchCommonResources -->
        <test-method signature="commonCollectionsEndpointReturnsCollectionsArray()[pri:0, instance:org.opengis.cite.ogcapiconnectedsystems10.conformance.common.CommonTests@5d4b191a]" started-at="2026-08-01T10:02:50 UTC" name="commonCollectionsEndpointReturnsCollectionsArray" description="OGC-20-024 http://www.opengis.net/spec/ogcapi-common-2/0.0/req/collections/collections-list-success: /collections returns 200 with collections array (REQ-ETS-PART1-001, SCENARIO-ETS-PART1-001-COMMON-COLLECTIONS-001)" groups="common" finished-at="2026-08-01T10:02:50 UTC" duration-ms="0" status="PASS">
          <reporter-output>
          </reporter-output>
        </test-method> <!-- commonCollectionsEndpointReturnsCollectionsArray -->
        <test-method signature="commonConformanceDeclaresCommonCore()[pri:0, instance:org.opengis.cite.ogcapiconnectedsystems10.conformance.common.CommonTests@5d4b191a]" started-at="2026-08-01T10:02:50 UTC" name="commonConformanceDeclaresCommonCore" description="OGC-19-072 http://www.opengis.net/spec/ogcapi-common-1/1.0/req/landing-page/conformance-success: /conformance conformsTo declares OGC API Common Part 1 Core (REQ-ETS-PART1-001, SCENARIO-ETS-PART1-001-COMMON-CONFORMANCE-001)" groups="common" finished-at="2026-08-01T10:02:50 UTC" duration-ms="3" status="PASS">
          <reporter-output>
          </reporter-output>
        </test-method> <!-- commonConformanceDeclaresCommonCore -->
        <test-method signature="commonContentNegotiationHonoursFJsonParameter()[pri:0, instance:org.opengis.cite.ogcapiconnectedsystems10.conformance.common.CommonTests@5d4b191a]" started-at="2026-08-01T10:02:50 UTC" name="commonContentNegotiationHonoursFJsonParameter" description="OGC-19-072 http://www.opengis.net/spec/ogcapi-common-1/1.0/req/json/content: GET /?f=json returns JSON (REQ-ETS-PART1-001, SCENARIO-ETS-PART1-001-COMMON-CONTENT-NEGOTIATION-001)" groups="common" finished-at="2026-08-01T10:02:50 UTC" duration-ms="0" status="PASS">
          <reporter-output>
          </reporter-output>
        </test-method> <!-- commonContentNegotiationHonoursFJsonParameter -->
        <test-method signature="commonLandingPageConformanceLinkHasJsonType()[pri:0, instance:org.opengis.cite.ogcapiconnectedsystems10.conformance.common.CommonTests@5d4b191a]" started-at="2026-08-01T10:02:50 UTC" name="commonLandingPageConformanceLinkHasJsonType" description="OGC-19-072 http://www.opengis.net/spec/ogcapi-common-1/1.0/req/json/definition: landing-page rel=conformance link has type attribute identifying JSON (REQ-ETS-PART1-001, SCENARIO-ETS-PART1-001-COMMON-LANDING-001)" groups="common" finished-at="2026-08-01T10:02:50 UTC" duration-ms="1" status="PASS">
          <reporter-output>
          </reporter-output>
        </test-method> <!-- commonLandingPageConformanceLinkHasJsonType -->
      </class> <!-- org.opengis.cite.ogcapiconnectedsystems10.conformance.common.CommonTests -->
      <class name="org.opengis.cite.ogcapiconnectedsystems10.conformance.part2.binding.Part2ObservationCommandBindingTests">
        <test-method is-config="true" signature="fetchPart2BindingInputs(org.testng.ITestContext)[pri:0, instance:org.opengis.cite.ogcapiconnectedsystems10.conformance.part2.binding.Part2ObservationCommandBindingTests@850172c]" started-at="2026-08-01T10:03:02 UTC" name="fetchPart2BindingInputs" finished-at="2026-08-01T10:03:02 UTC" duration-ms="56" status="PASS">
          <params>
            <param index="0">
              <value>
                org.testng.TestRunner@51fb1cdd
              </value>
            </param>
          </params>
          <reporter-output>
          </reporter-output>
        </test-method> <!-- fetchPart2BindingInputs -->
        <test-method signature="bindingClosureRequiresInspectableJsonEvidenceForFirstIncrement()[pri:0, instance:org.opengis.cite.ogcapiconnectedsystems10.conformance.part2.binding.Part2ObservationCommandBindingTests@850172c]" started-at="2026-08-01T10:03:02 UTC" name="bindingClosureRequiresInspectableJsonEvidenceForFirstIncrement" description="OGC-23-002 http://www.opengis.net/spec/ogcapi-connectedsystems-2/1.0/req/datastream/schema-op and http://www.opengis.net/spec/ogcapi-connectedsystems-2/1.0/req/controlstream/schema-op: binding closure skips unsupported or unavailable encoding evidence instead of passing from declarations or format lists (REQ-ETS-PART2-013, SCENARIO-ETS-PART2-013-ENCODING-HONESTY-001)" groups="part2binding" depends-on-groups="core, common" finished-at="2026-08-01T10:03:02 UTC" duration-ms="1" status="PASS">
          <reporter-output>
            <line>
              IUT declares /conf/json; runtime binding checks still require parent schema and child JSON body evidence.
            </line>
          </reporter-output>
        </test-method> <!-- bindingClosureRequiresInspectableJsonEvidenceForFirstIncrement -->
        <test-method signature="commandBindingRequiresParentSchemaAndChildBodyEvidence()[pri:0, instance:org.opengis.cite.ogcapiconnectedsystems10.conformance.part2.binding.Part2ObservationCommandBindingTests@850172c]" started-at="2026-08-01T10:03:02 UTC" name="commandBindingRequiresParentSchemaAndChildBodyEvidence" description="OGC-23-002 http://www.opengis.net/spec/ogcapi-connectedsystems-2/1.0/req/controlstream/schema-op and http://www.opengis.net/spec/ogcapi-connectedsystems-2/1.0/req/controlstream/cmd-ref-from-controlstream: Command binding requires a candidate ControlStream schema, associated Command parameters, and available status/result inline data before PASS (REQ-ETS-PART2-013, SCENARIO-ETS-PART2-013-DYNAMIC-SEED-STATE-001, SCENARIO-ETS-PART2-013-COMMAND-PARENT-SCHEMA-001)" groups="part2binding" depends-on-groups="core, common" finished-at="2026-08-01T10:03:02 UTC" duration-ms="44" status="SKIP">
          <exception class="org.testng.SkipException">
            <message>
              http://www.opengis.net/spec/ogcapi-connectedsystems-2/1.0/req/controlstream/cmd-ref-from-controlstream - /controlstreams returned an empty collection; no local dynamic-data candidate is available for REQ-ETS-PART2-013 binding PASS.
            </message>
          </exception> <!-- org.testng.SkipException -->
          <reporter-output>
          </reporter-output>
        </test-method> <!-- commandBindingRequiresParentSchemaAndChildBodyEvidence -->
        <test-method signature="observationBindingRequiresParentSchemaAndChildBodyEvidence()[pri:0, instance:org.opengis.cite.ogcapiconnectedsystems10.conformance.part2.binding.Part2ObservationCommandBindingTests@850172c]" started-at="2026-08-01T10:03:02 UTC" name="observationBindingRequiresParentSchemaAndChildBodyEvidence" description="OGC-23-002 http://www.opengis.net/spec/ogcapi-connectedsystems-2/1.0/req/datastream/schema-op and http://www.opengis.net/spec/ogcapi-connectedsystems-2/1.0/req/datastream/obs-ref-from-datastream: Observation binding requires a candidate DataStream schema and associated Observation body before PASS (REQ-ETS-PART2-013, SCENARIO-ETS-PART2-013-DYNAMIC-SEED-STATE-001, SCENARIO-ETS-PART2-013-OBSERVATION-PARENT-SCHEMA-001)" groups="part2binding" depends-on-groups="core, common" finished-at="2026-08-01T10:03:02 UTC" duration-ms="32" status="SKIP">
          <exception class="org.testng.SkipException">
            <message>
              http://www.opengis.net/spec/ogcapi-connectedsystems-2/1.0/req/datastream/obs-ref-from-datastream - /datastreams returned an empty collection; no local dynamic-data candidate is available for REQ-ETS-PART2-013 binding PASS.
            </message>
          </exception> <!-- org.testng.SkipException -->
          <reporter-output>
          </reporter-output>
        </test-method> <!-- observationBindingRequiresParentSchemaAndChildBodyEvidence -->
        <test-method signature="readOnlyBindingSuiteDoesNotSeedFixturesWithoutDedicatedMutationWork()[pri:0, instance:org.opengis.cite.ogcapiconnectedsystems10.conformance.part2.binding.Part2ObservationCommandBindingTests@850172c]" started-at="2026-08-01T10:03:02 UTC" name="readOnlyBindingSuiteDoesNotSeedFixturesWithoutDedicatedMutationWork" description="OGC-23-002 http://www.opengis.net/spec/ogcapi-connectedsystems-2/1.0/req/datastream and http://www.opengis.net/spec/ogcapi-connectedsystems-2/1.0/req/controlstream: default REQ-ETS-PART2-013 binding checks do not seed fixtures or issue mutation requests (REQ-ETS-PART2-013, SCENARIO-ETS-PART2-013-MUTATION-SAFETY-001)" groups="part2binding" depends-on-groups="core, common" finished-at="2026-08-01T10:03:02 UTC" duration-ms="0" status="PASS">
          <reporter-output>
            <line>
              REQ-ETS-PART2-013 first increment is read-only: it uses GET-only live evidence and does not seed DataStream, Observation, ControlStream, or Command fixtures.
            </line>
          </reporter-output>
        </test-method> <!-- readOnlyBindingSuiteDoesNotSeedFixturesWithoutDedicatedMutationWork -->
        <test-method signature="standaloneObservationBindingConformanceClassIsIgnored()[pri:0, instance:org.opengis.cite.ogcapiconnectedsystems10.conformance.part2.binding.Part2ObservationCommandBindingTests@850172c]" started-at="2026-08-01T10:03:02 UTC" name="standaloneObservationBindingConformanceClassIsIgnored" description="OGC-23-002 http://www.opengis.net/spec/ogcapi-connectedsystems-2/1.0/req/datastream and http://www.opengis.net/spec/ogcapi-connectedsystems-2/1.0/req/controlstream: internal REQ-ETS-PART2-013 binding closure does not require or PASS from a fabricated /conf/observation-binding class (REQ-ETS-PART2-013, SCENARIO-ETS-PART2-013-ENCODING-HONESTY-001)" groups="part2binding" depends-on-groups="core, common" finished-at="2026-08-01T10:03:02 UTC" duration-ms="1" status="PASS">
          <reporter-output>
          </reporter-output>
        </test-method> <!-- standaloneObservationBindingConformanceClassIsIgnored -->
      </class> <!-- org.opengis.cite.ogcapiconnectedsystems10.conformance.part2.binding.Part2ObservationCommandBindingTests -->
    </test> <!-- Conformance Classes - Core + SystemFeatures + Common + Subsystems + Procedures + Deployments + SamplingFeatures + PropertyDefinitions + Subdeployments + GeoJSON + SensorML + AdvancedFiltering + CreateReplaceDelete + Update + Part2ApiCommon + Part2Datastream + Part2ControlStream + Part2Feasibility + Part2SystemEvent + Part2AdvancedFiltering + Part2CreateReplaceDelete + Part2Update + Part2Json + Part2SweCommonJson + Part2SweCommonText + Part2SweCommonBinary + Part2Binding (OGC 23-001 /conf/core, /conf/system, /conf/subsystem, /conf/procedure, /conf/deployment, /conf/sf, /conf/property, /conf/subdeployment, /conf/geojson, /conf/sensorml, /conf/advanced-filtering, /conf/create-replace-delete, /conf/update; OGC 23-002 /conf/api-common, /conf/datastream, /conf/controlstream, /conf/feasibility, /conf/system-event, /conf/advanced-filtering, /conf/create-replace-delete, /conf/update, /conf/json, /conf/swecommon-json, /conf/swecommon-text, /conf/swecommon-binary; internal REQ-ETS-PART2-013 binding closure; OGC 19-072 /conf/common) -->
  </suite> <!-- ogcapi-connectedsystems10-0.1-SNAPSHOT -->
</testng-results>