<?xml version="1.0" encoding="UTF-8"?>
<testng-results ignored="0" total="12" passed="12" failed="0" skipped="0">
  <reporter-output>
  </reporter-output>
  <suite started-at="2026-04-28T12:50:40 EDT" name="ogcapi-connectedsystems10-georobotix-smoke" finished-at="2026-04-28T12:50:42 EDT" duration-ms="1692">
    <groups>
    </groups>
    <test started-at="2026-04-28T12:50:40 EDT" name="Conformance Class - Core (OGC 23-001 /conf/core)" finished-at="2026-04-28T12:50:42 EDT" duration-ms="1692">
      <class name="org.opengis.cite.ogcapiconnectedsystems10.conformance.core.ConformanceTests">
        <test-method is-config="true" signature="fetchConformancePage(org.testng.ITestContext)[pri:0, instance:org.opengis.cite.ogcapiconnectedsystems10.conformance.core.ConformanceTests@1224144a]" started-at="2026-04-28T12:50:41 EDT" name="fetchConformancePage" finished-at="2026-04-28T12:50:42 EDT" duration-ms="197" status="PASS">
          <params>
            <param index="0">
              <value>
                <![CDATA[org.testng.TestRunner@42679fc2]]>
              </value>
            </param>
          </params>
          <reporter-output>
          </reporter-output>
        </test-method> <!-- fetchConformancePage -->
        <test-method signature="conformancePageReturnsHttp200()[pri:0, instance:org.opengis.cite.ogcapiconnectedsystems10.conformance.core.ConformanceTests@1224144a]" started-at="2026-04-28T12:50:42 EDT" name="conformancePageReturnsHttp200" description="OGC-19-072 http://www.opengis.net/spec/ogcapi-common-1/1.0/req/core/conformance-success: GET /conformance returns HTTP 200 (REQ-ETS-CORE-003, SCENARIO-ETS-CORE-CONFORMANCE-001)" finished-at="2026-04-28T12:50:42 EDT" duration-ms="0" status="PASS">
          <reporter-output>
          </reporter-output>
        </test-method> <!-- conformancePageReturnsHttp200 -->
        <test-method signature="conformancePageReturnsJson()[pri:0, instance:org.opengis.cite.ogcapiconnectedsystems10.conformance.core.ConformanceTests@1224144a]" started-at="2026-04-28T12:50:42 EDT" name="conformancePageReturnsJson" description="OGC-19-072 http://www.opengis.net/spec/ogcapi-common-1/1.0/req/core/conformance-success: /conformance body is parseable JSON (REQ-ETS-CORE-003, SCENARIO-ETS-CORE-CONFORMANCE-001)" finished-at="2026-04-28T12:50:42 EDT" duration-ms="1" status="PASS">
          <reporter-output>
          </reporter-output>
        </test-method> <!-- conformancePageReturnsJson -->
        <test-method signature="conformancePageHasConformsToArray(org.testng.ITestContext)[pri:0, instance:org.opengis.cite.ogcapiconnectedsystems10.conformance.core.ConformanceTests@1224144a]" started-at="2026-04-28T12:50:42 EDT" name="conformancePageHasConformsToArray" description="OGC-19-072 http://www.opengis.net/spec/ogcapi-common-1/1.0/req/core/conformance-success: /conformance body has non-empty conformsTo array, captured into suite context (REQ-ETS-CORE-003, SCENARIO-ETS-CORE-CONFORMANCE-001)" finished-at="2026-04-28T12:50:42 EDT" depends-on-methods="org.opengis.cite.ogcapiconnectedsystems10.conformance.core.ConformanceTests.conformancePageReturnsJson" duration-ms="0" status="PASS">
          <params>
            <param index="0">
              <value>
                <![CDATA[org.testng.TestRunner@42679fc2]]>
              </value>
            </param>
          </params>
          <reporter-output>
          </reporter-output>
        </test-method> <!-- conformancePageHasConformsToArray -->
        <test-method signature="conformancePageDeclaresCsCore()[pri:0, instance:org.opengis.cite.ogcapiconnectedsystems10.conformance.core.ConformanceTests@1224144a]" started-at="2026-04-28T12:50:42 EDT" name="conformancePageDeclaresCsCore" description="OGC-23-001 http://www.opengis.net/spec/ogcapi-connectedsystems-1/1.0/conf/core: /conformance declares the CS API Core conformance class URI (REQ-ETS-CORE-003)" finished-at="2026-04-28T12:50:42 EDT" depends-on-methods="org.opengis.cite.ogcapiconnectedsystems10.conformance.core.ConformanceTests.conformancePageHasConformsToArray" duration-ms="0" status="PASS">
          <reporter-output>
          </reporter-output>
        </test-method> <!-- conformancePageDeclaresCsCore -->
      </class> <!-- org.opengis.cite.ogcapiconnectedsystems10.conformance.core.ConformanceTests -->
      <class name="org.opengis.cite.ogcapiconnectedsystems10.conformance.core.ResourceShapeTests">
        <test-method is-config="true" signature="fetchLandingPage(org.testng.ITestContext)[pri:0, instance:org.opengis.cite.ogcapiconnectedsystems10.conformance.core.ResourceShapeTests@29f7cefd]" started-at="2026-04-28T12:50:42 EDT" name="fetchLandingPage" finished-at="2026-04-28T12:50:42 EDT" duration-ms="139" status="PASS">
          <params>
            <param index="0">
              <value>
                <![CDATA[org.testng.TestRunner@42679fc2]]>
              </value>
            </param>
          </params>
          <reporter-output>
          </reporter-output>
        </test-method> <!-- fetchLandingPage -->
        <test-method signature="apiDefinitionResourceReturnsContent()[pri:0, instance:org.opengis.cite.ogcapiconnectedsystems10.conformance.core.ResourceShapeTests@29f7cefd]" started-at="2026-04-28T12:50:42 EDT" name="apiDefinitionResourceReturnsContent" description="OGC-19-072 http://www.opengis.net/spec/ogcapi-common-2/0.0/req/oas30/oas-impl: api-definition resource resolves to HTTP 200 with non-empty body (REQ-ETS-CORE-004, SCENARIO-ETS-CORE-RESOURCE-SHAPE-001)" finished-at="2026-04-28T12:50:42 EDT" duration-ms="167" status="PASS">
          <reporter-output>
          </reporter-output>
        </test-method> <!-- apiDefinitionResourceReturnsContent -->
        <test-method signature="conformanceResourceShapeIsObject()[pri:0, instance:org.opengis.cite.ogcapiconnectedsystems10.conformance.core.ResourceShapeTests@29f7cefd]" started-at="2026-04-28T12:50:42 EDT" name="conformanceResourceShapeIsObject" description="OGC-19-072 http://www.opengis.net/spec/ogcapi-common-1/1.0/req/core/conformance-success: /conformance resource is a JSON object (REQ-ETS-CORE-004, SCENARIO-ETS-CORE-RESOURCE-SHAPE-001)" finished-at="2026-04-28T12:50:42 EDT" duration-ms="116" status="PASS">
          <reporter-output>
          </reporter-output>
        </test-method> <!-- conformanceResourceShapeIsObject -->
      </class> <!-- org.opengis.cite.ogcapiconnectedsystems10.conformance.core.ResourceShapeTests -->
      <class name="org.opengis.cite.ogcapiconnectedsystems10.conformance.core.LandingPageTests">
        <test-method is-config="true" signature="fetchLandingPage(org.testng.ITestContext)[pri:0, instance:org.opengis.cite.ogcapiconnectedsystems10.conformance.core.LandingPageTests@f58853c]" started-at="2026-04-28T12:50:40 EDT" name="fetchLandingPage" finished-at="2026-04-28T12:50:41 EDT" duration-ms="1016" status="PASS">
          <params>
            <param index="0">
              <value>
                <![CDATA[org.testng.TestRunner@42679fc2]]>
              </value>
            </param>
          </params>
          <reporter-output>
          </reporter-output>
        </test-method> <!-- fetchLandingPage -->
        <test-method signature="landingPageReturnsJson()[pri:0, instance:org.opengis.cite.ogcapiconnectedsystems10.conformance.core.LandingPageTests@f58853c]" started-at="2026-04-28T12:50:41 EDT" name="landingPageReturnsJson" description="OGC-19-072 http://www.opengis.net/spec/ogcapi-common-1/1.0/req/core/root-success: landing page body is parseable JSON (REQ-ETS-CORE-002, SCENARIO-ETS-CORE-LANDING-001)" finished-at="2026-04-28T12:50:41 EDT" duration-ms="1" status="PASS">
          <reporter-output>
          </reporter-output>
        </test-method> <!-- landingPageReturnsJson -->
        <test-method signature="landingPageReturnsHttp200()[pri:0, instance:org.opengis.cite.ogcapiconnectedsystems10.conformance.core.LandingPageTests@f58853c]" started-at="2026-04-28T12:50:41 EDT" name="landingPageReturnsHttp200" description="OGC-19-072 http://www.opengis.net/spec/ogcapi-common-1/1.0/req/core/root-success: landing page (GET /) returns HTTP 200 (REQ-ETS-CORE-002, SCENARIO-ETS-CORE-LANDING-001)" finished-at="2026-04-28T12:50:41 EDT" duration-ms="0" status="PASS">
          <reporter-output>
          </reporter-output>
        </test-method> <!-- landingPageReturnsHttp200 -->
        <test-method signature="landingPageHasLinks()[pri:0, instance:org.opengis.cite.ogcapiconnectedsystems10.conformance.core.LandingPageTests@f58853c]" started-at="2026-04-28T12:50:41 EDT" name="landingPageHasLinks" description="OGC-19-072 http://www.opengis.net/spec/ogcapi-common-1/1.0/req/core/root-success: landing page body has a links array (REQ-ETS-CORE-002, SCENARIO-ETS-CORE-LANDING-001)" finished-at="2026-04-28T12:50:41 EDT" depends-on-methods="org.opengis.cite.ogcapiconnectedsystems10.conformance.core.LandingPageTests.landingPageReturnsJson" duration-ms="0" status="PASS">
          <reporter-output>
          </reporter-output>
        </test-method> <!-- landingPageHasLinks -->
        <test-method signature="landingPageDoesNotRequireSelfRel()[pri:0, instance:org.opengis.cite.ogcapiconnectedsystems10.conformance.core.LandingPageTests@f58853c]" started-at="2026-04-28T12:50:41 EDT" name="landingPageDoesNotRequireSelfRel" description="OGC-19-072 http://www.opengis.net/spec/ogcapi-common-1/1.0/req/core/root-success: landing page does NOT require rel=self (sentinel — preserves v1.0 GH#3 fix; SCENARIO-ETS-CORE-LINKS-NORMATIVE-001)" finished-at="2026-04-28T12:50:41 EDT" depends-on-methods="org.opengis.cite.ogcapiconnectedsystems10.conformance.core.LandingPageTests.landingPageHasLinks" duration-ms="3" status="PASS">
          <reporter-output>
          </reporter-output>
        </test-method> <!-- landingPageDoesNotRequireSelfRel -->
        <test-method signature="landingPageHasApiDefinitionLink()[pri:0, instance:org.opengis.cite.ogcapiconnectedsystems10.conformance.core.LandingPageTests@f58853c]" started-at="2026-04-28T12:50:41 EDT" name="landingPageHasApiDefinitionLink" description="OGC-19-072 http://www.opengis.net/spec/ogcapi-common-1/1.0/req/core/api-definition-success: landing page links contain rel=service-desc OR rel=service-doc (REQ-ETS-CORE-002, SCENARIO-ETS-CORE-API-DEF-FALLBACK-001)" finished-at="2026-04-28T12:50:41 EDT" depends-on-methods="org.opengis.cite.ogcapiconnectedsystems10.conformance.core.LandingPageTests.landingPageHasLinks" duration-ms="0" status="PASS">
          <reporter-output>
          </reporter-output>
        </test-method> <!-- landingPageHasApiDefinitionLink -->
        <test-method signature="landingPageHasConformanceLink()[pri:0, instance:org.opengis.cite.ogcapiconnectedsystems10.conformance.core.LandingPageTests@f58853c]" started-at="2026-04-28T12:50:41 EDT" name="landingPageHasConformanceLink" description="OGC-19-072 http://www.opengis.net/spec/ogcapi-common-1/1.0/req/core/conformance-success: landing page links contain rel=conformance (REQ-ETS-CORE-002, SCENARIO-ETS-CORE-LANDING-001)" finished-at="2026-04-28T12:50:41 EDT" depends-on-methods="org.opengis.cite.ogcapiconnectedsystems10.conformance.core.LandingPageTests.landingPageHasLinks" duration-ms="1" status="PASS">
          <reporter-output>
          </reporter-output>
        </test-method> <!-- landingPageHasConformanceLink -->
      </class> <!-- org.opengis.cite.ogcapiconnectedsystems10.conformance.core.LandingPageTests -->
      <class name="org.opengis.cite.ogcapiconnectedsystems10.SuitePreconditions">
        <test-method is-config="true" signature="verifyIutSet(org.testng.ITestContext)[pri:0, instance:org.opengis.cite.ogcapiconnectedsystems10.SuitePreconditions@37313c65]" started-at="2026-04-28T12:50:40 EDT" name="verifyIutSet" finished-at="2026-04-28T12:50:40 EDT" duration-ms="10" status="PASS">
          <params>
            <param index="0">
              <value>
                <![CDATA[org.testng.TestRunner@42679fc2]]>
              </value>
            </param>
          </params>
          <reporter-output>
          </reporter-output>
        </test-method> <!-- verifyIutSet -->
      </class> <!-- org.opengis.cite.ogcapiconnectedsystems10.SuitePreconditions -->
    </test> <!-- Conformance Class - Core (OGC 23-001 /conf/core) -->
  </suite> <!-- ogcapi-connectedsystems10-georobotix-smoke -->
</testng-results>
