<?xml version="1.0" encoding="UTF-8"?>
<testsuite name="org.sensorhub.impl.service.consys.TestControlStreams" tests="5" skipped="0" failures="0" errors="0" timestamp="2026-06-03T17:43:34" hostname="d4abebef1489" time="2.665">
  <properties/>
  <testcase name="testAddSystemAndControls" classname="org.sensorhub.impl.service.consys.TestControlStreams" time="1.52"/>
  <testcase name="testSchemaRequestsUseJsonContentTypeAndCmdFormatAlias" classname="org.sensorhub.impl.service.consys.TestControlStreams" time="0.301"/>
  <testcase name="testFilteredEmptyCommandCollectionWithNonEmptyStore" classname="org.sensorhub.impl.service.consys.TestControlStreams" time="0.306"/>
  <testcase name="testEmptyCommandCollectionAndCount" classname="org.sensorhub.impl.service.consys.TestControlStreams" time="0.284"/>
  <testcase name="testInvalidCommandFilterDoesNotReturnEmptySuccess" classname="org.sensorhub.impl.service.consys.TestControlStreams" time="0.252"/>
  <system-out><![CDATA[2026-06-03 17:43:35.096 [Test worker] INFO  SensorHub - *****************************************
2026-06-03 17:43:35.098 [Test worker] INFO  SensorHub - Starting SensorHub...
2026-06-03 17:43:35.102 [Test worker] INFO  SensorHub - Version: 2.0.1
2026-06-03 17:43:35.103 [Test worker] INFO  SensorHub - Build number: b7a14b7
2026-06-03 17:43:35.103 [Test worker] INFO  SensorHub - JDK version: OpenJDK 64-Bit Server VM, 17.0.13+11, Eclipse Adoptium
2026-06-03 17:43:35.103 [Test worker] INFO  SensorHub - OS type: Linux, amd64
2026-06-03 17:43:35.103 [Test worker] INFO  SensorHub - CPU cores: 24
2026-06-03 17:43:35.104 [Test worker] INFO  SensorHub - CommonPool parallelism: 23
2026-06-03 17:43:35.173 [Test worker] INFO  DefaultDatabaseRegistry - Registering database SystemDriverDatabase with ID 0
2026-06-03 17:43:35.176 [Test worker] INFO  ModuleRegistry - Loading modules...
2026-06-03 17:43:35.176 [Test worker] INFO  ModuleRegistry - Starting datastore connectors
2026-06-03 17:43:35.177 [Test worker] INFO  ModuleRegistry - All datastores ready. Starting all other modules
2026-06-03 17:43:35.193 [ModuleRegistry-1] INFO  ModuleRegistry - Initializing module 'HTTP Server' [HTTP_SERVER_0]
2026-06-03 17:43:35.203 [ModuleRegistry-1] INFO  ModuleRegistry - Module 'HTTP Server' [HTTP_SERVER_0] initialized
2026-06-03 17:43:35.204 [ModuleRegistry-1] INFO  ModuleRegistry - Starting module 'HTTP Server' [HTTP_SERVER_0]
2026-06-03 17:43:35.263 [ModuleRegistry-1] INFO  HttpServer:5360b40b - Static resources root is /
2026-06-03 17:43:35.275 [ModuleRegistry-1] INFO  HttpServer:5360b40b - Servlets root is /sensorhub
2026-06-03 17:43:35.332 [ModuleRegistry-1] INFO  HttpServer:5360b40b - HTTP server started on port 8888
2026-06-03 17:43:35.333 [ModuleRegistry-1] INFO  ModuleRegistry - Module 'HTTP Server' [HTTP_SERVER_0] started
2026-06-03 17:43:35.335 [ModuleRegistry-1] INFO  ModuleRegistry - Initializing module 'SWE API Database' [3728c7e7-b7b8-40f3-949b-9106da5993e9]
2026-06-03 17:43:35.346 [ModuleRegistry-1] INFO  ModuleRegistry - Module 'SWE API Database' [3728c7e7-b7b8-40f3-949b-9106da5993e9] initialized
2026-06-03 17:43:35.347 [ModuleRegistry-1] INFO  ModuleRegistry - Starting module 'SWE API Database' [3728c7e7-b7b8-40f3-949b-9106da5993e9]
2026-06-03 17:43:35.430 [ModuleRegistry-1] INFO  DefaultDatabaseRegistry - Registering database MVObsSystemDatabase with ID 2
2026-06-03 17:43:35.431 [ModuleRegistry-1] INFO  ModuleRegistry - Module 'SWE API Database' [3728c7e7-b7b8-40f3-949b-9106da5993e9] started
2026-06-03 17:43:35.435 [ModuleRegistry-1] INFO  ModuleRegistry - Initializing module 'ConSys API Service' [8805a567-2990-4295-b9b2-871659804fa6]
2026-06-03 17:43:35.443 [ModuleRegistry-1] INFO  ModuleRegistry - Module 'ConSys API Service' [8805a567-2990-4295-b9b2-871659804fa6] initialized
2026-06-03 17:43:35.443 [ModuleRegistry-1] INFO  ModuleRegistry - Starting module 'ConSys API Service' [8805a567-2990-4295-b9b2-871659804fa6]
2026-06-03 17:43:35.489 [ModuleRegistry-1] INFO  ModuleRegistry - Module 'ConSys API Service' [8805a567-2990-4295-b9b2-871659804fa6] started
2026-06-03 17:43:35.660 [Test worker] INFO  AbstractTestApiBase - POST http://localhost:8888/sensorhub/api/systems
2026-06-03 17:43:35.731 [qtp1464824625-51] INFO  ConSysApiService:762a22d6 - POST /sensorhub/api/systems (from ip=127.0.0.1, user=anonymous)
2026-06-03 17:43:35.815 [Test worker] INFO  AbstractTestApiBase - POST http://localhost:8888/sensorhub/api/systems/080g/controlstreams
2026-06-03 17:43:35.819 [qtp1464824625-29] INFO  ConSysApiService:762a22d6 - POST /sensorhub/api/systems/080g/controlstreams (from ip=127.0.0.1, user=anonymous)
2026-06-03 17:43:35.863 [Test worker] INFO  AbstractTestApiBase - GET http://localhost:8888/sensorhub/api/controlstreams/080g
2026-06-03 17:43:35.867 [qtp1464824625-30] INFO  ConSysApiService:762a22d6 - GET /sensorhub/api/controlstreams/080g (from ip=127.0.0.1, user=anonymous)
2026-06-03 17:43:35.893 [Test worker] INFO  AbstractTestApiBase - POST http://localhost:8888/sensorhub/api/systems/080g/controlstreams
2026-06-03 17:43:35.897 [qtp1464824625-31] INFO  ConSysApiService:762a22d6 - POST /sensorhub/api/systems/080g/controlstreams (from ip=127.0.0.1, user=anonymous)
2026-06-03 17:43:35.901 [Test worker] INFO  AbstractTestApiBase - GET http://localhost:8888/sensorhub/api/controlstreams/0810
2026-06-03 17:43:35.904 [qtp1464824625-32] INFO  ConSysApiService:762a22d6 - GET /sensorhub/api/controlstreams/0810 (from ip=127.0.0.1, user=anonymous)
2026-06-03 17:43:35.910 [Test worker] INFO  AbstractTestApiBase - POST http://localhost:8888/sensorhub/api/systems/080g/controlstreams
2026-06-03 17:43:35.913 [qtp1464824625-33] INFO  ConSysApiService:762a22d6 - POST /sensorhub/api/systems/080g/controlstreams (from ip=127.0.0.1, user=anonymous)
2026-06-03 17:43:35.919 [Test worker] INFO  AbstractTestApiBase - GET http://localhost:8888/sensorhub/api/controlstreams/081g
2026-06-03 17:43:35.924 [qtp1464824625-34] INFO  ConSysApiService:762a22d6 - GET /sensorhub/api/controlstreams/081g (from ip=127.0.0.1, user=anonymous)
2026-06-03 17:43:35.930 [Test worker] INFO  AbstractTestApiBase - POST http://localhost:8888/sensorhub/api/systems/080g/controlstreams
2026-06-03 17:43:35.934 [qtp1464824625-36] INFO  ConSysApiService:762a22d6 - POST /sensorhub/api/systems/080g/controlstreams (from ip=127.0.0.1, user=anonymous)
2026-06-03 17:43:35.939 [Test worker] INFO  AbstractTestApiBase - GET http://localhost:8888/sensorhub/api/controlstreams/0820
2026-06-03 17:43:35.943 [qtp1464824625-37] INFO  ConSysApiService:762a22d6 - GET /sensorhub/api/controlstreams/0820 (from ip=127.0.0.1, user=anonymous)
2026-06-03 17:43:35.949 [Test worker] INFO  AbstractTestApiBase - POST http://localhost:8888/sensorhub/api/systems/080g/controlstreams
2026-06-03 17:43:35.952 [qtp1464824625-38] INFO  ConSysApiService:762a22d6 - POST /sensorhub/api/systems/080g/controlstreams (from ip=127.0.0.1, user=anonymous)
2026-06-03 17:43:35.957 [Test worker] INFO  AbstractTestApiBase - GET http://localhost:8888/sensorhub/api/controlstreams/082g
2026-06-03 17:43:35.961 [qtp1464824625-39] INFO  ConSysApiService:762a22d6 - GET /sensorhub/api/controlstreams/082g (from ip=127.0.0.1, user=anonymous)
2026-06-03 17:43:35.966 [Test worker] INFO  AbstractTestApiBase - POST http://localhost:8888/sensorhub/api/systems/080g/controlstreams
2026-06-03 17:43:35.968 [qtp1464824625-27] INFO  ConSysApiService:762a22d6 - POST /sensorhub/api/systems/080g/controlstreams (from ip=127.0.0.1, user=anonymous)
2026-06-03 17:43:35.973 [Test worker] INFO  AbstractTestApiBase - GET http://localhost:8888/sensorhub/api/controlstreams/0830
2026-06-03 17:43:35.976 [qtp1464824625-28] INFO  ConSysApiService:762a22d6 - GET /sensorhub/api/controlstreams/0830 (from ip=127.0.0.1, user=anonymous)
2026-06-03 17:43:35.982 [Test worker] INFO  AbstractTestApiBase - POST http://localhost:8888/sensorhub/api/systems/080g/controlstreams
2026-06-03 17:43:35.985 [qtp1464824625-46] INFO  ConSysApiService:762a22d6 - POST /sensorhub/api/systems/080g/controlstreams (from ip=127.0.0.1, user=anonymous)
2026-06-03 17:43:35.990 [Test worker] INFO  AbstractTestApiBase - GET http://localhost:8888/sensorhub/api/controlstreams/083g
2026-06-03 17:43:35.993 [qtp1464824625-51] INFO  ConSysApiService:762a22d6 - GET /sensorhub/api/controlstreams/083g (from ip=127.0.0.1, user=anonymous)
2026-06-03 17:43:35.998 [Test worker] INFO  AbstractTestApiBase - POST http://localhost:8888/sensorhub/api/systems/080g/controlstreams
2026-06-03 17:43:36.002 [qtp1464824625-29] INFO  ConSysApiService:762a22d6 - POST /sensorhub/api/systems/080g/controlstreams (from ip=127.0.0.1, user=anonymous)
2026-06-03 17:43:36.006 [Test worker] INFO  AbstractTestApiBase - GET http://localhost:8888/sensorhub/api/controlstreams/0840
2026-06-03 17:43:36.010 [qtp1464824625-30] INFO  ConSysApiService:762a22d6 - GET /sensorhub/api/controlstreams/0840 (from ip=127.0.0.1, user=anonymous)
2026-06-03 17:43:36.015 [Test worker] INFO  AbstractTestApiBase - POST http://localhost:8888/sensorhub/api/systems/080g/controlstreams
2026-06-03 17:43:36.019 [qtp1464824625-31] INFO  ConSysApiService:762a22d6 - POST /sensorhub/api/systems/080g/controlstreams (from ip=127.0.0.1, user=anonymous)
2026-06-03 17:43:36.023 [Test worker] INFO  AbstractTestApiBase - GET http://localhost:8888/sensorhub/api/controlstreams/084g
2026-06-03 17:43:36.028 [qtp1464824625-32] INFO  ConSysApiService:762a22d6 - GET /sensorhub/api/controlstreams/084g (from ip=127.0.0.1, user=anonymous)
2026-06-03 17:43:36.033 [Test worker] INFO  AbstractTestApiBase - POST http://localhost:8888/sensorhub/api/systems/080g/controlstreams
2026-06-03 17:43:36.036 [qtp1464824625-33] INFO  ConSysApiService:762a22d6 - POST /sensorhub/api/systems/080g/controlstreams (from ip=127.0.0.1, user=anonymous)
2026-06-03 17:43:36.041 [Test worker] INFO  AbstractTestApiBase - GET http://localhost:8888/sensorhub/api/controlstreams/0850
2026-06-03 17:43:36.045 [qtp1464824625-34] INFO  ConSysApiService:762a22d6 - GET /sensorhub/api/controlstreams/0850 (from ip=127.0.0.1, user=anonymous)
2026-06-03 17:43:36.049 [Test worker] INFO  AbstractTestApiBase - GET http://localhost:8888/sensorhub/api/systems/080g/controlstreams
2026-06-03 17:43:36.053 [qtp1464824625-36] INFO  ConSysApiService:762a22d6 - GET /sensorhub/api/systems/080g/controlstreams (from ip=127.0.0.1, user=anonymous)
{
  "items": [
    {
      "id": "080g",
      "name": "Name of control input000",
      "system@id": "080g",
      "system@link": {
        "href": "http://localhost:8888/sensorhub/api/systems/080g?f\u003djson",
        "uid": "urn:osh:sys:test001",
        "type": "application/geo+json"
      },
      "inputName": "input000",
      "validTime": [
        "2026-06-03T17:43:35.840705763Z",
        "now"
      ],
      "async": true,
      "controlledProperties": [
        {
          "label": "Component 1"
        },
        {
          "label": "Component 2"
        }
      ],
      "formats": [
        "application/json",
        "application/swe+json",
        "application/swe+text",
        "application/swe+xml",
        "application/swe+binary"
      ]
    },
    {
      "id": "0810",
      "name": "Name of control input001",
      "system@id": "080g",
      "system@link": {
        "href": "http://localhost:8888/sensorhub/api/systems/080g?f\u003djson",
        "uid": "urn:osh:sys:test001",
        "type": "application/geo+json"
      },
      "inputName": "input001",
      "validTime": [
        "2026-06-03T17:43:35.899048109Z",
        "now"
      ],
      "async": true,
      "controlledProperties": [
        {
          "label": "Component 1"
        },
        {
          "label": "Component 2"
        }
      ],
      "formats": [
        "application/json",
        "application/swe+json",
        "application/swe+text",
        "application/swe+xml",
        "application/swe+binary"
      ]
    },
    {
      "id": "081g",
      "name": "Name of control input002",
      "system@id": "080g",
      "system@link": {
        "href": "http://localhost:8888/sensorhub/api/systems/080g?f\u003djson",
        "uid": "urn:osh:sys:test001",
        "type": "application/geo+json"
      },
      "inputName": "input002",
      "validTime": [
        "2026-06-03T17:43:35.916623315Z",
        "now"
      ],
      "async": true,
      "controlledProperties": [
        {
          "label": "Component 1"
        },
        {
          "label": "Component 2"
        }
      ],
      "formats": [
        "application/json",
        "application/swe+json",
        "application/swe+text",
        "application/swe+xml",
        "application/swe+binary"
      ]
    },
    {
      "id": "0820",
      "name": "Name of control input003",
      "system@id": "080g",
      "system@link": {
        "href": "http://localhost:8888/sensorhub/api/systems/080g?f\u003djson",
        "uid": "urn:osh:sys:test001",
        "type": "application/geo+json"
      },
      "inputName": "input003",
      "validTime": [
        "2026-06-03T17:43:35.936601042Z",
        "now"
      ],
      "async": true,
      "controlledProperties": [
        {
          "label": "Component 1"
        },
        {
          "label": "Component 2"
        }
      ],
      "formats": [
        "application/json",
        "application/swe+json",
        "application/swe+text",
        "application/swe+xml",
        "application/swe+binary"
      ]
    },
    {
      "id": "082g",
      "name": "Name of control input004",
      "system@id": "080g",
      "system@link": {
        "href": "http://localhost:8888/sensorhub/api/systems/080g?f\u003djson",
        "uid": "urn:osh:sys:test001",
        "type": "application/geo+json"
      },
      "inputName": "input004",
      "validTime": [
        "2026-06-03T17:43:35.95456382Z",
        "now"
      ],
      "async": true,
      "controlledProperties": [
        {
          "label": "Component 1"
        },
        {
          "label": "Component 2"
        }
      ],
      "formats": [
        "application/json",
        "application/swe+json",
        "application/swe+text",
        "application/swe+xml",
        "application/swe+binary"
      ]
    },
    {
      "id": "0830",
      "name": "Name of control input005",
      "system@id": "080g",
      "system@link": {
        "href": "http://localhost:8888/sensorhub/api/systems/080g?f\u003djson",
        "uid": "urn:osh:sys:test001",
        "type": "application/geo+json"
      },
      "inputName": "input005",
      "validTime": [
        "2026-06-03T17:43:35.971143497Z",
        "now"
      ],
      "async": true,
      "controlledProperties": [
        {
          "label": "Component 1"
        },
        {
          "label": "Component 2"
        }
      ],
      "formats": [
        "application/json",
        "application/swe+json",
        "application/swe+text",
        "application/swe+xml",
        "application/swe+binary"
      ]
    },
    {
      "id": "083g",
      "name": "Name of control input006",
      "system@id": "080g",
      "system@link": {
        "href": "http://localhost:8888/sensorhub/api/systems/080g?f\u003djson",
        "uid": "urn:osh:sys:test001",
        "type": "application/geo+json"
      },
      "inputName": "input006",
      "validTime": [
        "2026-06-03T17:43:35.98680997Z",
        "now"
      ],
      "async": true,
      "controlledProperties": [
        {
          "label": "Component 1"
        },
        {
          "label": "Component 2"
        }
      ],
      "formats": [
        "application/json",
        "application/swe+json",
        "application/swe+text",
        "application/swe+xml",
        "application/swe+binary"
      ]
    },
    {
      "id": "0840",
      "name": "Name of control input007",
      "system@id": "080g",
      "system@link": {
        "href": "http://localhost:8888/sensorhub/api/systems/080g?f\u003djson",
        "uid": "urn:osh:sys:test001",
        "type": "application/geo+json"
      },
      "inputName": "input007",
      "validTime": [
        "2026-06-03T17:43:36.003664084Z",
        "now"
      ],
      "async": true,
      "controlledProperties": [
        {
          "label": "Component 1"
        },
        {
          "label": "Component 2"
        }
      ],
      "formats": [
        "application/json",
        "application/swe+json",
        "application/swe+text",
        "application/swe+xml",
        "application/swe+binary"
      ]
    },
    {
      "id": "084g",
      "name": "Name of control input008",
      "system@id": "080g",
      "system@link": {
        "href": "http://localhost:8888/sensorhub/api/systems/080g?f\u003djson",
        "uid": "urn:osh:sys:test001",
        "type": "application/geo+json"
      },
      "inputName": "input008",
      "validTime": [
        "2026-06-03T17:43:36.020593641Z",
        "now"
      ],
      "async": true,
      "controlledProperties": [
        {
          "label": "Component 1"
        },
        {
          "label": "Component 2"
        }
      ],
      "formats": [
        "application/json",
        "application/swe+json",
        "application/swe+text",
        "application/swe+xml",
        "application/swe+binary"
      ]
    },
    {
      "id": "0850",
      "name": "Name of control input009",
      "system@id": "080g",
      "system@link": {
        "href": "http://localhost:8888/sensorhub/api/systems/080g?f\u003djson",
        "uid": "urn:osh:sys:test001",
        "type": "application/geo+json"
      },
      "inputName": "input009",
      "validTime": [
        "2026-06-03T17:43:36.038610696Z",
        "now"
      ],
      "async": true,
      "controlledProperties": [
        {
          "label": "Component 1"
        },
        {
          "label": "Component 2"
        }
      ],
      "formats": [
        "application/json",
        "application/swe+json",
        "application/swe+text",
        "application/swe+xml",
        "application/swe+binary"
      ]
    }
  ]
}
2026-06-03 17:43:36.084 [Test worker] INFO  ModuleRegistry - Module registry shutdown initiated
2026-06-03 17:43:36.084 [Test worker] INFO  ModuleRegistry - Stopping all modules (saving config = false, saving state = true)
2026-06-03 17:43:36.086 [ModuleRegistry-1] INFO  ModuleRegistry - Stopping module 'HTTP Server' [HTTP_SERVER_0]
2026-06-03 17:43:36.087 [ModuleRegistry-2] INFO  ModuleRegistry - Stopping module 'ConSys API Service' [8805a567-2990-4295-b9b2-871659804fa6]
2026-06-03 17:43:36.088 [ModuleRegistry-2] INFO  ModuleRegistry - Module 'ConSys API Service' [8805a567-2990-4295-b9b2-871659804fa6] stopped
2026-06-03 17:43:36.106 [ModuleRegistry-1] INFO  ModuleRegistry - Module 'HTTP Server' [HTTP_SERVER_0] stopped
2026-06-03 17:43:36.192 [ModuleRegistry-1] INFO  ModuleRegistry - Stopping module 'SWE API Database' [3728c7e7-b7b8-40f3-949b-9106da5993e9]
2026-06-03 17:43:36.208 [ModuleRegistry-1] INFO  ModuleRegistry - Module 'SWE API Database' [3728c7e7-b7b8-40f3-949b-9106da5993e9] stopped
2026-06-03 17:43:36.300 [Test worker] INFO  SensorHub - SensorHub was cleanly stopped
2026-06-03 17:43:36.302 [Test worker] INFO  SensorHub - *****************************************
2026-06-03 17:43:36.302 [Test worker] INFO  SensorHub - Starting SensorHub...
2026-06-03 17:43:36.303 [Test worker] INFO  SensorHub - Version: 2.0.1
2026-06-03 17:43:36.303 [Test worker] INFO  SensorHub - Build number: b7a14b7
2026-06-03 17:43:36.303 [Test worker] INFO  SensorHub - JDK version: OpenJDK 64-Bit Server VM, 17.0.13+11, Eclipse Adoptium
2026-06-03 17:43:36.303 [Test worker] INFO  SensorHub - OS type: Linux, amd64
2026-06-03 17:43:36.303 [Test worker] INFO  SensorHub - CPU cores: 24
2026-06-03 17:43:36.303 [Test worker] INFO  SensorHub - CommonPool parallelism: 23
2026-06-03 17:43:36.304 [Test worker] INFO  DefaultDatabaseRegistry - Registering database SystemDriverDatabase with ID 0
2026-06-03 17:43:36.304 [Test worker] INFO  ModuleRegistry - Loading modules...
2026-06-03 17:43:36.304 [Test worker] INFO  ModuleRegistry - Starting datastore connectors
2026-06-03 17:43:36.304 [Test worker] INFO  ModuleRegistry - All datastores ready. Starting all other modules
2026-06-03 17:43:36.305 [ModuleRegistry-1] INFO  ModuleRegistry - Initializing module 'HTTP Server' [HTTP_SERVER_0]
2026-06-03 17:43:36.311 [ModuleRegistry-1] INFO  ModuleRegistry - Module 'HTTP Server' [HTTP_SERVER_0] initialized
2026-06-03 17:43:36.311 [ModuleRegistry-1] INFO  ModuleRegistry - Starting module 'HTTP Server' [HTTP_SERVER_0]
2026-06-03 17:43:36.312 [ModuleRegistry-1] INFO  HttpServer:5360b40b - Static resources root is /
2026-06-03 17:43:36.312 [ModuleRegistry-1] INFO  HttpServer:5360b40b - Servlets root is /sensorhub
2026-06-03 17:43:36.322 [ModuleRegistry-1] INFO  HttpServer:5360b40b - HTTP server started on port 8888
2026-06-03 17:43:36.323 [ModuleRegistry-1] INFO  ModuleRegistry - Module 'HTTP Server' [HTTP_SERVER_0] started
2026-06-03 17:43:36.323 [ModuleRegistry-1] INFO  ModuleRegistry - Initializing module 'SWE API Database' [d376aa25-5f6f-46c8-8866-5882fd58f65b]
2026-06-03 17:43:36.329 [ModuleRegistry-1] INFO  ModuleRegistry - Module 'SWE API Database' [d376aa25-5f6f-46c8-8866-5882fd58f65b] initialized
2026-06-03 17:43:36.329 [ModuleRegistry-1] INFO  ModuleRegistry - Starting module 'SWE API Database' [d376aa25-5f6f-46c8-8866-5882fd58f65b]
2026-06-03 17:43:36.334 [ModuleRegistry-1] INFO  DefaultDatabaseRegistry - Registering database MVObsSystemDatabase with ID 2
2026-06-03 17:43:36.334 [ModuleRegistry-1] INFO  ModuleRegistry - Module 'SWE API Database' [d376aa25-5f6f-46c8-8866-5882fd58f65b] started
2026-06-03 17:43:36.334 [ModuleRegistry-1] INFO  ModuleRegistry - Initializing module 'ConSys API Service' [b8ffb84f-4639-4dd7-bec8-40c63928afbb]
2026-06-03 17:43:36.339 [ModuleRegistry-1] INFO  ModuleRegistry - Module 'ConSys API Service' [b8ffb84f-4639-4dd7-bec8-40c63928afbb] initialized
2026-06-03 17:43:36.339 [ModuleRegistry-1] INFO  ModuleRegistry - Starting module 'ConSys API Service' [b8ffb84f-4639-4dd7-bec8-40c63928afbb]
2026-06-03 17:43:36.341 [ModuleRegistry-1] INFO  ModuleRegistry - Module 'ConSys API Service' [b8ffb84f-4639-4dd7-bec8-40c63928afbb] started
2026-06-03 17:43:36.342 [Test worker] INFO  AbstractTestApiBase - POST http://localhost:8888/sensorhub/api/systems
2026-06-03 17:43:36.345 [qtp2069127511-167] INFO  ConSysApiService:1e20b401 - POST /sensorhub/api/systems (from ip=127.0.0.1, user=anonymous)
2026-06-03 17:43:36.352 [Test worker] INFO  AbstractTestApiBase - POST http://localhost:8888/sensorhub/api/systems/080g/controlstreams
2026-06-03 17:43:36.362 [qtp2069127511-146] INFO  ConSysApiService:1e20b401 - POST /sensorhub/api/systems/080g/controlstreams (from ip=127.0.0.1, user=anonymous)
2026-06-03 17:43:36.371 [Test worker] INFO  AbstractTestApiBase - GET http://localhost:8888/sensorhub/api/controlstreams/080g
2026-06-03 17:43:36.374 [qtp2069127511-147] INFO  ConSysApiService:1e20b401 - GET /sensorhub/api/controlstreams/080g (from ip=127.0.0.1, user=anonymous)
2026-06-03 17:43:36.377 [Test worker] INFO  AbstractTestApiBase - GET http://localhost:8888/sensorhub/api/controlstreams/080g/schema?cmdFormat=application/swe%2Btext
2026-06-03 17:43:36.381 [qtp2069127511-148] INFO  ConSysApiService:1e20b401 - GET /sensorhub/api/controlstreams/080g/schema?cmdFormat=application/swe%2Btext (from ip=127.0.0.1, user=anonymous)
2026-06-03 17:43:36.386 [Test worker] INFO  AbstractTestApiBase - GET http://localhost:8888/sensorhub/api/controlstreams/080g/schema?cmdFormat=application/swe%2Bjson
2026-06-03 17:43:36.389 [qtp2069127511-149] INFO  ConSysApiService:1e20b401 - GET /sensorhub/api/controlstreams/080g/schema?cmdFormat=application/swe%2Bjson (from ip=127.0.0.1, user=anonymous)
2026-06-03 17:43:36.392 [Test worker] INFO  AbstractTestApiBase - GET http://localhost:8888/sensorhub/api/controlstreams/080g/schema?commandFormat=application/swe%2Bbinary
2026-06-03 17:43:36.396 [qtp2069127511-150] INFO  ConSysApiService:1e20b401 - GET /sensorhub/api/controlstreams/080g/schema?commandFormat=application/swe%2Bbinary (from ip=127.0.0.1, user=anonymous)
2026-06-03 17:43:36.401 [Test worker] INFO  ModuleRegistry - Module registry shutdown initiated
2026-06-03 17:43:36.401 [Test worker] INFO  ModuleRegistry - Stopping all modules (saving config = false, saving state = true)
2026-06-03 17:43:36.402 [ModuleRegistry-1] INFO  ModuleRegistry - Stopping module 'HTTP Server' [HTTP_SERVER_0]
2026-06-03 17:43:36.402 [ModuleRegistry-2] INFO  ModuleRegistry - Stopping module 'ConSys API Service' [b8ffb84f-4639-4dd7-bec8-40c63928afbb]
2026-06-03 17:43:36.403 [ModuleRegistry-2] INFO  ModuleRegistry - Module 'ConSys API Service' [b8ffb84f-4639-4dd7-bec8-40c63928afbb] stopped
2026-06-03 17:43:36.410 [ModuleRegistry-1] INFO  ModuleRegistry - Module 'HTTP Server' [HTTP_SERVER_0] stopped
2026-06-03 17:43:36.503 [ModuleRegistry-1] INFO  ModuleRegistry - Stopping module 'SWE API Database' [d376aa25-5f6f-46c8-8866-5882fd58f65b]
2026-06-03 17:43:36.523 [ModuleRegistry-1] INFO  ModuleRegistry - Module 'SWE API Database' [d376aa25-5f6f-46c8-8866-5882fd58f65b] stopped
2026-06-03 17:43:36.603 [Test worker] INFO  SensorHub - SensorHub was cleanly stopped
2026-06-03 17:43:36.604 [Test worker] INFO  SensorHub - *****************************************
2026-06-03 17:43:36.604 [Test worker] INFO  SensorHub - Starting SensorHub...
2026-06-03 17:43:36.604 [Test worker] INFO  SensorHub - Version: 2.0.1
2026-06-03 17:43:36.605 [Test worker] INFO  SensorHub - Build number: b7a14b7
2026-06-03 17:43:36.605 [Test worker] INFO  SensorHub - JDK version: OpenJDK 64-Bit Server VM, 17.0.13+11, Eclipse Adoptium
2026-06-03 17:43:36.605 [Test worker] INFO  SensorHub - OS type: Linux, amd64
2026-06-03 17:43:36.605 [Test worker] INFO  SensorHub - CPU cores: 24
2026-06-03 17:43:36.605 [Test worker] INFO  SensorHub - CommonPool parallelism: 23
2026-06-03 17:43:36.606 [Test worker] INFO  DefaultDatabaseRegistry - Registering database SystemDriverDatabase with ID 0
2026-06-03 17:43:36.606 [Test worker] INFO  ModuleRegistry - Loading modules...
2026-06-03 17:43:36.606 [Test worker] INFO  ModuleRegistry - Starting datastore connectors
2026-06-03 17:43:36.606 [Test worker] INFO  ModuleRegistry - All datastores ready. Starting all other modules
2026-06-03 17:43:36.606 [ModuleRegistry-1] INFO  ModuleRegistry - Initializing module 'HTTP Server' [HTTP_SERVER_0]
2026-06-03 17:43:36.611 [ModuleRegistry-1] INFO  ModuleRegistry - Module 'HTTP Server' [HTTP_SERVER_0] initialized
2026-06-03 17:43:36.611 [ModuleRegistry-1] INFO  ModuleRegistry - Starting module 'HTTP Server' [HTTP_SERVER_0]
2026-06-03 17:43:36.612 [ModuleRegistry-1] INFO  HttpServer:5360b40b - Static resources root is /
2026-06-03 17:43:36.612 [ModuleRegistry-1] INFO  HttpServer:5360b40b - Servlets root is /sensorhub
2026-06-03 17:43:36.623 [ModuleRegistry-1] INFO  HttpServer:5360b40b - HTTP server started on port 8888
2026-06-03 17:43:36.623 [ModuleRegistry-1] INFO  ModuleRegistry - Module 'HTTP Server' [HTTP_SERVER_0] started
2026-06-03 17:43:36.623 [ModuleRegistry-1] INFO  ModuleRegistry - Initializing module 'SWE API Database' [fb913bf9-65c1-4b87-ba5d-50e869aeeed8]
2026-06-03 17:43:36.627 [ModuleRegistry-1] INFO  ModuleRegistry - Module 'SWE API Database' [fb913bf9-65c1-4b87-ba5d-50e869aeeed8] initialized
2026-06-03 17:43:36.627 [ModuleRegistry-1] INFO  ModuleRegistry - Starting module 'SWE API Database' [fb913bf9-65c1-4b87-ba5d-50e869aeeed8]
2026-06-03 17:43:36.631 [ModuleRegistry-1] INFO  DefaultDatabaseRegistry - Registering database MVObsSystemDatabase with ID 2
2026-06-03 17:43:36.631 [ModuleRegistry-1] INFO  ModuleRegistry - Module 'SWE API Database' [fb913bf9-65c1-4b87-ba5d-50e869aeeed8] started
2026-06-03 17:43:36.632 [ModuleRegistry-1] INFO  ModuleRegistry - Initializing module 'ConSys API Service' [c373f109-2821-4488-ad7c-5f0531398931]
2026-06-03 17:43:36.635 [ModuleRegistry-1] INFO  ModuleRegistry - Module 'ConSys API Service' [c373f109-2821-4488-ad7c-5f0531398931] initialized
2026-06-03 17:43:36.635 [ModuleRegistry-1] INFO  ModuleRegistry - Starting module 'ConSys API Service' [c373f109-2821-4488-ad7c-5f0531398931]
2026-06-03 17:43:36.637 [ModuleRegistry-1] INFO  ModuleRegistry - Module 'ConSys API Service' [c373f109-2821-4488-ad7c-5f0531398931] started
2026-06-03 17:43:36.638 [Test worker] INFO  AbstractTestApiBase - POST http://localhost:8888/sensorhub/api/systems
2026-06-03 17:43:36.642 [qtp340912925-216] INFO  ConSysApiService:33cfaae5 - POST /sensorhub/api/systems (from ip=127.0.0.1, user=anonymous)
2026-06-03 17:43:36.648 [Test worker] INFO  AbstractTestApiBase - POST http://localhost:8888/sensorhub/api/systems/080g/controlstreams
2026-06-03 17:43:36.651 [qtp340912925-195] INFO  ConSysApiService:33cfaae5 - POST /sensorhub/api/systems/080g/controlstreams (from ip=127.0.0.1, user=anonymous)
2026-06-03 17:43:36.658 [Test worker] INFO  AbstractTestApiBase - GET http://localhost:8888/sensorhub/api/controlstreams/080g
2026-06-03 17:43:36.662 [qtp340912925-196] INFO  ConSysApiService:33cfaae5 - GET /sensorhub/api/controlstreams/080g (from ip=127.0.0.1, user=anonymous)
2026-06-03 17:43:36.667 [Test worker] INFO  AbstractTestApiBase - POST http://localhost:8888/sensorhub/api/systems/080g/controlstreams
2026-06-03 17:43:36.670 [qtp340912925-197] INFO  ConSysApiService:33cfaae5 - POST /sensorhub/api/systems/080g/controlstreams (from ip=127.0.0.1, user=anonymous)
2026-06-03 17:43:36.674 [Test worker] INFO  AbstractTestApiBase - GET http://localhost:8888/sensorhub/api/controlstreams/0810
2026-06-03 17:43:36.677 [qtp340912925-198] INFO  ConSysApiService:33cfaae5 - GET /sensorhub/api/controlstreams/0810 (from ip=127.0.0.1, user=anonymous)
2026-06-03 17:43:36.689 [Test worker] INFO  AbstractTestApiBase - GET http://localhost:8888/sensorhub/api/controlstreams/0810/commands
2026-06-03 17:43:36.694 [qtp340912925-199] INFO  ConSysApiService:33cfaae5 - GET /sensorhub/api/controlstreams/0810/commands (from ip=127.0.0.1, user=anonymous)
2026-06-03 17:43:36.699 [Test worker] INFO  AbstractTestApiBase - GET http://localhost:8888/sensorhub/api/controlstreams/0810/commands/count
2026-06-03 17:43:36.704 [qtp340912925-200] INFO  ConSysApiService:33cfaae5 - GET /sensorhub/api/controlstreams/0810/commands/count (from ip=127.0.0.1, user=anonymous)
2026-06-03 17:43:36.706 [Test worker] INFO  ModuleRegistry - Module registry shutdown initiated
2026-06-03 17:43:36.706 [Test worker] INFO  ModuleRegistry - Stopping all modules (saving config = false, saving state = true)
2026-06-03 17:43:36.706 [ModuleRegistry-1] INFO  ModuleRegistry - Stopping module 'HTTP Server' [HTTP_SERVER_0]
2026-06-03 17:43:36.706 [ModuleRegistry-2] INFO  ModuleRegistry - Stopping module 'ConSys API Service' [c373f109-2821-4488-ad7c-5f0531398931]
2026-06-03 17:43:36.707 [ModuleRegistry-2] INFO  ModuleRegistry - Module 'ConSys API Service' [c373f109-2821-4488-ad7c-5f0531398931] stopped
2026-06-03 17:43:36.714 [ModuleRegistry-1] INFO  ModuleRegistry - Module 'HTTP Server' [HTTP_SERVER_0] stopped
2026-06-03 17:43:36.807 [ModuleRegistry-1] INFO  ModuleRegistry - Stopping module 'SWE API Database' [fb913bf9-65c1-4b87-ba5d-50e869aeeed8]
2026-06-03 17:43:36.835 [ModuleRegistry-1] INFO  ModuleRegistry - Module 'SWE API Database' [fb913bf9-65c1-4b87-ba5d-50e869aeeed8] stopped
2026-06-03 17:43:36.910 [Test worker] INFO  SensorHub - SensorHub was cleanly stopped
2026-06-03 17:43:36.911 [Test worker] INFO  SensorHub - *****************************************
2026-06-03 17:43:36.911 [Test worker] INFO  SensorHub - Starting SensorHub...
2026-06-03 17:43:36.911 [Test worker] INFO  SensorHub - Version: 2.0.1
2026-06-03 17:43:36.911 [Test worker] INFO  SensorHub - Build number: b7a14b7
2026-06-03 17:43:36.911 [Test worker] INFO  SensorHub - JDK version: OpenJDK 64-Bit Server VM, 17.0.13+11, Eclipse Adoptium
2026-06-03 17:43:36.911 [Test worker] INFO  SensorHub - OS type: Linux, amd64
2026-06-03 17:43:36.912 [Test worker] INFO  SensorHub - CPU cores: 24
2026-06-03 17:43:36.912 [Test worker] INFO  SensorHub - CommonPool parallelism: 23
2026-06-03 17:43:36.912 [Test worker] INFO  DefaultDatabaseRegistry - Registering database SystemDriverDatabase with ID 0
2026-06-03 17:43:36.912 [Test worker] INFO  ModuleRegistry - Loading modules...
2026-06-03 17:43:36.912 [Test worker] INFO  ModuleRegistry - Starting datastore connectors
2026-06-03 17:43:36.913 [Test worker] INFO  ModuleRegistry - All datastores ready. Starting all other modules
2026-06-03 17:43:36.913 [ModuleRegistry-1] INFO  ModuleRegistry - Initializing module 'HTTP Server' [HTTP_SERVER_0]
2026-06-03 17:43:36.918 [ModuleRegistry-1] INFO  ModuleRegistry - Module 'HTTP Server' [HTTP_SERVER_0] initialized
2026-06-03 17:43:36.918 [ModuleRegistry-1] INFO  ModuleRegistry - Starting module 'HTTP Server' [HTTP_SERVER_0]
2026-06-03 17:43:36.919 [ModuleRegistry-1] INFO  HttpServer:5360b40b - Static resources root is /
2026-06-03 17:43:36.919 [ModuleRegistry-1] INFO  HttpServer:5360b40b - Servlets root is /sensorhub
2026-06-03 17:43:36.930 [ModuleRegistry-1] INFO  HttpServer:5360b40b - HTTP server started on port 8888
2026-06-03 17:43:36.931 [ModuleRegistry-1] INFO  ModuleRegistry - Module 'HTTP Server' [HTTP_SERVER_0] started
2026-06-03 17:43:36.932 [ModuleRegistry-1] INFO  ModuleRegistry - Initializing module 'SWE API Database' [ef330893-1fc0-47a5-b02d-212d9131311b]
2026-06-03 17:43:36.935 [ModuleRegistry-1] INFO  ModuleRegistry - Module 'SWE API Database' [ef330893-1fc0-47a5-b02d-212d9131311b] initialized
2026-06-03 17:43:36.936 [ModuleRegistry-1] INFO  ModuleRegistry - Starting module 'SWE API Database' [ef330893-1fc0-47a5-b02d-212d9131311b]
2026-06-03 17:43:36.940 [ModuleRegistry-1] INFO  DefaultDatabaseRegistry - Registering database MVObsSystemDatabase with ID 2
2026-06-03 17:43:36.940 [ModuleRegistry-1] INFO  ModuleRegistry - Module 'SWE API Database' [ef330893-1fc0-47a5-b02d-212d9131311b] started
2026-06-03 17:43:36.940 [ModuleRegistry-1] INFO  ModuleRegistry - Initializing module 'ConSys API Service' [3e322182-6e6e-47d5-956c-60241ea6f79e]
2026-06-03 17:43:36.944 [ModuleRegistry-1] INFO  ModuleRegistry - Module 'ConSys API Service' [3e322182-6e6e-47d5-956c-60241ea6f79e] initialized
2026-06-03 17:43:36.945 [ModuleRegistry-1] INFO  ModuleRegistry - Starting module 'ConSys API Service' [3e322182-6e6e-47d5-956c-60241ea6f79e]
2026-06-03 17:43:36.947 [ModuleRegistry-1] INFO  ModuleRegistry - Module 'ConSys API Service' [3e322182-6e6e-47d5-956c-60241ea6f79e] started
2026-06-03 17:43:36.948 [Test worker] INFO  AbstractTestApiBase - POST http://localhost:8888/sensorhub/api/systems
2026-06-03 17:43:36.952 [qtp818126180-269] INFO  ConSysApiService:1f835659 - POST /sensorhub/api/systems (from ip=127.0.0.1, user=anonymous)
2026-06-03 17:43:36.958 [Test worker] INFO  AbstractTestApiBase - POST http://localhost:8888/sensorhub/api/systems/080g/controlstreams
2026-06-03 17:43:36.961 [qtp818126180-248] INFO  ConSysApiService:1f835659 - POST /sensorhub/api/systems/080g/controlstreams (from ip=127.0.0.1, user=anonymous)
2026-06-03 17:43:36.969 [Test worker] INFO  AbstractTestApiBase - GET http://localhost:8888/sensorhub/api/controlstreams/080g
2026-06-03 17:43:36.972 [qtp818126180-249] INFO  ConSysApiService:1f835659 - GET /sensorhub/api/controlstreams/080g (from ip=127.0.0.1, user=anonymous)
2026-06-03 17:43:36.975 [Test worker] INFO  AbstractTestApiBase - GET http://localhost:8888/sensorhub/api/controlstreams/080g/commands
2026-06-03 17:43:36.978 [qtp818126180-250] INFO  ConSysApiService:1f835659 - GET /sensorhub/api/controlstreams/080g/commands (from ip=127.0.0.1, user=anonymous)
2026-06-03 17:43:36.981 [Test worker] INFO  AbstractTestApiBase - GET http://localhost:8888/sensorhub/api/controlstreams/080g/commands/count
2026-06-03 17:43:36.984 [qtp818126180-251] INFO  ConSysApiService:1f835659 - GET /sensorhub/api/controlstreams/080g/commands/count (from ip=127.0.0.1, user=anonymous)
2026-06-03 17:43:36.985 [Test worker] INFO  ModuleRegistry - Module registry shutdown initiated
2026-06-03 17:43:36.985 [Test worker] INFO  ModuleRegistry - Stopping all modules (saving config = false, saving state = true)
2026-06-03 17:43:36.986 [ModuleRegistry-1] INFO  ModuleRegistry - Stopping module 'HTTP Server' [HTTP_SERVER_0]
2026-06-03 17:43:36.986 [ModuleRegistry-2] INFO  ModuleRegistry - Stopping module 'ConSys API Service' [3e322182-6e6e-47d5-956c-60241ea6f79e]
2026-06-03 17:43:36.987 [ModuleRegistry-2] INFO  ModuleRegistry - Module 'ConSys API Service' [3e322182-6e6e-47d5-956c-60241ea6f79e] stopped
2026-06-03 17:43:36.993 [ModuleRegistry-1] INFO  ModuleRegistry - Module 'HTTP Server' [HTTP_SERVER_0] stopped
2026-06-03 17:43:37.090 [ModuleRegistry-1] INFO  ModuleRegistry - Stopping module 'SWE API Database' [ef330893-1fc0-47a5-b02d-212d9131311b]
2026-06-03 17:43:37.100 [ModuleRegistry-1] INFO  ModuleRegistry - Module 'SWE API Database' [ef330893-1fc0-47a5-b02d-212d9131311b] stopped
2026-06-03 17:43:37.194 [Test worker] INFO  SensorHub - SensorHub was cleanly stopped
2026-06-03 17:43:37.195 [Test worker] INFO  SensorHub - *****************************************
2026-06-03 17:43:37.195 [Test worker] INFO  SensorHub - Starting SensorHub...
2026-06-03 17:43:37.195 [Test worker] INFO  SensorHub - Version: 2.0.1
2026-06-03 17:43:37.196 [Test worker] INFO  SensorHub - Build number: b7a14b7
2026-06-03 17:43:37.196 [Test worker] INFO  SensorHub - JDK version: OpenJDK 64-Bit Server VM, 17.0.13+11, Eclipse Adoptium
2026-06-03 17:43:37.196 [Test worker] INFO  SensorHub - OS type: Linux, amd64
2026-06-03 17:43:37.196 [Test worker] INFO  SensorHub - CPU cores: 24
2026-06-03 17:43:37.196 [Test worker] INFO  SensorHub - CommonPool parallelism: 23
2026-06-03 17:43:37.197 [Test worker] INFO  DefaultDatabaseRegistry - Registering database SystemDriverDatabase with ID 0
2026-06-03 17:43:37.197 [Test worker] INFO  ModuleRegistry - Loading modules...
2026-06-03 17:43:37.197 [Test worker] INFO  ModuleRegistry - Starting datastore connectors
2026-06-03 17:43:37.197 [Test worker] INFO  ModuleRegistry - All datastores ready. Starting all other modules
2026-06-03 17:43:37.198 [ModuleRegistry-1] INFO  ModuleRegistry - Initializing module 'HTTP Server' [HTTP_SERVER_0]
2026-06-03 17:43:37.202 [ModuleRegistry-1] INFO  ModuleRegistry - Module 'HTTP Server' [HTTP_SERVER_0] initialized
2026-06-03 17:43:37.202 [ModuleRegistry-1] INFO  ModuleRegistry - Starting module 'HTTP Server' [HTTP_SERVER_0]
2026-06-03 17:43:37.203 [ModuleRegistry-1] INFO  HttpServer:5360b40b - Static resources root is /
2026-06-03 17:43:37.204 [ModuleRegistry-1] INFO  HttpServer:5360b40b - Servlets root is /sensorhub
2026-06-03 17:43:37.212 [ModuleRegistry-1] INFO  HttpServer:5360b40b - HTTP server started on port 8888
2026-06-03 17:43:37.212 [ModuleRegistry-1] INFO  ModuleRegistry - Module 'HTTP Server' [HTTP_SERVER_0] started
2026-06-03 17:43:37.213 [ModuleRegistry-1] INFO  ModuleRegistry - Initializing module 'SWE API Database' [a0ab6c4e-116a-48d2-a6da-7ccf1dbf7c50]
2026-06-03 17:43:37.216 [ModuleRegistry-1] INFO  ModuleRegistry - Module 'SWE API Database' [a0ab6c4e-116a-48d2-a6da-7ccf1dbf7c50] initialized
2026-06-03 17:43:37.216 [ModuleRegistry-1] INFO  ModuleRegistry - Starting module 'SWE API Database' [a0ab6c4e-116a-48d2-a6da-7ccf1dbf7c50]
2026-06-03 17:43:37.219 [ModuleRegistry-1] INFO  DefaultDatabaseRegistry - Registering database MVObsSystemDatabase with ID 2
2026-06-03 17:43:37.220 [ModuleRegistry-1] INFO  ModuleRegistry - Module 'SWE API Database' [a0ab6c4e-116a-48d2-a6da-7ccf1dbf7c50] started
2026-06-03 17:43:37.220 [ModuleRegistry-1] INFO  ModuleRegistry - Initializing module 'ConSys API Service' [438d86cd-237e-4a0c-82d6-c43e956c14d0]
2026-06-03 17:43:37.226 [ModuleRegistry-1] INFO  ModuleRegistry - Module 'ConSys API Service' [438d86cd-237e-4a0c-82d6-c43e956c14d0] initialized
2026-06-03 17:43:37.227 [ModuleRegistry-1] INFO  ModuleRegistry - Starting module 'ConSys API Service' [438d86cd-237e-4a0c-82d6-c43e956c14d0]
2026-06-03 17:43:37.229 [ModuleRegistry-1] INFO  ModuleRegistry - Module 'ConSys API Service' [438d86cd-237e-4a0c-82d6-c43e956c14d0] started
2026-06-03 17:43:37.231 [Test worker] INFO  AbstractTestApiBase - GET http://localhost:8888/sensorhub/api/commands/?stream=not-a-valid-id
2026-06-03 17:43:37.234 [qtp1363633187-312] INFO  ConSysApiService:d2e847aa - GET /sensorhub/api/commands/?stream=not-a-valid-id (from ip=127.0.0.1, user=anonymous)
2026-06-03 17:43:37.239 [Test worker] INFO  ModuleRegistry - Module registry shutdown initiated
2026-06-03 17:43:37.239 [Test worker] INFO  ModuleRegistry - Stopping all modules (saving config = false, saving state = true)
2026-06-03 17:43:37.240 [ModuleRegistry-1] INFO  ModuleRegistry - Stopping module 'HTTP Server' [HTTP_SERVER_0]
2026-06-03 17:43:37.240 [ModuleRegistry-2] INFO  ModuleRegistry - Stopping module 'ConSys API Service' [438d86cd-237e-4a0c-82d6-c43e956c14d0]
2026-06-03 17:43:37.241 [ModuleRegistry-2] INFO  ModuleRegistry - Module 'ConSys API Service' [438d86cd-237e-4a0c-82d6-c43e956c14d0] stopped
2026-06-03 17:43:37.246 [ModuleRegistry-1] INFO  ModuleRegistry - Module 'HTTP Server' [HTTP_SERVER_0] stopped
2026-06-03 17:43:37.345 [ModuleRegistry-1] INFO  ModuleRegistry - Stopping module 'SWE API Database' [a0ab6c4e-116a-48d2-a6da-7ccf1dbf7c50]
2026-06-03 17:43:37.369 [ModuleRegistry-1] INFO  ModuleRegistry - Module 'SWE API Database' [a0ab6c4e-116a-48d2-a6da-7ccf1dbf7c50] stopped
2026-06-03 17:43:37.447 [Test worker] INFO  SensorHub - SensorHub was cleanly stopped
]]></system-out>
  <system-err><![CDATA[SLF4J(I): Connected with provider of type [ch.qos.logback.classic.spi.LogbackServiceProvider]
]]></system-err>
</testsuite>
