<?xml version="1.0" encoding="UTF-8"?>
<testsuite name="org.sensorhub.impl.service.consys.TestControlStreams" tests="1" skipped="0" failures="0" errors="0" timestamp="2026-06-03T00:29:36" hostname="a9985e043f41" time="1.601">
  <properties/>
  <testcase name="testAddSystemAndControls" classname="org.sensorhub.impl.service.consys.TestControlStreams" time="1.601"/>
  <system-out><![CDATA[2026-06-03 00:29:36.382 [Test worker] INFO  SensorHub - *****************************************
2026-06-03 00:29:36.384 [Test worker] INFO  SensorHub - Starting SensorHub...
2026-06-03 00:29:36.387 [Test worker] INFO  SensorHub - Version: 2.0.1
2026-06-03 00:29:36.389 [Test worker] INFO  SensorHub - Build number: b7a14b7
2026-06-03 00:29:36.389 [Test worker] INFO  SensorHub - JDK version: OpenJDK 64-Bit Server VM, 17.0.18+8, Eclipse Adoptium
2026-06-03 00:29:36.389 [Test worker] INFO  SensorHub - OS type: Linux, amd64
2026-06-03 00:29:36.389 [Test worker] INFO  SensorHub - CPU cores: 24
2026-06-03 00:29:36.389 [Test worker] INFO  SensorHub - CommonPool parallelism: 23
2026-06-03 00:29:36.460 [Test worker] INFO  DefaultDatabaseRegistry - Registering database SystemDriverDatabase with ID 0
2026-06-03 00:29:36.462 [Test worker] INFO  ModuleRegistry - Loading modules...
2026-06-03 00:29:36.463 [Test worker] INFO  ModuleRegistry - Starting datastore connectors
2026-06-03 00:29:36.464 [Test worker] INFO  ModuleRegistry - All datastores ready. Starting all other modules
2026-06-03 00:29:36.484 [ModuleRegistry-1] INFO  ModuleRegistry - Initializing module 'HTTP Server' [HTTP_SERVER_0]
2026-06-03 00:29:36.496 [ModuleRegistry-1] INFO  ModuleRegistry - Module 'HTTP Server' [HTTP_SERVER_0] initialized
2026-06-03 00:29:36.497 [ModuleRegistry-1] INFO  ModuleRegistry - Starting module 'HTTP Server' [HTTP_SERVER_0]
2026-06-03 00:29:36.563 [ModuleRegistry-1] INFO  HttpServer:5360b40b - Static resources root is /
2026-06-03 00:29:36.575 [ModuleRegistry-1] INFO  HttpServer:5360b40b - Servlets root is /sensorhub
2026-06-03 00:29:36.638 [ModuleRegistry-1] INFO  HttpServer:5360b40b - HTTP server started on port 8888
2026-06-03 00:29:36.638 [ModuleRegistry-1] INFO  ModuleRegistry - Module 'HTTP Server' [HTTP_SERVER_0] started
2026-06-03 00:29:36.640 [ModuleRegistry-1] INFO  ModuleRegistry - Initializing module 'SWE API Database' [44e64300-33c1-42e2-afb8-f989b0affae1]
2026-06-03 00:29:36.651 [ModuleRegistry-1] INFO  ModuleRegistry - Module 'SWE API Database' [44e64300-33c1-42e2-afb8-f989b0affae1] initialized
2026-06-03 00:29:36.651 [ModuleRegistry-1] INFO  ModuleRegistry - Starting module 'SWE API Database' [44e64300-33c1-42e2-afb8-f989b0affae1]
2026-06-03 00:29:36.739 [ModuleRegistry-1] INFO  DefaultDatabaseRegistry - Registering database MVObsSystemDatabase with ID 2
2026-06-03 00:29:36.739 [ModuleRegistry-1] INFO  ModuleRegistry - Module 'SWE API Database' [44e64300-33c1-42e2-afb8-f989b0affae1] started
2026-06-03 00:29:36.744 [ModuleRegistry-1] INFO  ModuleRegistry - Initializing module 'ConSys API Service' [dd0f8679-8273-44e5-8206-e47de629e32b]
2026-06-03 00:29:36.754 [ModuleRegistry-1] INFO  ModuleRegistry - Module 'ConSys API Service' [dd0f8679-8273-44e5-8206-e47de629e32b] initialized
2026-06-03 00:29:36.754 [ModuleRegistry-1] INFO  ModuleRegistry - Starting module 'ConSys API Service' [dd0f8679-8273-44e5-8206-e47de629e32b]
2026-06-03 00:29:36.801 [ModuleRegistry-1] INFO  ModuleRegistry - Module 'ConSys API Service' [dd0f8679-8273-44e5-8206-e47de629e32b] started
2026-06-03 00:29:36.982 [Test worker] INFO  AbstractTestApiBase - POST http://localhost:8888/sensorhub/api/systems
2026-06-03 00:29:37.062 [qtp1302134714-51] INFO  ConSysApiService:4bd92f42 - POST /sensorhub/api/systems (from ip=127.0.0.1, user=anonymous)
2026-06-03 00:29:37.144 [Test worker] INFO  AbstractTestApiBase - POST http://localhost:8888/sensorhub/api/systems/080g/controlstreams
2026-06-03 00:29:37.147 [qtp1302134714-29] INFO  ConSysApiService:4bd92f42 - POST /sensorhub/api/systems/080g/controlstreams (from ip=127.0.0.1, user=anonymous)
2026-06-03 00:29:37.193 [Test worker] INFO  AbstractTestApiBase - GET http://localhost:8888/sensorhub/api/controlstreams/080g
2026-06-03 00:29:37.197 [qtp1302134714-30] INFO  ConSysApiService:4bd92f42 - GET /sensorhub/api/controlstreams/080g (from ip=127.0.0.1, user=anonymous)
2026-06-03 00:29:37.226 [Test worker] INFO  AbstractTestApiBase - POST http://localhost:8888/sensorhub/api/systems/080g/controlstreams
2026-06-03 00:29:37.229 [qtp1302134714-31] INFO  ConSysApiService:4bd92f42 - POST /sensorhub/api/systems/080g/controlstreams (from ip=127.0.0.1, user=anonymous)
2026-06-03 00:29:37.234 [Test worker] INFO  AbstractTestApiBase - GET http://localhost:8888/sensorhub/api/controlstreams/0810
2026-06-03 00:29:37.237 [qtp1302134714-32] INFO  ConSysApiService:4bd92f42 - GET /sensorhub/api/controlstreams/0810 (from ip=127.0.0.1, user=anonymous)
2026-06-03 00:29:37.245 [Test worker] INFO  AbstractTestApiBase - POST http://localhost:8888/sensorhub/api/systems/080g/controlstreams
2026-06-03 00:29:37.249 [qtp1302134714-33] INFO  ConSysApiService:4bd92f42 - POST /sensorhub/api/systems/080g/controlstreams (from ip=127.0.0.1, user=anonymous)
2026-06-03 00:29:37.253 [Test worker] INFO  AbstractTestApiBase - GET http://localhost:8888/sensorhub/api/controlstreams/081g
2026-06-03 00:29:37.258 [qtp1302134714-34] INFO  ConSysApiService:4bd92f42 - GET /sensorhub/api/controlstreams/081g (from ip=127.0.0.1, user=anonymous)
2026-06-03 00:29:37.264 [Test worker] INFO  AbstractTestApiBase - POST http://localhost:8888/sensorhub/api/systems/080g/controlstreams
2026-06-03 00:29:37.267 [qtp1302134714-36] INFO  ConSysApiService:4bd92f42 - POST /sensorhub/api/systems/080g/controlstreams (from ip=127.0.0.1, user=anonymous)
2026-06-03 00:29:37.272 [Test worker] INFO  AbstractTestApiBase - GET http://localhost:8888/sensorhub/api/controlstreams/0820
2026-06-03 00:29:37.278 [qtp1302134714-37] INFO  ConSysApiService:4bd92f42 - GET /sensorhub/api/controlstreams/0820 (from ip=127.0.0.1, user=anonymous)
2026-06-03 00:29:37.286 [Test worker] INFO  AbstractTestApiBase - POST http://localhost:8888/sensorhub/api/systems/080g/controlstreams
2026-06-03 00:29:37.289 [qtp1302134714-38] INFO  ConSysApiService:4bd92f42 - POST /sensorhub/api/systems/080g/controlstreams (from ip=127.0.0.1, user=anonymous)
2026-06-03 00:29:37.295 [Test worker] INFO  AbstractTestApiBase - GET http://localhost:8888/sensorhub/api/controlstreams/082g
2026-06-03 00:29:37.298 [qtp1302134714-39] INFO  ConSysApiService:4bd92f42 - GET /sensorhub/api/controlstreams/082g (from ip=127.0.0.1, user=anonymous)
2026-06-03 00:29:37.304 [Test worker] INFO  AbstractTestApiBase - POST http://localhost:8888/sensorhub/api/systems/080g/controlstreams
2026-06-03 00:29:37.308 [qtp1302134714-27] INFO  ConSysApiService:4bd92f42 - POST /sensorhub/api/systems/080g/controlstreams (from ip=127.0.0.1, user=anonymous)
2026-06-03 00:29:37.313 [Test worker] INFO  AbstractTestApiBase - GET http://localhost:8888/sensorhub/api/controlstreams/0830
2026-06-03 00:29:37.317 [qtp1302134714-28] INFO  ConSysApiService:4bd92f42 - GET /sensorhub/api/controlstreams/0830 (from ip=127.0.0.1, user=anonymous)
2026-06-03 00:29:37.322 [Test worker] INFO  AbstractTestApiBase - POST http://localhost:8888/sensorhub/api/systems/080g/controlstreams
2026-06-03 00:29:37.326 [qtp1302134714-46] INFO  ConSysApiService:4bd92f42 - POST /sensorhub/api/systems/080g/controlstreams (from ip=127.0.0.1, user=anonymous)
2026-06-03 00:29:37.331 [Test worker] INFO  AbstractTestApiBase - GET http://localhost:8888/sensorhub/api/controlstreams/083g
2026-06-03 00:29:37.334 [qtp1302134714-51] INFO  ConSysApiService:4bd92f42 - GET /sensorhub/api/controlstreams/083g (from ip=127.0.0.1, user=anonymous)
2026-06-03 00:29:37.341 [Test worker] INFO  AbstractTestApiBase - POST http://localhost:8888/sensorhub/api/systems/080g/controlstreams
2026-06-03 00:29:37.345 [qtp1302134714-29] INFO  ConSysApiService:4bd92f42 - POST /sensorhub/api/systems/080g/controlstreams (from ip=127.0.0.1, user=anonymous)
2026-06-03 00:29:37.351 [Test worker] INFO  AbstractTestApiBase - GET http://localhost:8888/sensorhub/api/controlstreams/0840
2026-06-03 00:29:37.355 [qtp1302134714-30] INFO  ConSysApiService:4bd92f42 - GET /sensorhub/api/controlstreams/0840 (from ip=127.0.0.1, user=anonymous)
2026-06-03 00:29:37.359 [Test worker] INFO  AbstractTestApiBase - POST http://localhost:8888/sensorhub/api/systems/080g/controlstreams
2026-06-03 00:29:37.365 [qtp1302134714-31] INFO  ConSysApiService:4bd92f42 - POST /sensorhub/api/systems/080g/controlstreams (from ip=127.0.0.1, user=anonymous)
2026-06-03 00:29:37.369 [Test worker] INFO  AbstractTestApiBase - GET http://localhost:8888/sensorhub/api/controlstreams/084g
2026-06-03 00:29:37.374 [qtp1302134714-32] INFO  ConSysApiService:4bd92f42 - GET /sensorhub/api/controlstreams/084g (from ip=127.0.0.1, user=anonymous)
2026-06-03 00:29:37.379 [Test worker] INFO  AbstractTestApiBase - POST http://localhost:8888/sensorhub/api/systems/080g/controlstreams
2026-06-03 00:29:37.383 [qtp1302134714-32] INFO  ConSysApiService:4bd92f42 - POST /sensorhub/api/systems/080g/controlstreams (from ip=127.0.0.1, user=anonymous)
2026-06-03 00:29:37.387 [Test worker] INFO  AbstractTestApiBase - GET http://localhost:8888/sensorhub/api/controlstreams/0850
2026-06-03 00:29:37.390 [qtp1302134714-34] INFO  ConSysApiService:4bd92f42 - GET /sensorhub/api/controlstreams/0850 (from ip=127.0.0.1, user=anonymous)
2026-06-03 00:29:37.395 [Test worker] INFO  AbstractTestApiBase - GET http://localhost:8888/sensorhub/api/systems/080g/controlstreams
2026-06-03 00:29:37.398 [qtp1302134714-36] INFO  ConSysApiService:4bd92f42 - GET /sensorhub/api/systems/080g/controlstreams (from ip=127.0.0.1, user=anonymous)
{
  "items": [
    {
      "id": "080g",
      "name": "Name of control input000",
      "system@id": "080g",
      "system@link": {
        "href": "http://localhost:8888/sensorhub/api/systems/080g?f\u003djson",
        "uid": "urn:osh:sys:test001",
        "type": "application/geo+json"
      },
      "inputName": "input000",
      "validTime": [
        "2026-06-03T00:29:37.169772622Z",
        "now"
      ],
      "async": true,
      "controlledProperties": [
        {
          "label": "Component 1"
        },
        {
          "label": "Component 2"
        }
      ],
      "formats": [
        "application/json",
        "application/swe+json",
        "application/swe+csv",
        "application/swe+xml",
        "application/swe+binary"
      ]
    },
    {
      "id": "0810",
      "name": "Name of control input001",
      "system@id": "080g",
      "system@link": {
        "href": "http://localhost:8888/sensorhub/api/systems/080g?f\u003djson",
        "uid": "urn:osh:sys:test001",
        "type": "application/geo+json"
      },
      "inputName": "input001",
      "validTime": [
        "2026-06-03T00:29:37.231474987Z",
        "now"
      ],
      "async": true,
      "controlledProperties": [
        {
          "label": "Component 1"
        },
        {
          "label": "Component 2"
        }
      ],
      "formats": [
        "application/json",
        "application/swe+json",
        "application/swe+csv",
        "application/swe+xml",
        "application/swe+binary"
      ]
    },
    {
      "id": "081g",
      "name": "Name of control input002",
      "system@id": "080g",
      "system@link": {
        "href": "http://localhost:8888/sensorhub/api/systems/080g?f\u003djson",
        "uid": "urn:osh:sys:test001",
        "type": "application/geo+json"
      },
      "inputName": "input002",
      "validTime": [
        "2026-06-03T00:29:37.251089135Z",
        "now"
      ],
      "async": true,
      "controlledProperties": [
        {
          "label": "Component 1"
        },
        {
          "label": "Component 2"
        }
      ],
      "formats": [
        "application/json",
        "application/swe+json",
        "application/swe+csv",
        "application/swe+xml",
        "application/swe+binary"
      ]
    },
    {
      "id": "0820",
      "name": "Name of control input003",
      "system@id": "080g",
      "system@link": {
        "href": "http://localhost:8888/sensorhub/api/systems/080g?f\u003djson",
        "uid": "urn:osh:sys:test001",
        "type": "application/geo+json"
      },
      "inputName": "input003",
      "validTime": [
        "2026-06-03T00:29:37.270341799Z",
        "now"
      ],
      "async": true,
      "controlledProperties": [
        {
          "label": "Component 1"
        },
        {
          "label": "Component 2"
        }
      ],
      "formats": [
        "application/json",
        "application/swe+json",
        "application/swe+csv",
        "application/swe+xml",
        "application/swe+binary"
      ]
    },
    {
      "id": "082g",
      "name": "Name of control input004",
      "system@id": "080g",
      "system@link": {
        "href": "http://localhost:8888/sensorhub/api/systems/080g?f\u003djson",
        "uid": "urn:osh:sys:test001",
        "type": "application/geo+json"
      },
      "inputName": "input004",
      "validTime": [
        "2026-06-03T00:29:37.290904521Z",
        "now"
      ],
      "async": true,
      "controlledProperties": [
        {
          "label": "Component 1"
        },
        {
          "label": "Component 2"
        }
      ],
      "formats": [
        "application/json",
        "application/swe+json",
        "application/swe+csv",
        "application/swe+xml",
        "application/swe+binary"
      ]
    },
    {
      "id": "0830",
      "name": "Name of control input005",
      "system@id": "080g",
      "system@link": {
        "href": "http://localhost:8888/sensorhub/api/systems/080g?f\u003djson",
        "uid": "urn:osh:sys:test001",
        "type": "application/geo+json"
      },
      "inputName": "input005",
      "validTime": [
        "2026-06-03T00:29:37.310288127Z",
        "now"
      ],
      "async": true,
      "controlledProperties": [
        {
          "label": "Component 1"
        },
        {
          "label": "Component 2"
        }
      ],
      "formats": [
        "application/json",
        "application/swe+json",
        "application/swe+csv",
        "application/swe+xml",
        "application/swe+binary"
      ]
    },
    {
      "id": "083g",
      "name": "Name of control input006",
      "system@id": "080g",
      "system@link": {
        "href": "http://localhost:8888/sensorhub/api/systems/080g?f\u003djson",
        "uid": "urn:osh:sys:test001",
        "type": "application/geo+json"
      },
      "inputName": "input006",
      "validTime": [
        "2026-06-03T00:29:37.327625009Z",
        "now"
      ],
      "async": true,
      "controlledProperties": [
        {
          "label": "Component 1"
        },
        {
          "label": "Component 2"
        }
      ],
      "formats": [
        "application/json",
        "application/swe+json",
        "application/swe+csv",
        "application/swe+xml",
        "application/swe+binary"
      ]
    },
    {
      "id": "0840",
      "name": "Name of control input007",
      "system@id": "080g",
      "system@link": {
        "href": "http://localhost:8888/sensorhub/api/systems/080g?f\u003djson",
        "uid": "urn:osh:sys:test001",
        "type": "application/geo+json"
      },
      "inputName": "input007",
      "validTime": [
        "2026-06-03T00:29:37.34761838Z",
        "now"
      ],
      "async": true,
      "controlledProperties": [
        {
          "label": "Component 1"
        },
        {
          "label": "Component 2"
        }
      ],
      "formats": [
        "application/json",
        "application/swe+json",
        "application/swe+csv",
        "application/swe+xml",
        "application/swe+binary"
      ]
    },
    {
      "id": "084g",
      "name": "Name of control input008",
      "system@id": "080g",
      "system@link": {
        "href": "http://localhost:8888/sensorhub/api/systems/080g?f\u003djson",
        "uid": "urn:osh:sys:test001",
        "type": "application/geo+json"
      },
      "inputName": "input008",
      "validTime": [
        "2026-06-03T00:29:37.367040796Z",
        "now"
      ],
      "async": true,
      "controlledProperties": [
        {
          "label": "Component 1"
        },
        {
          "label": "Component 2"
        }
      ],
      "formats": [
        "application/json",
        "application/swe+json",
        "application/swe+csv",
        "application/swe+xml",
        "application/swe+binary"
      ]
    },
    {
      "id": "0850",
      "name": "Name of control input009",
      "system@id": "080g",
      "system@link": {
        "href": "http://localhost:8888/sensorhub/api/systems/080g?f\u003djson",
        "uid": "urn:osh:sys:test001",
        "type": "application/geo+json"
      },
      "inputName": "input009",
      "validTime": [
        "2026-06-03T00:29:37.385066082Z",
        "now"
      ],
      "async": true,
      "controlledProperties": [
        {
          "label": "Component 1"
        },
        {
          "label": "Component 2"
        }
      ],
      "formats": [
        "application/json",
        "application/swe+json",
        "application/swe+csv",
        "application/swe+xml",
        "application/swe+binary"
      ]
    }
  ]
}
2026-06-03 00:29:37.426 [Test worker] INFO  ModuleRegistry - Module registry shutdown initiated
2026-06-03 00:29:37.427 [Test worker] INFO  ModuleRegistry - Stopping all modules (saving config = false, saving state = true)
2026-06-03 00:29:37.428 [ModuleRegistry-1] INFO  ModuleRegistry - Stopping module 'HTTP Server' [HTTP_SERVER_0]
2026-06-03 00:29:37.429 [ModuleRegistry-2] INFO  ModuleRegistry - Stopping module 'ConSys API Service' [dd0f8679-8273-44e5-8206-e47de629e32b]
2026-06-03 00:29:37.432 [ModuleRegistry-2] INFO  ModuleRegistry - Module 'ConSys API Service' [dd0f8679-8273-44e5-8206-e47de629e32b] stopped
2026-06-03 00:29:37.464 [ModuleRegistry-1] INFO  ModuleRegistry - Module 'HTTP Server' [HTTP_SERVER_0] stopped
2026-06-03 00:29:37.530 [ModuleRegistry-1] INFO  ModuleRegistry - Stopping module 'SWE API Database' [44e64300-33c1-42e2-afb8-f989b0affae1]
2026-06-03 00:29:37.547 [ModuleRegistry-1] INFO  ModuleRegistry - Module 'SWE API Database' [44e64300-33c1-42e2-afb8-f989b0affae1] stopped
2026-06-03 00:29:37.631 [Test worker] INFO  SensorHub - SensorHub was cleanly stopped
]]></system-out>
  <system-err><![CDATA[SLF4J(I): Connected with provider of type [ch.qos.logback.classic.spi.LogbackServiceProvider]
]]></system-err>
</testsuite>
