<?xml version="1.0" encoding="UTF-8"?><testng-results total="160" passed="27" failed="5" skipped="128">
  <reporter-output>
  </reporter-output>
  <suite started-at="2026-05-22T20:30:40Z" name="ogcapi-connectedsystems10-0.1-SNAPSHOT" finished-at="2026-05-22T20:30:51Z" duration-ms="10815">
    <groups>
      <group name="sensorml">
        <method signature="SensorMlTests.deploymentSensorMlHasSchemaAndMapping()[pri:0, instance:org.opengis.cite.ogcapiconnectedsystems10.conformance.sensorml.SensorMlTests@49582f95]" name="deploymentSensorMlHasSchemaAndMapping" class="org.opengis.cite.ogcapiconnectedsystems10.conformance.sensorml.SensorMlTests"/>
        <method signature="SensorMlTests.procedureSensorMlHasSchemaAndMapping()[pri:0, instance:org.opengis.cite.ogcapiconnectedsystems10.conformance.sensorml.SensorMlTests@49582f95]" name="procedureSensorMlHasSchemaAndMapping" class="org.opengis.cite.ogcapiconnectedsystems10.conformance.sensorml.SensorMlTests"/>
        <method signature="SensorMlTests.propertySensorMlHasSchemaAndMapping()[pri:0, instance:org.opengis.cite.ogcapiconnectedsystems10.conformance.sensorml.SensorMlTests@49582f95]" name="propertySensorMlHasSchemaAndMapping" class="org.opengis.cite.ogcapiconnectedsystems10.conformance.sensorml.SensorMlTests"/>
        <method signature="SensorMlTests.sensorMlConformanceDeclared()[pri:0, instance:org.opengis.cite.ogcapiconnectedsystems10.conformance.sensorml.SensorMlTests@49582f95]" name="sensorMlConformanceDeclared" class="org.opengis.cite.ogcapiconnectedsystems10.conformance.sensorml.SensorMlTests"/>
        <method signature="SensorMlTests.sensorMlDependencyCascadeRuntime()[pri:0, instance:org.opengis.cite.ogcapiconnectedsystems10.conformance.sensorml.SensorMlTests@49582f95]" name="sensorMlDependencyCascadeRuntime" class="org.opengis.cite.ogcapiconnectedsystems10.conformance.sensorml.SensorMlTests"/>
        <method signature="SensorMlTests.sensorMlDeploymentLinksMemberAssociationRelsUseResourceSpecificNames()[pri:0, instance:org.opengis.cite.ogcapiconnectedsystems10.conformance.sensorml.SensorMlTests@49582f95]" name="sensorMlDeploymentLinksMemberAssociationRelsUseResourceSpecificNames" class="org.opengis.cite.ogcapiconnectedsystems10.conformance.sensorml.SensorMlTests"/>
        <method signature="SensorMlTests.sensorMlMediaTypeWriteParsesSystemBodyWhenMutationEnabled()[pri:0, instance:org.opengis.cite.ogcapiconnectedsystems10.conformance.sensorml.SensorMlTests@49582f95]" name="sensorMlMediaTypeWriteParsesSystemBodyWhenMutationEnabled" class="org.opengis.cite.ogcapiconnectedsystems10.conformance.sensorml.SensorMlTests"/>
        <method signature="SensorMlTests.sensorMlProcedureLinksMemberAssociationRelsUseResourceSpecificNames()[pri:0, instance:org.opengis.cite.ogcapiconnectedsystems10.conformance.sensorml.SensorMlTests@49582f95]" name="sensorMlProcedureLinksMemberAssociationRelsUseResourceSpecificNames" class="org.opengis.cite.ogcapiconnectedsystems10.conformance.sensorml.SensorMlTests"/>
        <method signature="SensorMlTests.sensorMlRepresentationDiscoveredForSystem()[pri:0, instance:org.opengis.cite.ogcapiconnectedsystems10.conformance.sensorml.SensorMlTests@49582f95]" name="sensorMlRepresentationDiscoveredForSystem" class="org.opengis.cite.ogcapiconnectedsystems10.conformance.sensorml.SensorMlTests"/>
        <method signature="SensorMlTests.sensorMlMediaTypeRead()[pri:0, instance:org.opengis.cite.ogcapiconnectedsystems10.conformance.sensorml.SensorMlTests@49582f95]" name="sensorMlMediaTypeRead" class="org.opengis.cite.ogcapiconnectedsystems10.conformance.sensorml.SensorMlTests"/>
        <method signature="SensorMlTests.sensorMlLinksMemberAssociationRelsUseResourceSpecificNames()[pri:0, instance:org.opengis.cite.ogcapiconnectedsystems10.conformance.sensorml.SensorMlTests@49582f95]" name="sensorMlLinksMemberAssociationRelsUseResourceSpecificNames" class="org.opengis.cite.ogcapiconnectedsystems10.conformance.sensorml.SensorMlTests"/>
        <method signature="SensorMlTests.sensorMlSystemHasMinimalShape()[pri:0, instance:org.opengis.cite.ogcapiconnectedsystems10.conformance.sensorml.SensorMlTests@49582f95]" name="sensorMlSystemHasMinimalShape" class="org.opengis.cite.ogcapiconnectedsystems10.conformance.sensorml.SensorMlTests"/>
        <method signature="SensorMlTests.sensorMlSystemPreservesIdentityMapping()[pri:0, instance:org.opengis.cite.ogcapiconnectedsystems10.conformance.sensorml.SensorMlTests@49582f95]" name="sensorMlSystemPreservesIdentityMapping" class="org.opengis.cite.ogcapiconnectedsystems10.conformance.sensorml.SensorMlTests"/>
      </group> <!-- sensorml -->
      <group name="part2apicommon">
        <method signature="Part2ApiCommonTests.part2ApiCommonConformanceDeclared()[pri:0, instance:org.opengis.cite.ogcapiconnectedsystems10.conformance.part2.apicommon.Part2ApiCommonTests@497ebc68]" name="part2ApiCommonConformanceDeclared" class="org.opengis.cite.ogcapiconnectedsystems10.conformance.part2.apicommon.Part2ApiCommonTests"/>
        <method signature="Part2ApiCommonTests.part2ApiCommonDependencyRuntime()[pri:0, instance:org.opengis.cite.ogcapiconnectedsystems10.conformance.part2.apicommon.Part2ApiCommonTests@497ebc68]" name="part2ApiCommonDependencyRuntime" class="org.opengis.cite.ogcapiconnectedsystems10.conformance.part2.apicommon.Part2ApiCommonTests"/>
        <method signature="Part2ApiCommonTests.part2ApiCommonResourceCollectionsReadable()[pri:0, instance:org.opengis.cite.ogcapiconnectedsystems10.conformance.part2.apicommon.Part2ApiCommonTests@497ebc68]" name="part2ApiCommonResourceCollectionsReadable" class="org.opengis.cite.ogcapiconnectedsystems10.conformance.part2.apicommon.Part2ApiCommonTests"/>
        <method signature="Part2ApiCommonTests.part2ApiCommonResourceTerminology()[pri:0, instance:org.opengis.cite.ogcapiconnectedsystems10.conformance.part2.apicommon.Part2ApiCommonTests@497ebc68]" name="part2ApiCommonResourceTerminology" class="org.opengis.cite.ogcapiconnectedsystems10.conformance.part2.apicommon.Part2ApiCommonTests"/>
      </group> <!-- part2apicommon -->
      <group name="part2advancedfiltering">
        <method signature="Part2AdvancedFilteringTests.advancedFilteringPrerequisitesVisibleForFullClosure()[pri:0, instance:org.opengis.cite.ogcapiconnectedsystems10.conformance.part2.advancedfiltering.Part2AdvancedFilteringTests@5fada797]" name="advancedFilteringPrerequisitesVisibleForFullClosure" class="org.opengis.cite.ogcapiconnectedsystems10.conformance.part2.advancedfiltering.Part2AdvancedFilteringTests"/>
        <method signature="Part2AdvancedFilteringTests.commandFiltersVerifyReturnedPredicatesWhenEndpointAvailable()[pri:0, instance:org.opengis.cite.ogcapiconnectedsystems10.conformance.part2.advancedfiltering.Part2AdvancedFilteringTests@5fada797]" name="commandFiltersVerifyReturnedPredicatesWhenEndpointAvailable" class="org.opengis.cite.ogcapiconnectedsystems10.conformance.part2.advancedfiltering.Part2AdvancedFilteringTests"/>
        <method signature="Part2AdvancedFilteringTests.controlStreamControlledPropertyFilterVerifiesReturnedPredicates()[pri:0, instance:org.opengis.cite.ogcapiconnectedsystems10.conformance.part2.advancedfiltering.Part2AdvancedFilteringTests@5fada797]" name="controlStreamControlledPropertyFilterVerifiesReturnedPredicates" class="org.opengis.cite.ogcapiconnectedsystems10.conformance.part2.advancedfiltering.Part2AdvancedFilteringTests"/>
        <method signature="Part2AdvancedFilteringTests.controlStreamTimeFiltersVerifyReturnedPredicates()[pri:0, instance:org.opengis.cite.ogcapiconnectedsystems10.conformance.part2.advancedfiltering.Part2AdvancedFilteringTests@5fada797]" name="controlStreamTimeFiltersVerifyReturnedPredicates" class="org.opengis.cite.ogcapiconnectedsystems10.conformance.part2.advancedfiltering.Part2AdvancedFilteringTests"/>
        <method signature="Part2AdvancedFilteringTests.datastreamObservedPropertyFilterVerifiesReturnedPredicates()[pri:0, instance:org.opengis.cite.ogcapiconnectedsystems10.conformance.part2.advancedfiltering.Part2AdvancedFilteringTests@5fada797]" name="datastreamObservedPropertyFilterVerifiesReturnedPredicates" class="org.opengis.cite.ogcapiconnectedsystems10.conformance.part2.advancedfiltering.Part2AdvancedFilteringTests"/>
        <method signature="Part2AdvancedFilteringTests.datastreamTimeFiltersVerifyReturnedPredicates()[pri:0, instance:org.opengis.cite.ogcapiconnectedsystems10.conformance.part2.advancedfiltering.Part2AdvancedFilteringTests@5fada797]" name="datastreamTimeFiltersVerifyReturnedPredicates" class="org.opengis.cite.ogcapiconnectedsystems10.conformance.part2.advancedfiltering.Part2AdvancedFilteringTests"/>
        <method signature="Part2AdvancedFilteringTests.observationTimeFiltersVerifyReturnedPredicates()[pri:0, instance:org.opengis.cite.ogcapiconnectedsystems10.conformance.part2.advancedfiltering.Part2AdvancedFilteringTests@5fada797]" name="observationTimeFiltersVerifyReturnedPredicates" class="org.opengis.cite.ogcapiconnectedsystems10.conformance.part2.advancedfiltering.Part2AdvancedFilteringTests"/>
        <method signature="Part2AdvancedFilteringTests.part2AdvancedFilteringConformanceDeclared()[pri:0, instance:org.opengis.cite.ogcapiconnectedsystems10.conformance.part2.advancedfiltering.Part2AdvancedFilteringTests@5fada797]" name="part2AdvancedFilteringConformanceDeclared" class="org.opengis.cite.ogcapiconnectedsystems10.conformance.part2.advancedfiltering.Part2AdvancedFilteringTests"/>
        <method signature="Part2AdvancedFilteringTests.systemEventTypeFilterVerifiesReturnedPredicatesWhenEndpointAvailable()[pri:0, instance:org.opengis.cite.ogcapiconnectedsystems10.conformance.part2.advancedfiltering.Part2AdvancedFilteringTests@5fada797]" name="systemEventTypeFilterVerifiesReturnedPredicatesWhenEndpointAvailable" class="org.opengis.cite.ogcapiconnectedsystems10.conformance.part2.advancedfiltering.Part2AdvancedFilteringTests"/>
      </group> <!-- part2advancedfiltering -->
      <group name="propertydefinitions">
        <method signature="PropertyDefinitionsTests.propertiesCollectionReturns200()[pri:0, instance:org.opengis.cite.ogcapiconnectedsystems10.conformance.propertydefinitions.PropertyDefinitionsTests@7719764c]" name="propertiesCollectionReturns200" class="org.opengis.cite.ogcapiconnectedsystems10.conformance.propertydefinitions.PropertyDefinitionsTests"/>
        <method signature="PropertyDefinitionsTests.propertyDefinitionsDependencyCascadeRuntime()[pri:0, instance:org.opengis.cite.ogcapiconnectedsystems10.conformance.propertydefinitions.PropertyDefinitionsTests@7719764c]" name="propertyDefinitionsDependencyCascadeRuntime" class="org.opengis.cite.ogcapiconnectedsystems10.conformance.propertydefinitions.PropertyDefinitionsTests"/>
        <method signature="PropertyDefinitionsTests.propertyItemHasIdType()[pri:0, instance:org.opengis.cite.ogcapiconnectedsystems10.conformance.propertydefinitions.PropertyDefinitionsTests@7719764c]" name="propertyItemHasIdType" class="org.opengis.cite.ogcapiconnectedsystems10.conformance.propertydefinitions.PropertyDefinitionsTests"/>
        <method signature="PropertyDefinitionsTests.propertyCanonicalUrlReturns200()[pri:0, instance:org.opengis.cite.ogcapiconnectedsystems10.conformance.propertydefinitions.PropertyDefinitionsTests@7719764c]" name="propertyCanonicalUrlReturns200" class="org.opengis.cite.ogcapiconnectedsystems10.conformance.propertydefinitions.PropertyDefinitionsTests"/>
      </group> <!-- propertydefinitions -->
      <group name="update">
        <method signature="UpdateTests.systemResourceOptionsPatchReadinessPrecondition()[pri:0, instance:org.opengis.cite.ogcapiconnectedsystems10.conformance.update.UpdateTests@6647ab97]" name="systemResourceOptionsPatchReadinessPrecondition" class="org.opengis.cite.ogcapiconnectedsystems10.conformance.update.UpdateTests"/>
        <method signature="UpdateTests.systemsPatchLifecycleOptIn()[pri:0, instance:org.opengis.cite.ogcapiconnectedsystems10.conformance.update.UpdateTests@6647ab97]" name="systemsPatchLifecycleOptIn" class="org.opengis.cite.ogcapiconnectedsystems10.conformance.update.UpdateTests"/>
        <method signature="UpdateTests.updateConformanceDeclared()[pri:0, instance:org.opengis.cite.ogcapiconnectedsystems10.conformance.update.UpdateTests@6647ab97]" name="updateConformanceDeclared" class="org.opengis.cite.ogcapiconnectedsystems10.conformance.update.UpdateTests"/>
        <method signature="UpdateTests.updateDependencyCascadeRuntime()[pri:0, instance:org.opengis.cite.ogcapiconnectedsystems10.conformance.update.UpdateTests@6647ab97]" name="updateDependencyCascadeRuntime" class="org.opengis.cite.ogcapiconnectedsystems10.conformance.update.UpdateTests"/>
        <method signature="UpdateTests.updateMutationSafetyGate()[pri:0, instance:org.opengis.cite.ogcapiconnectedsystems10.conformance.update.UpdateTests@6647ab97]" name="updateMutationSafetyGate" class="org.opengis.cite.ogcapiconnectedsystems10.conformance.update.UpdateTests"/>
      </group> <!-- update -->
      <group name="samplingfeatures">
        <method signature="SamplingFeaturesTests.samplingFeaturesCollectionReturns200()[pri:0, instance:org.opengis.cite.ogcapiconnectedsystems10.conformance.samplingfeatures.SamplingFeaturesTests@e733fb2]" name="samplingFeaturesCollectionReturns200" class="org.opengis.cite.ogcapiconnectedsystems10.conformance.samplingfeatures.SamplingFeaturesTests"/>
        <method signature="SamplingFeaturesTests.samplingFeatureItemHasIdType()[pri:0, instance:org.opengis.cite.ogcapiconnectedsystems10.conformance.samplingfeatures.SamplingFeaturesTests@e733fb2]" name="samplingFeatureItemHasIdType" class="org.opengis.cite.ogcapiconnectedsystems10.conformance.samplingfeatures.SamplingFeaturesTests"/>
        <method signature="SamplingFeaturesTests.samplingFeatureCanonicalUrlReturns200()[pri:0, instance:org.opengis.cite.ogcapiconnectedsystems10.conformance.samplingfeatures.SamplingFeaturesTests@e733fb2]" name="samplingFeatureCanonicalUrlReturns200" class="org.opengis.cite.ogcapiconnectedsystems10.conformance.samplingfeatures.SamplingFeaturesTests"/>
        <method signature="SamplingFeaturesTests.samplingFeaturesDependencyCascadeRuntime()[pri:0, instance:org.opengis.cite.ogcapiconnectedsystems10.conformance.samplingfeatures.SamplingFeaturesTests@e733fb2]" name="samplingFeaturesDependencyCascadeRuntime" class="org.opengis.cite.ogcapiconnectedsystems10.conformance.samplingfeatures.SamplingFeaturesTests"/>
      </group> <!-- samplingfeatures -->
      <group name="part2datastream">
        <method signature="Part2DatastreamTests.datastreamApiCommonPrerequisiteVisibleForFullClosure()[pri:0, instance:org.opengis.cite.ogcapiconnectedsystems10.conformance.part2.datastream.Part2DatastreamTests@18d2acab]" name="datastreamApiCommonPrerequisiteVisibleForFullClosure" class="org.opengis.cite.ogcapiconnectedsystems10.conformance.part2.datastream.Part2DatastreamTests"/>
        <method signature="Part2DatastreamTests.datastreamCanonicalResourceReadable()[pri:0, instance:org.opengis.cite.ogcapiconnectedsystems10.conformance.part2.datastream.Part2DatastreamTests@18d2acab]" name="datastreamCanonicalResourceReadable" class="org.opengis.cite.ogcapiconnectedsystems10.conformance.part2.datastream.Part2DatastreamTests"/>
        <method signature="Part2DatastreamTests.datastreamConformanceDeclared()[pri:0, instance:org.opengis.cite.ogcapiconnectedsystems10.conformance.part2.datastream.Part2DatastreamTests@18d2acab]" name="datastreamConformanceDeclared" class="org.opengis.cite.ogcapiconnectedsystems10.conformance.part2.datastream.Part2DatastreamTests"/>
        <method signature="Part2DatastreamTests.datastreamSchemaReadable()[pri:0, instance:org.opengis.cite.ogcapiconnectedsystems10.conformance.part2.datastream.Part2DatastreamTests@18d2acab]" name="datastreamSchemaReadable" class="org.opengis.cite.ogcapiconnectedsystems10.conformance.part2.datastream.Part2DatastreamTests"/>
        <method signature="Part2DatastreamTests.datastreamsCanonicalEndpointExposesDatastreamItems()[pri:0, instance:org.opengis.cite.ogcapiconnectedsystems10.conformance.part2.datastream.Part2DatastreamTests@18d2acab]" name="datastreamsCanonicalEndpointExposesDatastreamItems" class="org.opengis.cite.ogcapiconnectedsystems10.conformance.part2.datastream.Part2DatastreamTests"/>
        <method signature="Part2DatastreamTests.datastreamsCollectionReadable()[pri:0, instance:org.opengis.cite.ogcapiconnectedsystems10.conformance.part2.datastream.Part2DatastreamTests@18d2acab]" name="datastreamsCollectionReadable" class="org.opengis.cite.ogcapiconnectedsystems10.conformance.part2.datastream.Part2DatastreamTests"/>
        <method signature="Part2DatastreamTests.observationCanonicalResourceReadableWhenCollectionPopulated()[pri:0, instance:org.opengis.cite.ogcapiconnectedsystems10.conformance.part2.datastream.Part2DatastreamTests@18d2acab]" name="observationCanonicalResourceReadableWhenCollectionPopulated" class="org.opengis.cite.ogcapiconnectedsystems10.conformance.part2.datastream.Part2DatastreamTests"/>
        <method signature="Part2DatastreamTests.observationEndpointsReadable()[pri:0, instance:org.opengis.cite.ogcapiconnectedsystems10.conformance.part2.datastream.Part2DatastreamTests@18d2acab]" name="observationEndpointsReadable" class="org.opengis.cite.ogcapiconnectedsystems10.conformance.part2.datastream.Part2DatastreamTests"/>
        <method signature="Part2DatastreamTests.observationsCanonicalEndpointReadable()[pri:0, instance:org.opengis.cite.ogcapiconnectedsystems10.conformance.part2.datastream.Part2DatastreamTests@18d2acab]" name="observationsCanonicalEndpointReadable" class="org.opengis.cite.ogcapiconnectedsystems10.conformance.part2.datastream.Part2DatastreamTests"/>
        <method signature="Part2DatastreamTests.observationsReferenceSelectedDatastreamWhenNestedCollectionPopulated()[pri:0, instance:org.opengis.cite.ogcapiconnectedsystems10.conformance.part2.datastream.Part2DatastreamTests@18d2acab]" name="observationsReferenceSelectedDatastreamWhenNestedCollectionPopulated" class="org.opengis.cite.ogcapiconnectedsystems10.conformance.part2.datastream.Part2DatastreamTests"/>
        <method signature="Part2DatastreamTests.systemScopedDatastreamsReadableWhenSystemReferencePresent()[pri:0, instance:org.opengis.cite.ogcapiconnectedsystems10.conformance.part2.datastream.Part2DatastreamTests@18d2acab]" name="systemScopedDatastreamsReadableWhenSystemReferencePresent" class="org.opengis.cite.ogcapiconnectedsystems10.conformance.part2.datastream.Part2DatastreamTests"/>
      </group> <!-- part2datastream -->
      <group name="systemfeatures">
        <method signature="SystemFeaturesTests.systemsCollectionReturns200()[pri:0, instance:org.opengis.cite.ogcapiconnectedsystems10.conformance.systemfeatures.SystemFeaturesTests@6e044a81]" name="systemsCollectionReturns200" class="org.opengis.cite.ogcapiconnectedsystems10.conformance.systemfeatures.SystemFeaturesTests"/>
        <method signature="SystemFeaturesTests.systemsCollectionHasItemsArray()[pri:0, instance:org.opengis.cite.ogcapiconnectedsystems10.conformance.systemfeatures.SystemFeaturesTests@6e044a81]" name="systemsCollectionHasItemsArray" class="org.opengis.cite.ogcapiconnectedsystems10.conformance.systemfeatures.SystemFeaturesTests"/>
        <method signature="SystemFeaturesTests.systemItemHasIdTypeLinks()[pri:0, instance:org.opengis.cite.ogcapiconnectedsystems10.conformance.systemfeatures.SystemFeaturesTests@6e044a81]" name="systemItemHasIdTypeLinks" class="org.opengis.cite.ogcapiconnectedsystems10.conformance.systemfeatures.SystemFeaturesTests"/>
        <method signature="SystemFeaturesTests.systemItemHasGeometryOrValidTime()[pri:0, instance:org.opengis.cite.ogcapiconnectedsystems10.conformance.systemfeatures.SystemFeaturesTests@6e044a81]" name="systemItemHasGeometryOrValidTime" class="org.opengis.cite.ogcapiconnectedsystems10.conformance.systemfeatures.SystemFeaturesTests"/>
        <method signature="SystemFeaturesTests.systemsCollectionLinksDiscipline()[pri:0, instance:org.opengis.cite.ogcapiconnectedsystems10.conformance.systemfeatures.SystemFeaturesTests@6e044a81]" name="systemsCollectionLinksDiscipline" class="org.opengis.cite.ogcapiconnectedsystems10.conformance.systemfeatures.SystemFeaturesTests"/>
        <method signature="SystemFeaturesTests.systemsDiscoverableViaCollectionsOrLandingPage()[pri:0, instance:org.opengis.cite.ogcapiconnectedsystems10.conformance.systemfeatures.SystemFeaturesTests@6e044a81]" name="systemsDiscoverableViaCollectionsOrLandingPage" class="org.opengis.cite.ogcapiconnectedsystems10.conformance.systemfeatures.SystemFeaturesTests"/>
      </group> <!-- systemfeatures -->
      <group name="createreplacedelete">
        <method signature="CreateReplaceDeleteTests.createReplaceDeleteConformanceDeclared()[pri:0, instance:org.opengis.cite.ogcapiconnectedsystems10.conformance.createreplacedelete.CreateReplaceDeleteTests@6e6b1548]" name="createReplaceDeleteConformanceDeclared" class="org.opengis.cite.ogcapiconnectedsystems10.conformance.createreplacedelete.CreateReplaceDeleteTests"/>
        <method signature="CreateReplaceDeleteTests.createReplaceDeleteDependencyCascadeRuntime()[pri:0, instance:org.opengis.cite.ogcapiconnectedsystems10.conformance.createreplacedelete.CreateReplaceDeleteTests@6e6b1548]" name="createReplaceDeleteDependencyCascadeRuntime" class="org.opengis.cite.ogcapiconnectedsystems10.conformance.createreplacedelete.CreateReplaceDeleteTests"/>
        <method signature="CreateReplaceDeleteTests.createReplaceDeleteMutationSafetyGate()[pri:0, instance:org.opengis.cite.ogcapiconnectedsystems10.conformance.createreplacedelete.CreateReplaceDeleteTests@6e6b1548]" name="createReplaceDeleteMutationSafetyGate" class="org.opengis.cite.ogcapiconnectedsystems10.conformance.createreplacedelete.CreateReplaceDeleteTests"/>
        <method signature="CreateReplaceDeleteTests.systemResourceOptionsReadinessPrecondition()[pri:0, instance:org.opengis.cite.ogcapiconnectedsystems10.conformance.createreplacedelete.CreateReplaceDeleteTests@6e6b1548]" name="systemResourceOptionsReadinessPrecondition" class="org.opengis.cite.ogcapiconnectedsystems10.conformance.createreplacedelete.CreateReplaceDeleteTests"/>
        <method signature="CreateReplaceDeleteTests.systemsCollectionOptionsReadinessPrecondition()[pri:0, instance:org.opengis.cite.ogcapiconnectedsystems10.conformance.createreplacedelete.CreateReplaceDeleteTests@6e6b1548]" name="systemsCollectionOptionsReadinessPrecondition" class="org.opengis.cite.ogcapiconnectedsystems10.conformance.createreplacedelete.CreateReplaceDeleteTests"/>
        <method signature="CreateReplaceDeleteTests.systemsCreateReplaceDeleteLifecycle()[pri:0, instance:org.opengis.cite.ogcapiconnectedsystems10.conformance.createreplacedelete.CreateReplaceDeleteTests@6e6b1548]" name="systemsCreateReplaceDeleteLifecycle" class="org.opengis.cite.ogcapiconnectedsystems10.conformance.createreplacedelete.CreateReplaceDeleteTests"/>
      </group> <!-- createreplacedelete -->
      <group name="part2controlstream">
        <method signature="Part2ControlStreamTests.commandsReferenceSelectedControlStreamWhenNestedCollectionPopulated()[pri:0, instance:org.opengis.cite.ogcapiconnectedsystems10.conformance.part2.controlstream.Part2ControlStreamTests@65416e44]" name="commandsReferenceSelectedControlStreamWhenNestedCollectionPopulated" class="org.opengis.cite.ogcapiconnectedsystems10.conformance.part2.controlstream.Part2ControlStreamTests"/>
        <method signature="Part2ControlStreamTests.controlStreamApiCommonPrerequisiteVisibleForFullClosure()[pri:0, instance:org.opengis.cite.ogcapiconnectedsystems10.conformance.part2.controlstream.Part2ControlStreamTests@65416e44]" name="controlStreamApiCommonPrerequisiteVisibleForFullClosure" class="org.opengis.cite.ogcapiconnectedsystems10.conformance.part2.controlstream.Part2ControlStreamTests"/>
        <method signature="Part2ControlStreamTests.controlStreamCanonicalUrlReadableWhenControlsPathAvailable()[pri:0, instance:org.opengis.cite.ogcapiconnectedsystems10.conformance.part2.controlstream.Part2ControlStreamTests@65416e44]" name="controlStreamCanonicalUrlReadableWhenControlsPathAvailable" class="org.opengis.cite.ogcapiconnectedsystems10.conformance.part2.controlstream.Part2ControlStreamTests"/>
        <method signature="Part2ControlStreamTests.controlStreamConformanceDeclared()[pri:0, instance:org.opengis.cite.ogcapiconnectedsystems10.conformance.part2.controlstream.Part2ControlStreamTests@65416e44]" name="controlStreamConformanceDeclared" class="org.opengis.cite.ogcapiconnectedsystems10.conformance.part2.controlstream.Part2ControlStreamTests"/>
        <method signature="Part2ControlStreamTests.controlStreamResourceReadableViaObservedEndpoint()[pri:0, instance:org.opengis.cite.ogcapiconnectedsystems10.conformance.part2.controlstream.Part2ControlStreamTests@65416e44]" name="controlStreamResourceReadableViaObservedEndpoint" class="org.opengis.cite.ogcapiconnectedsystems10.conformance.part2.controlstream.Part2ControlStreamTests"/>
        <method signature="Part2ControlStreamTests.controlStreamSchemaReadable()[pri:0, instance:org.opengis.cite.ogcapiconnectedsystems10.conformance.part2.controlstream.Part2ControlStreamTests@65416e44]" name="controlStreamSchemaReadable" class="org.opengis.cite.ogcapiconnectedsystems10.conformance.part2.controlstream.Part2ControlStreamTests"/>
        <method signature="Part2ControlStreamTests.controlStreamScopedCommandsReadable()[pri:0, instance:org.opengis.cite.ogcapiconnectedsystems10.conformance.part2.controlstream.Part2ControlStreamTests@65416e44]" name="controlStreamScopedCommandsReadable" class="org.opengis.cite.ogcapiconnectedsystems10.conformance.part2.controlstream.Part2ControlStreamTests"/>
        <method signature="Part2ControlStreamTests.controlStreamsCollectionReadable()[pri:0, instance:org.opengis.cite.ogcapiconnectedsystems10.conformance.part2.controlstream.Part2ControlStreamTests@65416e44]" name="controlStreamsCollectionReadable" class="org.opengis.cite.ogcapiconnectedsystems10.conformance.part2.controlstream.Part2ControlStreamTests"/>
        <method signature="Part2ControlStreamTests.controlStreamsEndpointExposesControlStreamItems()[pri:0, instance:org.opengis.cite.ogcapiconnectedsystems10.conformance.part2.controlstream.Part2ControlStreamTests@65416e44]" name="controlStreamsEndpointExposesControlStreamItems" class="org.opengis.cite.ogcapiconnectedsystems10.conformance.part2.controlstream.Part2ControlStreamTests"/>
        <method signature="Part2ControlStreamTests.globalCommandsEndpointReadableWhenAvailable()[pri:0, instance:org.opengis.cite.ogcapiconnectedsystems10.conformance.part2.controlstream.Part2ControlStreamTests@65416e44]" name="globalCommandsEndpointReadableWhenAvailable" class="org.opengis.cite.ogcapiconnectedsystems10.conformance.part2.controlstream.Part2ControlStreamTests"/>
        <method signature="Part2ControlStreamTests.systemScopedControlStreamsReadableWhenSystemReferencePresent()[pri:0, instance:org.opengis.cite.ogcapiconnectedsystems10.conformance.part2.controlstream.Part2ControlStreamTests@65416e44]" name="systemScopedControlStreamsReadableWhenSystemReferencePresent" class="org.opengis.cite.ogcapiconnectedsystems10.conformance.part2.controlstream.Part2ControlStreamTests"/>
      </group> <!-- part2controlstream -->
      <group name="subsystems">
        <method signature="SubsystemsTests.subsystemsCollectionReturns200()[pri:0, instance:org.opengis.cite.ogcapiconnectedsystems10.conformance.subsystems.SubsystemsTests@50d89929]" name="subsystemsCollectionReturns200" class="org.opengis.cite.ogcapiconnectedsystems10.conformance.subsystems.SubsystemsTests"/>
        <method signature="SubsystemsTests.subsystemItemHasIdTypeLinks()[pri:0, instance:org.opengis.cite.ogcapiconnectedsystems10.conformance.subsystems.SubsystemsTests@50d89929]" name="subsystemItemHasIdTypeLinks" class="org.opengis.cite.ogcapiconnectedsystems10.conformance.subsystems.SubsystemsTests"/>
        <method signature="SubsystemsTests.subsystemHasParentSystemLink()[pri:0, instance:org.opengis.cite.ogcapiconnectedsystems10.conformance.subsystems.SubsystemsTests@50d89929]" name="subsystemHasParentSystemLink" class="org.opengis.cite.ogcapiconnectedsystems10.conformance.subsystems.SubsystemsTests"/>
        <method signature="SubsystemsTests.subsystemItemHasCanonicalLink()[pri:0, instance:org.opengis.cite.ogcapiconnectedsystems10.conformance.subsystems.SubsystemsTests@50d89929]" name="subsystemItemHasCanonicalLink" class="org.opengis.cite.ogcapiconnectedsystems10.conformance.subsystems.SubsystemsTests"/>
      </group> <!-- subsystems -->
      <group name="advancedfiltering">
        <method signature="AdvancedFilteringTests.advancedFilteringConformanceDeclared()[pri:0, instance:org.opengis.cite.ogcapiconnectedsystems10.conformance.advancedfiltering.AdvancedFilteringTests@2bb6e9f0]" name="advancedFilteringConformanceDeclared" class="org.opengis.cite.ogcapiconnectedsystems10.conformance.advancedfiltering.AdvancedFilteringTests"/>
        <method signature="AdvancedFilteringTests.advancedFilteringDependencyCascadeRuntime()[pri:0, instance:org.opengis.cite.ogcapiconnectedsystems10.conformance.advancedfiltering.AdvancedFilteringTests@2bb6e9f0]" name="advancedFilteringDependencyCascadeRuntime" class="org.opengis.cite.ogcapiconnectedsystems10.conformance.advancedfiltering.AdvancedFilteringTests"/>
        <method signature="AdvancedFilteringTests.advancedFilteringIdListSchema()[pri:0, instance:org.opengis.cite.ogcapiconnectedsystems10.conformance.advancedfiltering.AdvancedFilteringTests@2bb6e9f0]" name="advancedFilteringIdListSchema" class="org.opengis.cite.ogcapiconnectedsystems10.conformance.advancedfiltering.AdvancedFilteringTests"/>
        <method signature="AdvancedFilteringTests.systemsFilterByGeomSmoke()[pri:0, instance:org.opengis.cite.ogcapiconnectedsystems10.conformance.advancedfiltering.AdvancedFilteringTests@2bb6e9f0]" name="systemsFilterByGeomSmoke" class="org.opengis.cite.ogcapiconnectedsystems10.conformance.advancedfiltering.AdvancedFilteringTests"/>
        <method signature="AdvancedFilteringTests.systemsFilterById()[pri:0, instance:org.opengis.cite.ogcapiconnectedsystems10.conformance.advancedfiltering.AdvancedFilteringTests@2bb6e9f0]" name="systemsFilterById" class="org.opengis.cite.ogcapiconnectedsystems10.conformance.advancedfiltering.AdvancedFilteringTests"/>
        <method signature="AdvancedFilteringTests.systemsFilterByKeyword()[pri:0, instance:org.opengis.cite.ogcapiconnectedsystems10.conformance.advancedfiltering.AdvancedFilteringTests@2bb6e9f0]" name="systemsFilterByKeyword" class="org.opengis.cite.ogcapiconnectedsystems10.conformance.advancedfiltering.AdvancedFilteringTests"/>
      </group> <!-- advancedfiltering -->
      <group name="subdeployments">
        <method signature="SubdeploymentsTests.subdeploymentsCollectionReturns200()[pri:0, instance:org.opengis.cite.ogcapiconnectedsystems10.conformance.subdeployments.SubdeploymentsTests@2b3f3b9e]" name="subdeploymentsCollectionReturns200" class="org.opengis.cite.ogcapiconnectedsystems10.conformance.subdeployments.SubdeploymentsTests"/>
        <method signature="SubdeploymentsTests.subdeploymentItemHasIdTypeLinks()[pri:0, instance:org.opengis.cite.ogcapiconnectedsystems10.conformance.subdeployments.SubdeploymentsTests@2b3f3b9e]" name="subdeploymentItemHasIdTypeLinks" class="org.opengis.cite.ogcapiconnectedsystems10.conformance.subdeployments.SubdeploymentsTests"/>
        <method signature="SubdeploymentsTests.subdeploymentItemHasCanonicalLink()[pri:0, instance:org.opengis.cite.ogcapiconnectedsystems10.conformance.subdeployments.SubdeploymentsTests@2b3f3b9e]" name="subdeploymentItemHasCanonicalLink" class="org.opengis.cite.ogcapiconnectedsystems10.conformance.subdeployments.SubdeploymentsTests"/>
        <method signature="SubdeploymentsTests.subdeploymentsDependencyCascadeRuntime()[pri:0, instance:org.opengis.cite.ogcapiconnectedsystems10.conformance.subdeployments.SubdeploymentsTests@2b3f3b9e]" name="subdeploymentsDependencyCascadeRuntime" class="org.opengis.cite.ogcapiconnectedsystems10.conformance.subdeployments.SubdeploymentsTests"/>
      </group> <!-- subdeployments -->
      <group name="geojson">
        <method signature="GeoJsonTests.deploymentFeatureHasGeoJsonSchemaAndMapping()[pri:0, instance:org.opengis.cite.ogcapiconnectedsystems10.conformance.geojson.GeoJsonTests@1bac1760]" name="deploymentFeatureHasGeoJsonSchemaAndMapping" class="org.opengis.cite.ogcapiconnectedsystems10.conformance.geojson.GeoJsonTests"/>
        <method signature="GeoJsonTests.geoJsonConformanceDeclared()[pri:0, instance:org.opengis.cite.ogcapiconnectedsystems10.conformance.geojson.GeoJsonTests@1bac1760]" name="geoJsonConformanceDeclared" class="org.opengis.cite.ogcapiconnectedsystems10.conformance.geojson.GeoJsonTests"/>
        <method signature="GeoJsonTests.geoJsonDependencyCascadeRuntime()[pri:0, instance:org.opengis.cite.ogcapiconnectedsystems10.conformance.geojson.GeoJsonTests@1bac1760]" name="geoJsonDependencyCascadeRuntime" class="org.opengis.cite.ogcapiconnectedsystems10.conformance.geojson.GeoJsonTests"/>
        <method signature="GeoJsonTests.geoJsonDeploymentLinksMemberAssociationRelsUseResourceSpecificNames()[pri:0, instance:org.opengis.cite.ogcapiconnectedsystems10.conformance.geojson.GeoJsonTests@1bac1760]" name="geoJsonDeploymentLinksMemberAssociationRelsUseResourceSpecificNames" class="org.opengis.cite.ogcapiconnectedsystems10.conformance.geojson.GeoJsonTests"/>
        <method signature="GeoJsonTests.geoJsonLinksMemberAssociationRelsUseResourceSpecificNames()[pri:0, instance:org.opengis.cite.ogcapiconnectedsystems10.conformance.geojson.GeoJsonTests@1bac1760]" name="geoJsonLinksMemberAssociationRelsUseResourceSpecificNames" class="org.opengis.cite.ogcapiconnectedsystems10.conformance.geojson.GeoJsonTests"/>
        <method signature="GeoJsonTests.geoJsonMediaTypeRead()[pri:0, instance:org.opengis.cite.ogcapiconnectedsystems10.conformance.geojson.GeoJsonTests@1bac1760]" name="geoJsonMediaTypeRead" class="org.opengis.cite.ogcapiconnectedsystems10.conformance.geojson.GeoJsonTests"/>
        <method signature="GeoJsonTests.geoJsonMediaTypeWriteParsesSystemBodyWhenMutationEnabled()[pri:0, instance:org.opengis.cite.ogcapiconnectedsystems10.conformance.geojson.GeoJsonTests@1bac1760]" name="geoJsonMediaTypeWriteParsesSystemBodyWhenMutationEnabled" class="org.opengis.cite.ogcapiconnectedsystems10.conformance.geojson.GeoJsonTests"/>
        <method signature="GeoJsonTests.geoJsonProcedureLinksMemberAssociationRelsUseResourceSpecificNames()[pri:0, instance:org.opengis.cite.ogcapiconnectedsystems10.conformance.geojson.GeoJsonTests@1bac1760]" name="geoJsonProcedureLinksMemberAssociationRelsUseResourceSpecificNames" class="org.opengis.cite.ogcapiconnectedsystems10.conformance.geojson.GeoJsonTests"/>
        <method signature="GeoJsonTests.geoJsonSamplingFeatureLinksMemberAssociationRelsUseResourceSpecificNames()[pri:0, instance:org.opengis.cite.ogcapiconnectedsystems10.conformance.geojson.GeoJsonTests@1bac1760]" name="geoJsonSamplingFeatureLinksMemberAssociationRelsUseResourceSpecificNames" class="org.opengis.cite.ogcapiconnectedsystems10.conformance.geojson.GeoJsonTests"/>
        <method signature="GeoJsonTests.procedureFeatureHasGeoJsonSchemaAndMapping()[pri:0, instance:org.opengis.cite.ogcapiconnectedsystems10.conformance.geojson.GeoJsonTests@1bac1760]" name="procedureFeatureHasGeoJsonSchemaAndMapping" class="org.opengis.cite.ogcapiconnectedsystems10.conformance.geojson.GeoJsonTests"/>
        <method signature="GeoJsonTests.samplingFeatureHasGeoJsonSchemaAndMapping()[pri:0, instance:org.opengis.cite.ogcapiconnectedsystems10.conformance.geojson.GeoJsonTests@1bac1760]" name="samplingFeatureHasGeoJsonSchemaAndMapping" class="org.opengis.cite.ogcapiconnectedsystems10.conformance.geojson.GeoJsonTests"/>
        <method signature="GeoJsonTests.systemsCollectionIsGeoJsonFeatureCollection()[pri:0, instance:org.opengis.cite.ogcapiconnectedsystems10.conformance.geojson.GeoJsonTests@1bac1760]" name="systemsCollectionIsGeoJsonFeatureCollection" class="org.opengis.cite.ogcapiconnectedsystems10.conformance.geojson.GeoJsonTests"/>
        <method signature="GeoJsonTests.systemFeatureHasGeoJsonShapeAndProperties()[pri:0, instance:org.opengis.cite.ogcapiconnectedsystems10.conformance.geojson.GeoJsonTests@1bac1760]" name="systemFeatureHasGeoJsonShapeAndProperties" class="org.opengis.cite.ogcapiconnectedsystems10.conformance.geojson.GeoJsonTests"/>
      </group> <!-- geojson -->
      <group name="core">
        <method signature="ConformanceTests.conformancePageReturnsHttp200()[pri:0, instance:org.opengis.cite.ogcapiconnectedsystems10.conformance.core.ConformanceTests@79283388]" name="conformancePageReturnsHttp200" class="org.opengis.cite.ogcapiconnectedsystems10.conformance.core.ConformanceTests"/>
        <method signature="ConformanceTests.conformancePageReturnsJson()[pri:0, instance:org.opengis.cite.ogcapiconnectedsystems10.conformance.core.ConformanceTests@79283388]" name="conformancePageReturnsJson" class="org.opengis.cite.ogcapiconnectedsystems10.conformance.core.ConformanceTests"/>
        <method signature="ConformanceTests.conformancePageHasConformsToArray(org.testng.ITestContext)[pri:0, instance:org.opengis.cite.ogcapiconnectedsystems10.conformance.core.ConformanceTests@79283388]" name="conformancePageHasConformsToArray" class="org.opengis.cite.ogcapiconnectedsystems10.conformance.core.ConformanceTests"/>
        <method signature="ConformanceTests.conformancePageDeclaresCsCore()[pri:0, instance:org.opengis.cite.ogcapiconnectedsystems10.conformance.core.ConformanceTests@79283388]" name="conformancePageDeclaresCsCore" class="org.opengis.cite.ogcapiconnectedsystems10.conformance.core.ConformanceTests"/>
        <method signature="LandingPageTests.landingPageReturnsHttp200()[pri:0, instance:org.opengis.cite.ogcapiconnectedsystems10.conformance.core.LandingPageTests@ec34a4]" name="landingPageReturnsHttp200" class="org.opengis.cite.ogcapiconnectedsystems10.conformance.core.LandingPageTests"/>
        <method signature="LandingPageTests.landingPageReturnsJson()[pri:0, instance:org.opengis.cite.ogcapiconnectedsystems10.conformance.core.LandingPageTests@ec34a4]" name="landingPageReturnsJson" class="org.opengis.cite.ogcapiconnectedsystems10.conformance.core.LandingPageTests"/>
        <method signature="LandingPageTests.landingPageHasLinks()[pri:0, instance:org.opengis.cite.ogcapiconnectedsystems10.conformance.core.LandingPageTests@ec34a4]" name="landingPageHasLinks" class="org.opengis.cite.ogcapiconnectedsystems10.conformance.core.LandingPageTests"/>
        <method signature="LandingPageTests.landingPageDoesNotRequireSelfRel()[pri:0, instance:org.opengis.cite.ogcapiconnectedsystems10.conformance.core.LandingPageTests@ec34a4]" name="landingPageDoesNotRequireSelfRel" class="org.opengis.cite.ogcapiconnectedsystems10.conformance.core.LandingPageTests"/>
        <method signature="LandingPageTests.landingPageHasApiDefinitionLink()[pri:0, instance:org.opengis.cite.ogcapiconnectedsystems10.conformance.core.LandingPageTests@ec34a4]" name="landingPageHasApiDefinitionLink" class="org.opengis.cite.ogcapiconnectedsystems10.conformance.core.LandingPageTests"/>
        <method signature="LandingPageTests.landingPageHasConformanceLink()[pri:0, instance:org.opengis.cite.ogcapiconnectedsystems10.conformance.core.LandingPageTests@ec34a4]" name="landingPageHasConformanceLink" class="org.opengis.cite.ogcapiconnectedsystems10.conformance.core.LandingPageTests"/>
        <method signature="ResourceShapeTests.apiDefinitionResourceReturnsContent()[pri:0, instance:org.opengis.cite.ogcapiconnectedsystems10.conformance.core.ResourceShapeTests@1cc24239]" name="apiDefinitionResourceReturnsContent" class="org.opengis.cite.ogcapiconnectedsystems10.conformance.core.ResourceShapeTests"/>
        <method signature="ResourceShapeTests.conformanceResourceShapeIsObject()[pri:0, instance:org.opengis.cite.ogcapiconnectedsystems10.conformance.core.ResourceShapeTests@1cc24239]" name="conformanceResourceShapeIsObject" class="org.opengis.cite.ogcapiconnectedsystems10.conformance.core.ResourceShapeTests"/>
      </group> <!-- core -->
      <group name="deployments">
        <method signature="DeploymentsTests.deploymentsCollectionReturns200()[pri:0, instance:org.opengis.cite.ogcapiconnectedsystems10.conformance.deployments.DeploymentsTests@53c034eb]" name="deploymentsCollectionReturns200" class="org.opengis.cite.ogcapiconnectedsystems10.conformance.deployments.DeploymentsTests"/>
        <method signature="DeploymentsTests.deploymentDeployedSystemEncodingDeclared()[pri:0, instance:org.opengis.cite.ogcapiconnectedsystems10.conformance.deployments.DeploymentsTests@53c034eb]" name="deploymentDeployedSystemEncodingDeclared" class="org.opengis.cite.ogcapiconnectedsystems10.conformance.deployments.DeploymentsTests"/>
        <method signature="DeploymentsTests.deploymentItemHasIdTypeLinks()[pri:0, instance:org.opengis.cite.ogcapiconnectedsystems10.conformance.deployments.DeploymentsTests@53c034eb]" name="deploymentItemHasIdTypeLinks" class="org.opengis.cite.ogcapiconnectedsystems10.conformance.deployments.DeploymentsTests"/>
        <method signature="DeploymentsTests.deploymentItemHasCanonicalLink()[pri:0, instance:org.opengis.cite.ogcapiconnectedsystems10.conformance.deployments.DeploymentsTests@53c034eb]" name="deploymentItemHasCanonicalLink" class="org.opengis.cite.ogcapiconnectedsystems10.conformance.deployments.DeploymentsTests"/>
      </group> <!-- deployments -->
      <group name="part2systemevent">
        <method signature="Part2SystemEventTests.systemEventCanonicalResourceReadableWhenAvailable()[pri:0, instance:org.opengis.cite.ogcapiconnectedsystems10.conformance.part2.systemevent.Part2SystemEventTests@5297ee9a]" name="systemEventCanonicalResourceReadableWhenAvailable" class="org.opengis.cite.ogcapiconnectedsystems10.conformance.part2.systemevent.Part2SystemEventTests"/>
        <method signature="Part2SystemEventTests.systemEventCollectionsCheckedWhenAdvertised()[pri:0, instance:org.opengis.cite.ogcapiconnectedsystems10.conformance.part2.systemevent.Part2SystemEventTests@5297ee9a]" name="systemEventCollectionsCheckedWhenAdvertised" class="org.opengis.cite.ogcapiconnectedsystems10.conformance.part2.systemevent.Part2SystemEventTests"/>
        <method signature="Part2SystemEventTests.systemEventConformanceDeclared()[pri:0, instance:org.opengis.cite.ogcapiconnectedsystems10.conformance.part2.systemevent.Part2SystemEventTests@5297ee9a]" name="systemEventConformanceDeclared" class="org.opengis.cite.ogcapiconnectedsystems10.conformance.part2.systemevent.Part2SystemEventTests"/>
        <method signature="Part2SystemEventTests.systemEventPrerequisitesVisibleForFullClosure()[pri:0, instance:org.opengis.cite.ogcapiconnectedsystems10.conformance.part2.systemevent.Part2SystemEventTests@5297ee9a]" name="systemEventPrerequisitesVisibleForFullClosure" class="org.opengis.cite.ogcapiconnectedsystems10.conformance.part2.systemevent.Part2SystemEventTests"/>
        <method signature="Part2SystemEventTests.systemEventsCanonicalEndpointReadableWhenAvailable()[pri:0, instance:org.opengis.cite.ogcapiconnectedsystems10.conformance.part2.systemevent.Part2SystemEventTests@5297ee9a]" name="systemEventsCanonicalEndpointReadableWhenAvailable" class="org.opengis.cite.ogcapiconnectedsystems10.conformance.part2.systemevent.Part2SystemEventTests"/>
        <method signature="Part2SystemEventTests.systemScopedEventsEndpointUsesNormativePath()[pri:0, instance:org.opengis.cite.ogcapiconnectedsystems10.conformance.part2.systemevent.Part2SystemEventTests@5297ee9a]" name="systemScopedEventsEndpointUsesNormativePath" class="org.opengis.cite.ogcapiconnectedsystems10.conformance.part2.systemevent.Part2SystemEventTests"/>
      </group> <!-- part2systemevent -->
      <group name="part2update">
        <method signature="Part2UpdateTests.clause15ResourceConditionGatesAreVisible()[pri:0, instance:org.opengis.cite.ogcapiconnectedsystems10.conformance.part2.update.Part2UpdateTests@1f4f03b1]" name="clause15ResourceConditionGatesAreVisible" class="org.opengis.cite.ogcapiconnectedsystems10.conformance.part2.update.Part2UpdateTests"/>
        <method signature="Part2UpdateTests.controlStreamCommandPatchLifecycleRequiresDedicatedMutableIut()[pri:0, instance:org.opengis.cite.ogcapiconnectedsystems10.conformance.part2.update.Part2UpdateTests@1f4f03b1]" name="controlStreamCommandPatchLifecycleRequiresDedicatedMutableIut" class="org.opengis.cite.ogcapiconnectedsystems10.conformance.part2.update.Part2UpdateTests"/>
        <method signature="Part2UpdateTests.controlStreamCommandPatchReadinessIsConditionGated()[pri:0, instance:org.opengis.cite.ogcapiconnectedsystems10.conformance.part2.update.Part2UpdateTests@1f4f03b1]" name="controlStreamCommandPatchReadinessIsConditionGated" class="org.opengis.cite.ogcapiconnectedsystems10.conformance.part2.update.Part2UpdateTests"/>
        <method signature="Part2UpdateTests.datastreamObservationPatchLifecycleRequiresDedicatedMutableIut()[pri:0, instance:org.opengis.cite.ogcapiconnectedsystems10.conformance.part2.update.Part2UpdateTests@1f4f03b1]" name="datastreamObservationPatchLifecycleRequiresDedicatedMutableIut" class="org.opengis.cite.ogcapiconnectedsystems10.conformance.part2.update.Part2UpdateTests"/>
        <method signature="Part2UpdateTests.datastreamObservationPatchReadinessIsConditionGated()[pri:0, instance:org.opengis.cite.ogcapiconnectedsystems10.conformance.part2.update.Part2UpdateTests@1f4f03b1]" name="datastreamObservationPatchReadinessIsConditionGated" class="org.opengis.cite.ogcapiconnectedsystems10.conformance.part2.update.Part2UpdateTests"/>
        <method signature="Part2UpdateTests.feasibilityPatchLifecycleRequiresDedicatedMutableIut()[pri:0, instance:org.opengis.cite.ogcapiconnectedsystems10.conformance.part2.update.Part2UpdateTests@1f4f03b1]" name="feasibilityPatchLifecycleRequiresDedicatedMutableIut" class="org.opengis.cite.ogcapiconnectedsystems10.conformance.part2.update.Part2UpdateTests"/>
        <method signature="Part2UpdateTests.feasibilityPatchReadinessIsConditionGated()[pri:0, instance:org.opengis.cite.ogcapiconnectedsystems10.conformance.part2.update.Part2UpdateTests@1f4f03b1]" name="feasibilityPatchReadinessIsConditionGated" class="org.opengis.cite.ogcapiconnectedsystems10.conformance.part2.update.Part2UpdateTests"/>
        <method signature="Part2UpdateTests.part2UpdateConformanceDeclared()[pri:0, instance:org.opengis.cite.ogcapiconnectedsystems10.conformance.part2.update.Part2UpdateTests@1f4f03b1]" name="part2UpdateConformanceDeclared" class="org.opengis.cite.ogcapiconnectedsystems10.conformance.part2.update.Part2UpdateTests"/>
        <method signature="Part2UpdateTests.part2UpdateMutationSafetyGate()[pri:0, instance:org.opengis.cite.ogcapiconnectedsystems10.conformance.part2.update.Part2UpdateTests@1f4f03b1]" name="part2UpdateMutationSafetyGate" class="org.opengis.cite.ogcapiconnectedsystems10.conformance.part2.update.Part2UpdateTests"/>
        <method signature="Part2UpdateTests.part2UpdatePrerequisitesVisibleForFullClosure()[pri:0, instance:org.opengis.cite.ogcapiconnectedsystems10.conformance.part2.update.Part2UpdateTests@1f4f03b1]" name="part2UpdatePrerequisitesVisibleForFullClosure" class="org.opengis.cite.ogcapiconnectedsystems10.conformance.part2.update.Part2UpdateTests"/>
        <method signature="Part2UpdateTests.schemaRejectionPatchChecksRequireSafeEvidence()[pri:0, instance:org.opengis.cite.ogcapiconnectedsystems10.conformance.part2.update.Part2UpdateTests@1f4f03b1]" name="schemaRejectionPatchChecksRequireSafeEvidence" class="org.opengis.cite.ogcapiconnectedsystems10.conformance.part2.update.Part2UpdateTests"/>
        <method signature="Part2UpdateTests.systemEventPatchLifecycleRequiresDedicatedMutableIut()[pri:0, instance:org.opengis.cite.ogcapiconnectedsystems10.conformance.part2.update.Part2UpdateTests@1f4f03b1]" name="systemEventPatchLifecycleRequiresDedicatedMutableIut" class="org.opengis.cite.ogcapiconnectedsystems10.conformance.part2.update.Part2UpdateTests"/>
        <method signature="Part2UpdateTests.systemEventPatchReadinessIsConditionGated()[pri:0, instance:org.opengis.cite.ogcapiconnectedsystems10.conformance.part2.update.Part2UpdateTests@1f4f03b1]" name="systemEventPatchReadinessIsConditionGated" class="org.opengis.cite.ogcapiconnectedsystems10.conformance.part2.update.Part2UpdateTests"/>
        <method signature="Part2UpdateTests.unavailableEndpointsDoNotBecomeUpdateLifecycleEvidence()[pri:0, instance:org.opengis.cite.ogcapiconnectedsystems10.conformance.part2.update.Part2UpdateTests@1f4f03b1]" name="unavailableEndpointsDoNotBecomeUpdateLifecycleEvidence" class="org.opengis.cite.ogcapiconnectedsystems10.conformance.part2.update.Part2UpdateTests"/>
      </group> <!-- part2update -->
      <group name="common">
        <method signature="CommonTests.commonCollectionsEndpointReturnsCollectionsArray()[pri:0, instance:org.opengis.cite.ogcapiconnectedsystems10.conformance.common.CommonTests@362d9e4c]" name="commonCollectionsEndpointReturnsCollectionsArray" class="org.opengis.cite.ogcapiconnectedsystems10.conformance.common.CommonTests"/>
        <method signature="CommonTests.commonConformanceDeclaresCommonCore()[pri:0, instance:org.opengis.cite.ogcapiconnectedsystems10.conformance.common.CommonTests@362d9e4c]" name="commonConformanceDeclaresCommonCore" class="org.opengis.cite.ogcapiconnectedsystems10.conformance.common.CommonTests"/>
        <method signature="CommonTests.commonContentNegotiationHonoursFJsonParameter()[pri:0, instance:org.opengis.cite.ogcapiconnectedsystems10.conformance.common.CommonTests@362d9e4c]" name="commonContentNegotiationHonoursFJsonParameter" class="org.opengis.cite.ogcapiconnectedsystems10.conformance.common.CommonTests"/>
        <method signature="CommonTests.commonLandingPageConformanceLinkHasJsonType()[pri:0, instance:org.opengis.cite.ogcapiconnectedsystems10.conformance.common.CommonTests@362d9e4c]" name="commonLandingPageConformanceLinkHasJsonType" class="org.opengis.cite.ogcapiconnectedsystems10.conformance.common.CommonTests"/>
      </group> <!-- common -->
      <group name="procedures">
        <method signature="ProceduresTests.proceduresCollectionReturns200()[pri:0, instance:org.opengis.cite.ogcapiconnectedsystems10.conformance.procedures.ProceduresTests@3fa29ee8]" name="proceduresCollectionReturns200" class="org.opengis.cite.ogcapiconnectedsystems10.conformance.procedures.ProceduresTests"/>
        <method signature="ProceduresTests.procedureItemHasIdTypeLinks()[pri:0, instance:org.opengis.cite.ogcapiconnectedsystems10.conformance.procedures.ProceduresTests@3fa29ee8]" name="procedureItemHasIdTypeLinks" class="org.opengis.cite.ogcapiconnectedsystems10.conformance.procedures.ProceduresTests"/>
        <method signature="ProceduresTests.procedureItemHasCanonicalLink()[pri:0, instance:org.opengis.cite.ogcapiconnectedsystems10.conformance.procedures.ProceduresTests@3fa29ee8]" name="procedureItemHasCanonicalLink" class="org.opengis.cite.ogcapiconnectedsystems10.conformance.procedures.ProceduresTests"/>
        <method signature="ProceduresTests.procedureItemsHaveNoGeometry()[pri:0, instance:org.opengis.cite.ogcapiconnectedsystems10.conformance.procedures.ProceduresTests@3fa29ee8]" name="procedureItemsHaveNoGeometry" class="org.opengis.cite.ogcapiconnectedsystems10.conformance.procedures.ProceduresTests"/>
      </group> <!-- procedures -->
      <group name="part2feasibility">
        <method signature="Part2FeasibilityTests.controlStreamScopedFeasibilityEndpointUsesNormativeSingularPath()[pri:0, instance:org.opengis.cite.ogcapiconnectedsystems10.conformance.part2.feasibility.Part2FeasibilityTests@68b8d522]" name="controlStreamScopedFeasibilityEndpointUsesNormativeSingularPath" class="org.opengis.cite.ogcapiconnectedsystems10.conformance.part2.feasibility.Part2FeasibilityTests"/>
        <method signature="Part2FeasibilityTests.feasibilityCanonicalResourceReadableWhenAvailable()[pri:0, instance:org.opengis.cite.ogcapiconnectedsystems10.conformance.part2.feasibility.Part2FeasibilityTests@68b8d522]" name="feasibilityCanonicalResourceReadableWhenAvailable" class="org.opengis.cite.ogcapiconnectedsystems10.conformance.part2.feasibility.Part2FeasibilityTests"/>
        <method signature="Part2FeasibilityTests.feasibilityCollectionsCheckedWhenAdvertised()[pri:0, instance:org.opengis.cite.ogcapiconnectedsystems10.conformance.part2.feasibility.Part2FeasibilityTests@68b8d522]" name="feasibilityCollectionsCheckedWhenAdvertised" class="org.opengis.cite.ogcapiconnectedsystems10.conformance.part2.feasibility.Part2FeasibilityTests"/>
        <method signature="Part2FeasibilityTests.feasibilityConformanceDeclared()[pri:0, instance:org.opengis.cite.ogcapiconnectedsystems10.conformance.part2.feasibility.Part2FeasibilityTests@68b8d522]" name="feasibilityConformanceDeclared" class="org.opengis.cite.ogcapiconnectedsystems10.conformance.part2.feasibility.Part2FeasibilityTests"/>
        <method signature="Part2FeasibilityTests.feasibilityControlStreamPrerequisiteVisibleForFullClosure()[pri:0, instance:org.opengis.cite.ogcapiconnectedsystems10.conformance.part2.feasibility.Part2FeasibilityTests@68b8d522]" name="feasibilityControlStreamPrerequisiteVisibleForFullClosure" class="org.opengis.cite.ogcapiconnectedsystems10.conformance.part2.feasibility.Part2FeasibilityTests"/>
        <method signature="Part2FeasibilityTests.feasibilityResultEndpointReadableWhenResourceAvailable()[pri:0, instance:org.opengis.cite.ogcapiconnectedsystems10.conformance.part2.feasibility.Part2FeasibilityTests@68b8d522]" name="feasibilityResultEndpointReadableWhenResourceAvailable" class="org.opengis.cite.ogcapiconnectedsystems10.conformance.part2.feasibility.Part2FeasibilityTests"/>
        <method signature="Part2FeasibilityTests.feasibilityStatusEndpointReadableWhenResourceAvailable()[pri:0, instance:org.opengis.cite.ogcapiconnectedsystems10.conformance.part2.feasibility.Part2FeasibilityTests@68b8d522]" name="feasibilityStatusEndpointReadableWhenResourceAvailable" class="org.opengis.cite.ogcapiconnectedsystems10.conformance.part2.feasibility.Part2FeasibilityTests"/>
      </group> <!-- part2feasibility -->
      <group name="part2createreplacedelete">
        <method signature="Part2CreateReplaceDeleteTests.controlStreamAndNestedCommandOptionsReadinessIsReadOnly()[pri:0, instance:org.opengis.cite.ogcapiconnectedsystems10.conformance.part2.createreplacedelete.Part2CreateReplaceDeleteTests@31f0c168]" name="controlStreamAndNestedCommandOptionsReadinessIsReadOnly" class="org.opengis.cite.ogcapiconnectedsystems10.conformance.part2.createreplacedelete.Part2CreateReplaceDeleteTests"/>
        <method signature="Part2CreateReplaceDeleteTests.controlStreamCommandLifecycleRequiresDedicatedMutableIut()[pri:0, instance:org.opengis.cite.ogcapiconnectedsystems10.conformance.part2.createreplacedelete.Part2CreateReplaceDeleteTests@31f0c168]" name="controlStreamCommandLifecycleRequiresDedicatedMutableIut" class="org.opengis.cite.ogcapiconnectedsystems10.conformance.part2.createreplacedelete.Part2CreateReplaceDeleteTests"/>
        <method signature="Part2CreateReplaceDeleteTests.datastreamAndObservationOptionsReadinessIsReadOnly()[pri:0, instance:org.opengis.cite.ogcapiconnectedsystems10.conformance.part2.createreplacedelete.Part2CreateReplaceDeleteTests@31f0c168]" name="datastreamAndObservationOptionsReadinessIsReadOnly" class="org.opengis.cite.ogcapiconnectedsystems10.conformance.part2.createreplacedelete.Part2CreateReplaceDeleteTests"/>
        <method signature="Part2CreateReplaceDeleteTests.datastreamObservationLifecycleRequiresDedicatedMutableIut()[pri:0, instance:org.opengis.cite.ogcapiconnectedsystems10.conformance.part2.createreplacedelete.Part2CreateReplaceDeleteTests@31f0c168]" name="datastreamObservationLifecycleRequiresDedicatedMutableIut" class="org.opengis.cite.ogcapiconnectedsystems10.conformance.part2.createreplacedelete.Part2CreateReplaceDeleteTests"/>
        <method signature="Part2CreateReplaceDeleteTests.feasibilitySystemEventLifecycleRequiresDedicatedMutableIut()[pri:0, instance:org.opengis.cite.ogcapiconnectedsystems10.conformance.part2.createreplacedelete.Part2CreateReplaceDeleteTests@31f0c168]" name="feasibilitySystemEventLifecycleRequiresDedicatedMutableIut" class="org.opengis.cite.ogcapiconnectedsystems10.conformance.part2.createreplacedelete.Part2CreateReplaceDeleteTests"/>
        <method signature="Part2CreateReplaceDeleteTests.featuresPart4CreateReplaceDeletePrerequisiteVisibleForFullClosure()[pri:0, instance:org.opengis.cite.ogcapiconnectedsystems10.conformance.part2.createreplacedelete.Part2CreateReplaceDeleteTests@31f0c168]" name="featuresPart4CreateReplaceDeletePrerequisiteVisibleForFullClosure" class="org.opengis.cite.ogcapiconnectedsystems10.conformance.part2.createreplacedelete.Part2CreateReplaceDeleteTests"/>
        <method signature="Part2CreateReplaceDeleteTests.part2CreateReplaceDeleteConformanceDeclared()[pri:0, instance:org.opengis.cite.ogcapiconnectedsystems10.conformance.part2.createreplacedelete.Part2CreateReplaceDeleteTests@31f0c168]" name="part2CreateReplaceDeleteConformanceDeclared" class="org.opengis.cite.ogcapiconnectedsystems10.conformance.part2.createreplacedelete.Part2CreateReplaceDeleteTests"/>
        <method signature="Part2CreateReplaceDeleteTests.part2CreateReplaceDeleteMutationSafetyGate()[pri:0, instance:org.opengis.cite.ogcapiconnectedsystems10.conformance.part2.createreplacedelete.Part2CreateReplaceDeleteTests@31f0c168]" name="part2CreateReplaceDeleteMutationSafetyGate" class="org.opengis.cite.ogcapiconnectedsystems10.conformance.part2.createreplacedelete.Part2CreateReplaceDeleteTests"/>
        <method signature="Part2CreateReplaceDeleteTests.unavailableCommandFeasibilityAndEventEndpointsDoNotBecomeLifecycleEvidence()[pri:0, instance:org.opengis.cite.ogcapiconnectedsystems10.conformance.part2.createreplacedelete.Part2CreateReplaceDeleteTests@31f0c168]" name="unavailableCommandFeasibilityAndEventEndpointsDoNotBecomeLifecycleEvidence" class="org.opengis.cite.ogcapiconnectedsystems10.conformance.part2.createreplacedelete.Part2CreateReplaceDeleteTests"/>
      </group> <!-- part2createreplacedelete -->
    </groups>
    <test started-at="2026-05-22T20:30:40Z" name="Conformance Classes - Core + SystemFeatures + Common + Subsystems + Procedures + Deployments + SamplingFeatures + PropertyDefinitions + Subdeployments + GeoJSON + SensorML + AdvancedFiltering + CreateReplaceDelete + Update + Part2ApiCommon + Part2Datastream + Part2ControlStream + Part2Feasibility + Part2SystemEvent + Part2AdvancedFiltering + Part2CreateReplaceDelete + Part2Update (OGC 23-001 /conf/core, /conf/system, /conf/subsystem, /conf/procedure, /conf/deployment, /conf/sf, /conf/property, /conf/subdeployment, /conf/geojson, /conf/sensorml, /conf/advanced-filtering, /conf/create-replace-delete, /conf/update; OGC 23-002 /conf/api-common, /conf/datastream, /conf/controlstream, /conf/feasibility, /conf/system-event, /conf/advanced-filtering, /conf/create-replace-delete, /conf/update; OGC 19-072 /conf/common)" finished-at="2026-05-22T20:30:51Z" duration-ms="10815">
      <class name="org.opengis.cite.ogcapiconnectedsystems10.conformance.sensorml.SensorMlTests">
        <test-method is-config="true" signature="fetchSensorMlInputs(org.testng.ITestContext)[pri:0, instance:org.opengis.cite.ogcapiconnectedsystems10.conformance.sensorml.SensorMlTests@49582f95]" started-at="2026-05-22T20:30:49Z" name="fetchSensorMlInputs" finished-at="2026-05-22T20:30:49Z" duration-ms="0" status="FAIL">
          <params>
            <param index="0">
              <value>
                org.testng.TestRunner@5a071416
              </value>
            </param>
          </params>
          <exception class="java.lang.AssertionError">
            <message>
              http://www.opengis.net/spec/ogcapi-connectedsystems-1/1.0/req/sensorml — expected HTTP 200, got 500
            </message>
          </exception> <!-- java.lang.AssertionError -->
          <reporter-output>
          </reporter-output>
        </test-method> <!-- fetchSensorMlInputs -->
        <test-method signature="propertySensorMlHasSchemaAndMapping()[pri:0, instance:org.opengis.cite.ogcapiconnectedsystems10.conformance.sensorml.SensorMlTests@49582f95]" started-at="2026-05-22T20:30:50Z" name="propertySensorMlHasSchemaAndMapping" description="OGC-23-001 http://www.opengis.net/spec/ogcapi-connectedsystems-1/1.0/req/sensorml/property-schema and http://www.opengis.net/spec/ogcapi-connectedsystems-1/1.0/req/sensorml/property-mappings: property SensorML JSON has property-compatible shape and mapping evidence after /conf/property gating, with empty /properties SKIP honesty (REQ-ETS-PART1-013, SCENARIO-ETS-PART1-013-SENSORML-PROPERTY-SCHEMA-MAPPING-001, SCENARIO-ETS-PART1-013-SENSORML-NON-SYSTEM-FALLBACK-HONESTY-001)" groups="sensorml" depends-on-groups="systemfeatures" finished-at="2026-05-22T20:30:50Z" duration-ms="0" status="SKIP">
          <exception class="java.lang.Throwable">
            <message>
              Method SensorMlTests.propertySensorMlHasSchemaAndMapping()[pri:0, instance:org.opengis.cite.ogcapiconnectedsystems10.conformance.sensorml.SensorMlTests@49582f95] depends on not successfully finished methods in group "systemfeatures"
            </message>
          </exception> <!-- java.lang.Throwable -->
          <reporter-output>
          </reporter-output>
        </test-method> <!-- propertySensorMlHasSchemaAndMapping -->
        <test-method signature="deploymentSensorMlHasSchemaAndMapping()[pri:0, instance:org.opengis.cite.ogcapiconnectedsystems10.conformance.sensorml.SensorMlTests@49582f95]" started-at="2026-05-22T20:30:50Z" name="deploymentSensorMlHasSchemaAndMapping" description="OGC-23-001 http://www.opengis.net/spec/ogcapi-connectedsystems-1/1.0/req/sensorml/deployment-schema and http://www.opengis.net/spec/ogcapi-connectedsystems-1/1.0/req/sensorml/deployment-mappings: deployment SensorML JSON has Deployment shape, identity mapping, and deployedSystems evidence after /conf/deployment gating (REQ-ETS-PART1-013, SCENARIO-ETS-PART1-013-SENSORML-DEPLOYMENT-SCHEMA-MAPPING-001, SCENARIO-ETS-PART1-013-SENSORML-NON-SYSTEM-FALLBACK-HONESTY-001)" groups="sensorml" depends-on-groups="systemfeatures" finished-at="2026-05-22T20:30:50Z" duration-ms="0" status="SKIP">
          <exception class="java.lang.Throwable">
            <message>
              Method SensorMlTests.deploymentSensorMlHasSchemaAndMapping()[pri:0, instance:org.opengis.cite.ogcapiconnectedsystems10.conformance.sensorml.SensorMlTests@49582f95] depends on not successfully finished methods in group "systemfeatures"
            </message>
          </exception> <!-- java.lang.Throwable -->
          <reporter-output>
          </reporter-output>
        </test-method> <!-- deploymentSensorMlHasSchemaAndMapping -->
        <test-method signature="sensorMlConformanceDeclared()[pri:0, instance:org.opengis.cite.ogcapiconnectedsystems10.conformance.sensorml.SensorMlTests@49582f95]" started-at="2026-05-22T20:30:50Z" name="sensorMlConformanceDeclared" description="OGC-23-001 http://www.opengis.net/spec/ogcapi-connectedsystems-1/1.0/req/sensorml: /conformance declares /conf/sensorml (REQ-ETS-PART1-013, SCENARIO-ETS-PART1-013-SENSORML-CONFORMANCE-DECLARED-001)" groups="sensorml" depends-on-groups="systemfeatures" finished-at="2026-05-22T20:30:50Z" duration-ms="0" status="SKIP">
          <exception class="java.lang.Throwable">
            <message>
              Method SensorMlTests.sensorMlConformanceDeclared()[pri:0, instance:org.opengis.cite.ogcapiconnectedsystems10.conformance.sensorml.SensorMlTests@49582f95] depends on not successfully finished methods in group "systemfeatures"
            </message>
          </exception> <!-- java.lang.Throwable -->
          <reporter-output>
          </reporter-output>
        </test-method> <!-- sensorMlConformanceDeclared -->
        <test-method signature="procedureSensorMlHasSchemaAndMapping()[pri:0, instance:org.opengis.cite.ogcapiconnectedsystems10.conformance.sensorml.SensorMlTests@49582f95]" started-at="2026-05-22T20:30:50Z" name="procedureSensorMlHasSchemaAndMapping" description="OGC-23-001 http://www.opengis.net/spec/ogcapi-connectedsystems-1/1.0/req/sensorml/procedure-schema, http://www.opengis.net/spec/ogcapi-connectedsystems-1/1.0/req/sensorml/procedure-sml-class and http://www.opengis.net/spec/ogcapi-connectedsystems-1/1.0/req/sensorml/procedure-mappings: procedure SensorML JSON has procedure-compatible type, identity mapping, and non-identity process structure after /conf/procedure gating (REQ-ETS-PART1-013, SCENARIO-ETS-PART1-013-SENSORML-PROCEDURE-SCHEMA-MAPPING-001, SCENARIO-ETS-PART1-013-SENSORML-NON-SYSTEM-FALLBACK-HONESTY-001)" groups="sensorml" depends-on-groups="systemfeatures" finished-at="2026-05-22T20:30:50Z" duration-ms="0" status="SKIP">
          <exception class="java.lang.Throwable">
            <message>
              Method SensorMlTests.procedureSensorMlHasSchemaAndMapping()[pri:0, instance:org.opengis.cite.ogcapiconnectedsystems10.conformance.sensorml.SensorMlTests@49582f95] depends on not successfully finished methods in group "systemfeatures"
            </message>
          </exception> <!-- java.lang.Throwable -->
          <reporter-output>
          </reporter-output>
        </test-method> <!-- procedureSensorMlHasSchemaAndMapping -->
        <test-method signature="sensorMlRepresentationDiscoveredForSystem()[pri:0, instance:org.opengis.cite.ogcapiconnectedsystems10.conformance.sensorml.SensorMlTests@49582f95]" started-at="2026-05-22T20:30:50Z" name="sensorMlRepresentationDiscoveredForSystem" description="OGC-23-001 http://www.opengis.net/spec/ogcapi-connectedsystems-1/1.0/req/sensorml/mediatype-read: discover a system SensorML representation through direct negotiation or an explicit application/sml+json alternate link; CS API items wrapper alone does not PASS (REQ-ETS-PART1-013, SCENARIO-ETS-PART1-013-SENSORML-REPRESENTATION-DISCOVERY-001)" groups="sensorml" depends-on-groups="systemfeatures" finished-at="2026-05-22T20:30:50Z" duration-ms="0" status="SKIP">
          <exception class="java.lang.Throwable">
            <message>
              Method SensorMlTests.sensorMlRepresentationDiscoveredForSystem()[pri:0, instance:org.opengis.cite.ogcapiconnectedsystems10.conformance.sensorml.SensorMlTests@49582f95] depends on not successfully finished methods in group "systemfeatures"
            </message>
          </exception> <!-- java.lang.Throwable -->
          <reporter-output>
          </reporter-output>
        </test-method> <!-- sensorMlRepresentationDiscoveredForSystem -->
        <test-method signature="sensorMlProcedureLinksMemberAssociationRelsUseResourceSpecificNames()[pri:0, instance:org.opengis.cite.ogcapiconnectedsystems10.conformance.sensorml.SensorMlTests@49582f95]" started-at="2026-05-22T20:30:50Z" name="sensorMlProcedureLinksMemberAssociationRelsUseResourceSpecificNames" description="OGC-23-001 http://www.opengis.net/spec/ogcapi-connectedsystems-1/1.0/req/sensorml/relation-types: SensorML procedure links-member association rels use procedure-specific names and absent links SKIP honestly (REQ-ETS-PART1-013, SCENARIO-ETS-PART1-013-SENSORML-RELATION-TYPES-BREADTH-001, SCENARIO-ETS-PART1-012-013-RELATION-TYPES-FALLBACK-HONESTY-001)" groups="sensorml" depends-on-groups="systemfeatures" finished-at="2026-05-22T20:30:50Z" duration-ms="0" status="SKIP">
          <exception class="java.lang.Throwable">
            <message>
              Method SensorMlTests.sensorMlProcedureLinksMemberAssociationRelsUseResourceSpecificNames()[pri:0, instance:org.opengis.cite.ogcapiconnectedsystems10.conformance.sensorml.SensorMlTests@49582f95] depends on not successfully finished methods in group "systemfeatures"
            </message>
          </exception> <!-- java.lang.Throwable -->
          <reporter-output>
          </reporter-output>
        </test-method> <!-- sensorMlProcedureLinksMemberAssociationRelsUseResourceSpecificNames -->
        <test-method signature="sensorMlDeploymentLinksMemberAssociationRelsUseResourceSpecificNames()[pri:0, instance:org.opengis.cite.ogcapiconnectedsystems10.conformance.sensorml.SensorMlTests@49582f95]" started-at="2026-05-22T20:30:50Z" name="sensorMlDeploymentLinksMemberAssociationRelsUseResourceSpecificNames" description="OGC-23-001 http://www.opengis.net/spec/ogcapi-connectedsystems-1/1.0/req/sensorml/relation-types: SensorML deployment links-member association rels use deployment-specific names and absent links SKIP honestly (REQ-ETS-PART1-013, SCENARIO-ETS-PART1-013-SENSORML-RELATION-TYPES-BREADTH-001, SCENARIO-ETS-PART1-012-013-RELATION-TYPES-FALLBACK-HONESTY-001)" groups="sensorml" depends-on-groups="systemfeatures" finished-at="2026-05-22T20:30:50Z" duration-ms="0" status="SKIP">
          <exception class="java.lang.Throwable">
            <message>
              Method SensorMlTests.sensorMlDeploymentLinksMemberAssociationRelsUseResourceSpecificNames()[pri:0, instance:org.opengis.cite.ogcapiconnectedsystems10.conformance.sensorml.SensorMlTests@49582f95] depends on not successfully finished methods in group "systemfeatures"
            </message>
          </exception> <!-- java.lang.Throwable -->
          <reporter-output>
          </reporter-output>
        </test-method> <!-- sensorMlDeploymentLinksMemberAssociationRelsUseResourceSpecificNames -->
        <test-method signature="sensorMlDependencyCascadeRuntime()[pri:0, instance:org.opengis.cite.ogcapiconnectedsystems10.conformance.sensorml.SensorMlTests@49582f95]" started-at="2026-05-22T20:30:50Z" name="sensorMlDependencyCascadeRuntime" description="OGC-23-001 http://www.opengis.net/spec/ogcapi-connectedsystems-1/1.0/req/sensorml: SensorML group runtime-cascade tracer for SensorML -&gt; SystemFeatures -&gt; Core (REQ-ETS-PART1-013, SCENARIO-ETS-PART1-013-SENSORML-DEPENDENCY-SMOKE-001)" groups="sensorml" depends-on-groups="systemfeatures" finished-at="2026-05-22T20:30:50Z" duration-ms="0" status="SKIP">
          <exception class="java.lang.Throwable">
            <message>
              Method SensorMlTests.sensorMlDependencyCascadeRuntime()[pri:0, instance:org.opengis.cite.ogcapiconnectedsystems10.conformance.sensorml.SensorMlTests@49582f95] depends on not successfully finished methods in group "systemfeatures"
            </message>
          </exception> <!-- java.lang.Throwable -->
          <reporter-output>
          </reporter-output>
        </test-method> <!-- sensorMlDependencyCascadeRuntime -->
        <test-method signature="sensorMlMediaTypeWriteParsesSystemBodyWhenMutationEnabled()[pri:0, instance:org.opengis.cite.ogcapiconnectedsystems10.conformance.sensorml.SensorMlTests@49582f95]" started-at="2026-05-22T20:30:50Z" name="sensorMlMediaTypeWriteParsesSystemBodyWhenMutationEnabled" description="OGC-23-001 http://www.opengis.net/spec/ogcapi-connectedsystems-1/1.0/req/sensorml/mediatype-write: Content-Type application/sml+json write parsing is checked only after CRD conformance, explicit dedicated-mutable-IUT opt-in, public-IUT hard denial, and follow-up dereference evidence (REQ-ETS-PART1-013, SCENARIO-ETS-PART1-013-SENSORML-MEDIATYPE-WRITE-SAFETY-GATED-001, SCENARIO-ETS-PART1-012-013-MEDIATYPE-WRITE-NO-PUBLIC-MUTATION-001, SCENARIO-ETS-PART1-012-013-MEDIATYPE-WRITE-PARSE-EVIDENCE-001)" groups="sensorml" depends-on-groups="systemfeatures" finished-at="2026-05-22T20:30:50Z" duration-ms="0" status="SKIP">
          <exception class="java.lang.Throwable">
            <message>
              Method SensorMlTests.sensorMlMediaTypeWriteParsesSystemBodyWhenMutationEnabled()[pri:0, instance:org.opengis.cite.ogcapiconnectedsystems10.conformance.sensorml.SensorMlTests@49582f95] depends on not successfully finished methods in group "systemfeatures"
            </message>
          </exception> <!-- java.lang.Throwable -->
          <reporter-output>
          </reporter-output>
        </test-method> <!-- sensorMlMediaTypeWriteParsesSystemBodyWhenMutationEnabled -->
        <test-method signature="sensorMlMediaTypeRead()[pri:0, instance:org.opengis.cite.ogcapiconnectedsystems10.conformance.sensorml.SensorMlTests@49582f95]" started-at="2026-05-22T20:30:51Z" name="sensorMlMediaTypeRead" description="OGC-23-001 http://www.opengis.net/spec/ogcapi-connectedsystems-1/1.0/req/sensorml/mediatype-read: fetch selected SensorML representation and record direct Accept versus alternate-link fallback without claiming full mediatype-read closure from generic JSON (REQ-ETS-PART1-013, SCENARIO-ETS-PART1-013-SENSORML-MEDIATYPE-READ-001)" groups="sensorml" depends-on-groups="systemfeatures" finished-at="2026-05-22T20:30:51Z" depends-on-methods="org.opengis.cite.ogcapiconnectedsystems10.conformance.sensorml.SensorMlTests.sensorMlRepresentationDiscoveredForSystem" duration-ms="0" status="SKIP">
          <exception class="java.lang.Throwable">
            <message>
              Method SensorMlTests.sensorMlMediaTypeRead()[pri:0, instance:org.opengis.cite.ogcapiconnectedsystems10.conformance.sensorml.SensorMlTests@49582f95] depends on not successfully finished methods in group "systemfeatures"
            </message>
          </exception> <!-- java.lang.Throwable -->
          <reporter-output>
          </reporter-output>
        </test-method> <!-- sensorMlMediaTypeRead -->
        <test-method signature="sensorMlLinksMemberAssociationRelsUseResourceSpecificNames()[pri:0, instance:org.opengis.cite.ogcapiconnectedsystems10.conformance.sensorml.SensorMlTests@49582f95]" started-at="2026-05-22T20:30:51Z" name="sensorMlLinksMemberAssociationRelsUseResourceSpecificNames" description="OGC-23-001 http://www.opengis.net/spec/ogcapi-connectedsystems-1/1.0/req/sensorml/relation-types: SensorML system links-member association rels use resource-specific association names, excluding generic representation links and non-links-member associations (REQ-ETS-PART1-013, SCENARIO-ETS-PART1-013-SENSORML-RELATION-TYPES-001, SCENARIO-ETS-PART1-013-SENSORML-RELATION-TYPES-BREADTH-001, SCENARIO-ETS-PART1-012-013-RELATION-TYPES-FALLBACK-HONESTY-001)" groups="sensorml" depends-on-groups="systemfeatures" finished-at="2026-05-22T20:30:51Z" depends-on-methods="org.opengis.cite.ogcapiconnectedsystems10.conformance.sensorml.SensorMlTests.sensorMlMediaTypeRead" duration-ms="0" status="SKIP">
          <exception class="java.lang.Throwable">
            <message>
              Method SensorMlTests.sensorMlLinksMemberAssociationRelsUseResourceSpecificNames()[pri:0, instance:org.opengis.cite.ogcapiconnectedsystems10.conformance.sensorml.SensorMlTests@49582f95] depends on not successfully finished methods in group "systemfeatures"
            </message>
          </exception> <!-- java.lang.Throwable -->
          <reporter-output>
          </reporter-output>
        </test-method> <!-- sensorMlLinksMemberAssociationRelsUseResourceSpecificNames -->
        <test-method signature="sensorMlSystemHasMinimalShape()[pri:0, instance:org.opengis.cite.ogcapiconnectedsystems10.conformance.sensorml.SensorMlTests@49582f95]" started-at="2026-05-22T20:30:51Z" name="sensorMlSystemHasMinimalShape" description="OGC-23-001 http://www.opengis.net/spec/ogcapi-connectedsystems-1/1.0/req/sensorml/system-sml-class: SensorML system representation has minimal SensorML class and identity shape (REQ-ETS-PART1-013, SCENARIO-ETS-PART1-013-SENSORML-SYSTEM-SHAPE-001)" groups="sensorml" depends-on-groups="systemfeatures" finished-at="2026-05-22T20:30:51Z" depends-on-methods="org.opengis.cite.ogcapiconnectedsystems10.conformance.sensorml.SensorMlTests.sensorMlMediaTypeRead" duration-ms="0" status="SKIP">
          <exception class="java.lang.Throwable">
            <message>
              Method SensorMlTests.sensorMlSystemHasMinimalShape()[pri:0, instance:org.opengis.cite.ogcapiconnectedsystems10.conformance.sensorml.SensorMlTests@49582f95] depends on not successfully finished methods in group "systemfeatures"
            </message>
          </exception> <!-- java.lang.Throwable -->
          <reporter-output>
          </reporter-output>
        </test-method> <!-- sensorMlSystemHasMinimalShape -->
        <test-method signature="sensorMlSystemPreservesIdentityMapping()[pri:0, instance:org.opengis.cite.ogcapiconnectedsystems10.conformance.sensorml.SensorMlTests@49582f95]" started-at="2026-05-22T20:30:51Z" name="sensorMlSystemPreservesIdentityMapping" description="OGC-23-001 http://www.opengis.net/spec/ogcapi-connectedsystems-1/1.0/req/sensorml/system-mappings: SensorML system representation preserves selected CS API system identity through id or UID mapping (REQ-ETS-PART1-013, SCENARIO-ETS-PART1-013-SENSORML-SYSTEM-MAPPING-001)" groups="sensorml" depends-on-groups="systemfeatures" finished-at="2026-05-22T20:30:51Z" depends-on-methods="org.opengis.cite.ogcapiconnectedsystems10.conformance.sensorml.SensorMlTests.sensorMlSystemHasMinimalShape" duration-ms="0" status="SKIP">
          <exception class="java.lang.Throwable">
            <message>
              Method SensorMlTests.sensorMlSystemPreservesIdentityMapping()[pri:0, instance:org.opengis.cite.ogcapiconnectedsystems10.conformance.sensorml.SensorMlTests@49582f95] depends on not successfully finished methods in group "systemfeatures"
            </message>
          </exception> <!-- java.lang.Throwable -->
          <reporter-output>
          </reporter-output>
        </test-method> <!-- sensorMlSystemPreservesIdentityMapping -->
      </class> <!-- org.opengis.cite.ogcapiconnectedsystems10.conformance.sensorml.SensorMlTests -->
      <class name="org.opengis.cite.ogcapiconnectedsystems10.conformance.geojson.GeoJsonTests">
        <test-method is-config="true" signature="fetchGeoJsonInputs(org.testng.ITestContext)[pri:0, instance:org.opengis.cite.ogcapiconnectedsystems10.conformance.geojson.GeoJsonTests@1bac1760]" started-at="2026-05-22T20:30:49Z" name="fetchGeoJsonInputs" finished-at="2026-05-22T20:30:49Z" duration-ms="0" status="FAIL">
          <params>
            <param index="0">
              <value>
                org.testng.TestRunner@5a071416
              </value>
            </param>
          </params>
          <exception class="java.lang.AssertionError">
            <message>
              http://www.opengis.net/spec/ogcapi-connectedsystems-1/1.0/req/geojson/relation-types — expected HTTP 200, got 500
            </message>
          </exception> <!-- java.lang.AssertionError -->
          <reporter-output>
          </reporter-output>
        </test-method> <!-- fetchGeoJsonInputs -->
        <test-method signature="deploymentFeatureHasGeoJsonSchemaAndMapping()[pri:0, instance:org.opengis.cite.ogcapiconnectedsystems10.conformance.geojson.GeoJsonTests@1bac1760]" started-at="2026-05-22T20:30:49Z" name="deploymentFeatureHasGeoJsonSchemaAndMapping" description="OGC-23-001 http://www.opengis.net/spec/ogcapi-connectedsystems-1/1.0/req/geojson/deployment-schema and http://www.opengis.net/spec/ogcapi-connectedsystems-1/1.0/req/geojson/deployment-mappings: /deployments GeoJSON FeatureCollection exposes deployment-specific properties before PASS (REQ-ETS-PART1-012, SCENARIO-ETS-PART1-012-GEOJSON-DEPLOYMENT-SCHEMA-MAPPING-001, SCENARIO-ETS-PART1-012-GEOJSON-NON-SYSTEM-FALLBACK-HONESTY-001)" groups="geojson" depends-on-groups="systemfeatures" finished-at="2026-05-22T20:30:49Z" duration-ms="0" status="SKIP">
          <exception class="java.lang.Throwable">
            <message>
[...]
          <exception class="java.lang.Throwable">
            <message>
              Method UpdateTests.systemResourceOptionsPatchReadinessPrecondition()[pri:0, instance:org.opengis.cite.ogcapiconnectedsystems10.conformance.update.UpdateTests@6647ab97] depends on not successfully finished methods in group "createreplacedelete"
            </message>
          </exception> <!-- java.lang.Throwable -->
          <reporter-output>
          </reporter-output>
        </test-method> <!-- systemResourceOptionsPatchReadinessPrecondition -->
        <test-method signature="updateConformanceDeclared()[pri:0, instance:org.opengis.cite.ogcapiconnectedsystems10.conformance.update.UpdateTests@6647ab97]" started-at="2026-05-22T20:30:51Z" name="updateConformanceDeclared" description="OGC-23-001 http://www.opengis.net/spec/ogcapi-connectedsystems-1/1.0/req/update: /conformance declares /conf/update (REQ-ETS-PART1-011, SCENARIO-ETS-PART1-011-UPDATE-CONFORMANCE-DECLARED-001)" groups="update" depends-on-groups="createreplacedelete" finished-at="2026-05-22T20:30:51Z" duration-ms="0" status="SKIP">
          <exception class="java.lang.Throwable">
            <message>
              Method UpdateTests.updateConformanceDeclared()[pri:0, instance:org.opengis.cite.ogcapiconnectedsystems10.conformance.update.UpdateTests@6647ab97] depends on not successfully finished methods in group "createreplacedelete"
            </message>
          </exception> <!-- java.lang.Throwable -->
          <reporter-output>
          </reporter-output>
        </test-method> <!-- updateConformanceDeclared -->
      </class> <!-- org.opengis.cite.ogcapiconnectedsystems10.conformance.update.UpdateTests -->
      <class name="org.opengis.cite.ogcapiconnectedsystems10.conformance.part2.datastream.Part2DatastreamTests">
        <test-method is-config="true" signature="fetchPart2DatastreamInputs(org.testng.ITestContext)[pri:0, instance:org.opengis.cite.ogcapiconnectedsystems10.conformance.part2.datastream.Part2DatastreamTests@18d2acab]" started-at="2026-05-22T20:30:44Z" name="fetchPart2DatastreamInputs" finished-at="2026-05-22T20:30:44Z" duration-ms="252" status="PASS">
          <params>
            <param index="0">
              <value>
                org.testng.TestRunner@5a071416
              </value>
            </param>
          </params>
          <reporter-output>
          </reporter-output>
        </test-method> <!-- fetchPart2DatastreamInputs -->
        <test-method signature="datastreamConformanceDeclared()[pri:0, instance:org.opengis.cite.ogcapiconnectedsystems10.conformance.part2.datastream.Part2DatastreamTests@18d2acab]" started-at="2026-05-22T20:30:44Z" name="datastreamConformanceDeclared" description="OGC-23-002 http://www.opengis.net/spec/ogcapi-connectedsystems-2/1.0/req/datastream: /conformance declares /conf/datastream before Datastream assertions run (REQ-ETS-PART2-002, SCENARIO-ETS-PART2-002-DATASTREAM-CONFORMANCE-DECLARED-001)" groups="part2datastream" depends-on-groups="core, common" finished-at="2026-05-22T20:30:44Z" duration-ms="0" status="PASS">
          <reporter-output>
          </reporter-output>
        </test-method> <!-- datastreamConformanceDeclared -->
        <test-method signature="datastreamApiCommonPrerequisiteVisibleForFullClosure()[pri:0, instance:org.opengis.cite.ogcapiconnectedsystems10.conformance.part2.datastream.Part2DatastreamTests@18d2acab]" started-at="2026-05-22T20:30:44Z" name="datastreamApiCommonPrerequisiteVisibleForFullClosure" description="OGC-23-002 http://www.opengis.net/spec/ogcapi-connectedsystems-2/1.0/req/datastream: full /conf/datastream closure is prerequisite-incomplete when /conf/api-common is absent (REQ-ETS-PART2-002, SCENARIO-ETS-PART2-002-DEPENDENCY-SKIP-001)" groups="part2datastream" depends-on-groups="core, common" finished-at="2026-05-22T20:30:44Z" duration-ms="0" status="SKIP">
          <exception class="org.testng.SkipException">
            <message>
              http://www.opengis.net/spec/ogcapi-connectedsystems-2/1.0/conf/api-common - /req/datastream lists /req/api-common as a prerequisite. Scoped Datastream endpoint checks may run, but full /conf/datastream closure is prerequisite-incomplete.
            </message>
          </exception> <!-- org.testng.SkipException -->
          <reporter-output>
          </reporter-output>
        </test-method> <!-- datastreamApiCommonPrerequisiteVisibleForFullClosure -->
        <test-method signature="datastreamCanonicalResourceReadable()[pri:0, instance:org.opengis.cite.ogcapiconnectedsystems10.conformance.part2.datastream.Part2DatastreamTests@18d2acab]" started-at="2026-05-22T20:30:44Z" name="datastreamCanonicalResourceReadable" description="OGC-23-002 http://www.opengis.net/spec/ogcapi-connectedsystems-2/1.0/req/datastream/canonical-url: selected Datastream is accessible through /datastreams/{id} canonical URL (REQ-ETS-PART2-002, SCENARIO-ETS-PART2-002-DATASTREAM-ITEM-READONLY-001)" groups="part2datastream" depends-on-groups="core, common" finished-at="2026-05-22T20:30:44Z" duration-ms="0" status="SKIP">
          <exception class="org.testng.SkipException">
            <message>
              http://www.opengis.net/spec/ogcapi-connectedsystems-2/1.0/req/datastream/resources-endpoint - /datastreams returned an empty collection; no Datastream item is available for canonical read-only checks.
            </message>
          </exception> <!-- org.testng.SkipException -->
          <reporter-output>
          </reporter-output>
        </test-method> <!-- datastreamCanonicalResourceReadable -->
        <test-method signature="datastreamSchemaReadable()[pri:0, instance:org.opengis.cite.ogcapiconnectedsystems10.conformance.part2.datastream.Part2DatastreamTests@18d2acab]" started-at="2026-05-22T20:30:44Z" name="datastreamSchemaReadable" description="OGC-23-002 http://www.opengis.net/spec/ogcapi-connectedsystems-2/1.0/req/datastream/schema-op: selected Datastream exposes a readable /schema sub-resource (REQ-ETS-PART2-002, SCENARIO-ETS-PART2-002-DATASTREAM-SCHEMA-ENDPOINT-001)" groups="part2datastream" depends-on-groups="core, common" finished-at="2026-05-22T20:30:44Z" duration-ms="0" status="SKIP">
          <exception class="org.testng.SkipException">
            <message>
              http://www.opengis.net/spec/ogcapi-connectedsystems-2/1.0/req/datastream/resources-endpoint - /datastreams returned an empty collection; no Datastream item is available for canonical read-only checks.
            </message>
          </exception> <!-- org.testng.SkipException -->
          <reporter-output>
          </reporter-output>
        </test-method> <!-- datastreamSchemaReadable -->
        <test-method signature="datastreamsCollectionReadable()[pri:0, instance:org.opengis.cite.ogcapiconnectedsystems10.conformance.part2.datastream.Part2DatastreamTests@18d2acab]" started-at="2026-05-22T20:30:44Z" name="datastreamsCollectionReadable" description="OGC-23-002 http://www.opengis.net/spec/ogcapi-connectedsystems-2/1.0/req/datastream/resources-endpoint: /datastreams is a readable JSON resource collection (REQ-ETS-PART2-002, SCENARIO-ETS-PART2-002-DATASTREAM-COLLECTION-READONLY-001)" groups="part2datastream" depends-on-groups="core, common" finished-at="2026-05-22T20:30:44Z" duration-ms="2" status="FAIL">
          <exception class="java.lang.AssertionError">
            <message>
              http://www.opengis.net/spec/ogcapi-connectedsystems-2/1.0/req/datastream/resources-endpoint — expected HTTP 200, got 500
            </message>
          </exception> <!-- java.lang.AssertionError -->
          <reporter-output>
          </reporter-output>
        </test-method> <!-- datastreamsCollectionReadable -->
        <test-method signature="datastreamsCanonicalEndpointExposesDatastreamItems()[pri:0, instance:org.opengis.cite.ogcapiconnectedsystems10.conformance.part2.datastream.Part2DatastreamTests@18d2acab]" started-at="2026-05-22T20:30:44Z" name="datastreamsCanonicalEndpointExposesDatastreamItems" description="OGC-23-002 http://www.opengis.net/spec/ogcapi-connectedsystems-2/1.0/req/datastream/canonical-endpoint: /datastreams canonical endpoint exposes Datastream resources (REQ-ETS-PART2-002, SCENARIO-ETS-PART2-002-DATASTREAM-COLLECTION-READONLY-001)" groups="part2datastream" depends-on-groups="core, common" finished-at="2026-05-22T20:30:44Z" duration-ms="0" status="SKIP">
          <exception class="org.testng.SkipException">
            <message>
              http://www.opengis.net/spec/ogcapi-connectedsystems-2/1.0/req/datastream/resources-endpoint - /datastreams returned an empty collection; no Datastream item is available for canonical read-only checks.
            </message>
          </exception> <!-- org.testng.SkipException -->
          <reporter-output>
          </reporter-output>
        </test-method> <!-- datastreamsCanonicalEndpointExposesDatastreamItems -->
        <test-method signature="observationCanonicalResourceReadableWhenCollectionPopulated()[pri:0, instance:org.opengis.cite.ogcapiconnectedsystems10.conformance.part2.datastream.Part2DatastreamTests@18d2acab]" started-at="2026-05-22T20:30:44Z" name="observationCanonicalResourceReadableWhenCollectionPopulated" description="OGC-23-002 http://www.opengis.net/spec/ogcapi-connectedsystems-2/1.0/req/datastream/obs-canonical-url: selected Observation is accessible through /observations/{id} canonical URL when the collection is populated (REQ-ETS-PART2-002, SCENARIO-ETS-PART2-002-OBSERVATION-ENDPOINTS-READONLY-001)" groups="part2datastream" depends-on-groups="core, common" finished-at="2026-05-22T20:30:44Z" duration-ms="158" status="FAIL">
          <exception class="java.lang.AssertionError">
            <message>
              http://www.opengis.net/spec/ogcapi-connectedsystems-2/1.0/req/datastream/obs-canonical-url — expected HTTP 200, got 500
            </message>
          </exception> <!-- java.lang.AssertionError -->
          <reporter-output>
          </reporter-output>
        </test-method> <!-- observationCanonicalResourceReadableWhenCollectionPopulated -->
        <test-method signature="observationEndpointsReadable()[pri:0, instance:org.opengis.cite.ogcapiconnectedsystems10.conformance.part2.datastream.Part2DatastreamTests@18d2acab]" started-at="2026-05-22T20:30:44Z" name="observationEndpointsReadable" description="OGC-23-002 http://www.opengis.net/spec/ogcapi-connectedsystems-2/1.0/req/datastream/obs-resources-endpoint: /observations and /datastreams/{id}/observations are readable JSON endpoint collections (REQ-ETS-PART2-002, SCENARIO-ETS-PART2-002-OBSERVATION-ENDPOINTS-READONLY-001)" groups="part2datastream" depends-on-groups="core, common" finished-at="2026-05-22T20:30:44Z" duration-ms="156" status="FAIL">
          <exception class="java.lang.AssertionError">
            <message>
              http://www.opengis.net/spec/ogcapi-connectedsystems-2/1.0/req/datastream/obs-resources-endpoint — expected HTTP 200, got 500
            </message>
          </exception> <!-- java.lang.AssertionError -->
          <reporter-output>
          </reporter-output>
        </test-method> <!-- observationEndpointsReadable -->
        <test-method signature="observationsCanonicalEndpointReadable()[pri:0, instance:org.opengis.cite.ogcapiconnectedsystems10.conformance.part2.datastream.Part2DatastreamTests@18d2acab]" started-at="2026-05-22T20:30:44Z" name="observationsCanonicalEndpointReadable" description="OGC-23-002 http://www.opengis.net/spec/ogcapi-connectedsystems-2/1.0/req/datastream/obs-canonical-endpoint: /observations canonical endpoint is readable using the Observation resources endpoint test (REQ-ETS-PART2-002, SCENARIO-ETS-PART2-002-OBSERVATION-ENDPOINTS-READONLY-001)" groups="part2datastream" depends-on-groups="core, common" finished-at="2026-05-22T20:30:44Z" duration-ms="150" status="FAIL">
          <exception class="java.lang.AssertionError">
            <message>
              http://www.opengis.net/spec/ogcapi-connectedsystems-2/1.0/req/datastream/obs-canonical-endpoint — expected HTTP 200, got 500
            </message>
          </exception> <!-- java.lang.AssertionError -->
          <reporter-output>
          </reporter-output>
        </test-method> <!-- observationsCanonicalEndpointReadable -->
        <test-method signature="observationsReferenceSelectedDatastreamWhenNestedCollectionPopulated()[pri:0, instance:org.opengis.cite.ogcapiconnectedsystems10.conformance.part2.datastream.Part2DatastreamTests@18d2acab]" started-at="2026-05-22T20:30:44Z" name="observationsReferenceSelectedDatastreamWhenNestedCollectionPopulated" description="OGC-23-002 http://www.opengis.net/spec/ogcapi-connectedsystems-2/1.0/req/datastream/obs-ref-from-datastream: Datastream-scoped Observation resources provide reference evidence when populated (REQ-ETS-PART2-002, SCENARIO-ETS-PART2-002-OBSERVATION-REFERENCE-EVIDENCE-001)" groups="part2datastream" depends-on-groups="core, common" finished-at="2026-05-22T20:30:44Z" duration-ms="0" status="SKIP">
          <exception class="org.testng.SkipException">
            <message>
              http://www.opengis.net/spec/ogcapi-connectedsystems-2/1.0/req/datastream/resources-endpoint - /datastreams returned an empty collection; no Datastream item is available for canonical read-only checks.
            </message>
          </exception> <!-- org.testng.SkipException -->
          <reporter-output>
          </reporter-output>
        </test-method> <!-- observationsReferenceSelectedDatastreamWhenNestedCollectionPopulated -->
        <test-method signature="systemScopedDatastreamsReadableWhenSystemReferencePresent()[pri:0, instance:org.opengis.cite.ogcapiconnectedsystems10.conformance.part2.datastream.Part2DatastreamTests@18d2acab]" started-at="2026-05-22T20:30:44Z" name="systemScopedDatastreamsReadableWhenSystemReferencePresent" description="OGC-23-002 http://www.opengis.net/spec/ogcapi-connectedsystems-2/1.0/req/datastream/ref-from-system: selected Datastream's parent System exposes a Datastream sub-resource collection (REQ-ETS-PART2-002, SCENARIO-ETS-PART2-002-SYSTEM-REFERENCE-READONLY-001)" groups="part2datastream" depends-on-groups="core, common" finished-at="2026-05-22T20:30:44Z" duration-ms="0" status="SKIP">
          <exception class="org.testng.SkipException">
            <message>
              http://www.opengis.net/spec/ogcapi-connectedsystems-2/1.0/req/datastream/resources-endpoint - /datastreams returned an empty collection; no Datastream item is available for canonical read-only checks.
            </message>
          </exception> <!-- org.testng.SkipException -->
          <reporter-output>
          </reporter-output>
        </test-method> <!-- systemScopedDatastreamsReadableWhenSystemReferencePresent -->
      </class> <!-- org.opengis.cite.ogcapiconnectedsystems10.conformance.part2.datastream.Part2DatastreamTests -->
      <class name="org.opengis.cite.ogcapiconnectedsystems10.conformance.common.CommonTests">
        <test-method is-config="true" signature="fetchCommonResources(org.testng.ITestContext)[pri:0, instance:org.opengis.cite.ogcapiconnectedsystems10.conformance.common.CommonTests@362d9e4c]" started-at="2026-05-22T20:30:42Z" name="fetchCommonResources" finished-at="2026-05-22T20:30:42Z" duration-ms="615" status="PASS">
          <params>
            <param index="0">
              <value>
                org.testng.TestRunner@5a071416
              </value>
            </param>
          </params>
          <reporter-output>
          </reporter-output>
        </test-method> <!-- fetchCommonResources -->
        <test-method signature="commonCollectionsEndpointReturnsCollectionsArray()[pri:0, instance:org.opengis.cite.ogcapiconnectedsystems10.conformance.common.CommonTests@362d9e4c]" started-at="2026-05-22T20:30:42Z" name="commonCollectionsEndpointReturnsCollectionsArray" description="OGC-20-024 http://www.opengis.net/spec/ogcapi-common-2/0.0/req/collections/collections-list-success: /collections returns 200 with collections array (REQ-ETS-PART1-001, SCENARIO-ETS-PART1-001-COMMON-COLLECTIONS-001)" groups="common" finished-at="2026-05-22T20:30:42Z" duration-ms="1" status="PASS">
          <reporter-output>
          </reporter-output>
        </test-method> <!-- commonCollectionsEndpointReturnsCollectionsArray -->
        <test-method signature="commonConformanceDeclaresCommonCore()[pri:0, instance:org.opengis.cite.ogcapiconnectedsystems10.conformance.common.CommonTests@362d9e4c]" started-at="2026-05-22T20:30:42Z" name="commonConformanceDeclaresCommonCore" description="OGC-19-072 http://www.opengis.net/spec/ogcapi-common-1/1.0/req/landing-page/conformance-success: /conformance conformsTo declares OGC API Common Part 1 Core (REQ-ETS-PART1-001, SCENARIO-ETS-PART1-001-COMMON-CONFORMANCE-001)" groups="common" finished-at="2026-05-22T20:30:42Z" duration-ms="0" status="PASS">
          <reporter-output>
          </reporter-output>
        </test-method> <!-- commonConformanceDeclaresCommonCore -->
        <test-method signature="commonContentNegotiationHonoursFJsonParameter()[pri:0, instance:org.opengis.cite.ogcapiconnectedsystems10.conformance.common.CommonTests@362d9e4c]" started-at="2026-05-22T20:30:42Z" name="commonContentNegotiationHonoursFJsonParameter" description="OGC-19-072 http://www.opengis.net/spec/ogcapi-common-1/1.0/req/json/content: GET /?f=json returns JSON (REQ-ETS-PART1-001, SCENARIO-ETS-PART1-001-COMMON-CONTENT-NEGOTIATION-001)" groups="common" finished-at="2026-05-22T20:30:42Z" duration-ms="0" status="PASS">
          <reporter-output>
          </reporter-output>
        </test-method> <!-- commonContentNegotiationHonoursFJsonParameter -->
        <test-method signature="commonLandingPageConformanceLinkHasJsonType()[pri:0, instance:org.opengis.cite.ogcapiconnectedsystems10.conformance.common.CommonTests@362d9e4c]" started-at="2026-05-22T20:30:42Z" name="commonLandingPageConformanceLinkHasJsonType" description="OGC-19-072 http://www.opengis.net/spec/ogcapi-common-1/1.0/req/json/definition: landing-page rel=conformance link has type attribute identifying JSON (REQ-ETS-PART1-001, SCENARIO-ETS-PART1-001-COMMON-LANDING-001)" groups="common" finished-at="2026-05-22T20:30:42Z" duration-ms="0" status="PASS">
          <reporter-output>
          </reporter-output>
        </test-method> <!-- commonLandingPageConformanceLinkHasJsonType -->
      </class> <!-- org.opengis.cite.ogcapiconnectedsystems10.conformance.common.CommonTests -->
    </test> <!-- Conformance Classes - Core + SystemFeatures + Common + Subsystems + Procedures + Deployments + SamplingFeatures + PropertyDefinitions + Subdeployments + GeoJSON + SensorML + AdvancedFiltering + CreateReplaceDelete + Update + Part2ApiCommon + Part2Datastream + Part2ControlStream + Part2Feasibility + Part2SystemEvent + Part2AdvancedFiltering + Part2CreateReplaceDelete + Part2Update (OGC 23-001 /conf/core, /conf/system, /conf/subsystem, /conf/procedure, /conf/deployment, /conf/sf, /conf/property, /conf/subdeployment, /conf/geojson, /conf/sensorml, /conf/advanced-filtering, /conf/create-replace-delete, /conf/update; OGC 23-002 /conf/api-common, /conf/datastream, /conf/controlstream, /conf/feasibility, /conf/system-event, /conf/advanced-filtering, /conf/create-replace-delete, /conf/update; OGC 19-072 /conf/common) -->
  </suite> <!-- ogcapi-connectedsystems10-0.1-SNAPSHOT -->
</testng-results>